1688798419,19,【原画】 02.mkv,https://cn-beijing-data.aliyundrive.net/demakbPe%2F665641%2F6074419fd5ddd64edf2e4043918bb3e4b072a2dc%2F6074419f1932100266e44b49b9a4595bf30b1f30?di=bj29&dr=87242051&f=62942d93c19709abfd9b43dbb38c372ea2907536&response-content-disposition=attachment%3B%20filename%2A%3DUTF-8%27%2702.mkv&security-token=CAIS%2BgF1q6Ft5B2yfSjIr5bXCuPRqLIU%2BqG7UETI0HohROBoiK7xkDz2IHFPeHJrBeAYt%2FoxmW1X5vwSlq5rR4QAXlDfNQ%2B0KSesqFHPWZHInuDox55m4cTXNAr%2BIhr%2F29CoEIedZdjBe%2FCrRknZnytou9XTfimjWFrXWv%2Fgy%2BQQDLItUxK%2FcCBNCfpPOwJms7V6D3bKMuu3OROY6Qi5TmgQ41Uh1jgjtPzkkpfFtkGF1GeXkLFF%2B97DRbG%2FdNRpMZtFVNO44fd7bKKp0lQLukMWr%2Fwq3PIdp2ma447NWQlLnzyCMvvJ9OVDFyN0aKEnH7J%2Bq%2FzxhTPrMnpkSlacGoABSrG77lIK4WE35%2BV8t8n%2FQYnXWZ0B09EEMKF21tzj2fh3x4rV5AmNPjsGOkD3V%2BPSSafna%2F94qSqbfpUhuwyMDfvvwgBF3F0QhuM%2Fhe4I0BiW5OkYC4WqiH4%2BdNFtdMoAsI2l%2BKw424JZ0FuCILQTIeu65BFpGWuNWo3cd8nEgGs%3D&u=6f09fff83e2e41c69a846f1a43fb606f&x-oss-access-key-id=STS.NUbAYeEm5McPRby4ztHoDgkZr&x-oss-expires=1688913617&x-oss-signature=00v9HwpQ6cE6VT8GgtdjBbM%2BpE%2FmY3Q8jwdrHytrTfU%3D&x-oss-signature-version=OSS2,1101
1688798458,13,www.lggzs.com,E:\迅雷下载\Anime\08.mkv,56
1688798584,13,www.lggzs.com,E:\迅雷下载\Anime\07.mkv,56
1688798622,13,www.lggzs.com,E:\迅雷下载\Anime\11.mkv,56
1688798664,13,www.lggzs.com,E:\迅雷下载\Anime\12.mkv,56
1688799321,13,www.lggzs.com,E:\迅雷下载\Anime\16.mkv,56
1688799397,13,www.lggzs.com,E:\迅雷下载\Anime\18.mkv,56
1688799455,,,E:\迅雷下载\Anime\[SAIO-Raws] Nisemonogatari 02 [BD 1920x1080 HEVC-10bit OPUSx2 ASSx4].mkv,107
1688799464,13,www.lggzs.com,E:\迅雷下载\Anime\14.mkv,56
1688799506,,,E:\迅雷下载\Anime\[SAIO-Raws] Nisemonogatari 02 [BD 1920x1080 HEVC-10bit OPUSx2 ASSx4].mkv,107
1688799600,,,F:\[SAIO-Raws] Monogatari Series [BD 1920x1080 HEVC-10bit OPUSx2]\S 赛博朋克：边缘跑手 hdr(10集全) (高码多字幕)\1080P HDR 网飞 内封字幕\Cyberpunk.Edgerunners.S01E09.Humanity.1080p.NF.WEB-DL.DUAL.DDP5.1.HDR.H265-SMURF.mkv,255
1688799660,,,F:\[SAIO-Raws] Monogatari Series [BD 1920x1080 HEVC-10bit OPUSx2]\S 赛博朋克：边缘跑手 hdr(10集全) (高码多字幕)\1080P HDR 网飞 内封字幕\Cyberpunk.Edgerunners.S01E09.Humanity.1080p.NF.WEB-DL.DUAL.DDP5.1.HDR.H265-SMURF.mkv,255
1688799824,,,F:\[SAIO-Raws] Monogatari Series [BD 1920x1080 HEVC-10bit OPUSx2]\S 赛博朋克：边缘跑手 hdr(10集全) (高码多字幕)\1080P HDR 网飞 内封字幕\Cyberpunk.Edgerunners.S01E09.Humanity.1080p.NF.WEB-DL.DUAL.DDP5.1.HDR.H265-SMURF.mkv,255
1688799878,,,F:\[SAIO-Raws] Monogatari Series [BD 1920x1080 HEVC-10bit OPUSx2]\S 赛博朋克：边缘跑手 hdr(10集全) (高码多字幕)\Cyberpunk.Edgerunners.S01E06.Girl.on.Fire.1080p.NF.WEB-DL.DUAL.DDP5.1.H264-SMURF.mkv,225
1688799943,,,F:\[SAIO-Raws] Monogatari Series [BD 1920x1080 HEVC-10bit OPUSx2]\S 赛博朋克：边缘跑手 hdr(10集全) (高码多字幕)\Cyberpunk.Edgerunners.S01E06.Girl.on.Fire.1080p.NF.WEB-DL.DUAL.DDP5.1.H264-SMURF.mkv,225
1688799968,,,F:\[SAIO-Raws] Monogatari Series [BD 1920x1080 HEVC-10bit OPUSx2]\S 赛博朋克：边缘跑手 hdr(10集全) (高码多字幕)\Cyberpunk.Edgerunners.S01E06.Girl.on.Fire.1080p.NF.WEB-DL.DUAL.DDP5.1.H264-SMURF.mkv,225
1688800055,,,F:\[SAIO-Raws] Monogatari Series [BD 1920x1080 HEVC-10bit OPUSx2]\S 赛博朋克：边缘跑手 hdr(10集全) (高码多字幕)\Cyberpunk.Edgerunners.S01E06.Girl.on.Fire.1080p.NF.WEB-DL.DUAL.DDP5.1.H264-SMURF.mkv,225
1688800062,,,F:\[SAIO-Raws] Monogatari Series [BD 1920x1080 HEVC-10bit OPUSx2]\S 赛博朋克：边缘跑手 hdr(10集全) (高码多字幕)\Cyberpunk.Edgerunners.S01E06.Girl.on.Fire.1080p.NF.WEB-DL.DUAL.DDP5.1.H264-SMURF.mkv,225
1688800076,,,F:\[SAIO-Raws] Monogatari Series [BD 1920x1080 HEVC-10bit OPUSx2]\S 赛博朋克：边缘跑手 hdr(10集全) (高码多字幕)\Cyberpunk.Edgerunners.S01E06.Girl.on.Fire.1080p.NF.WEB-DL.DUAL.DDP5.1.H264-SMURF.mkv,225
1688800090,,,F:\[SAIO-Raws] Monogatari Series [BD 1920x1080 HEVC-10bit OPUSx2]\亚特兰大 第一季 Atlanta Season 1 (2016)\S01E10.mp4,136
1688800234,,,F:\[SAIO-Raws] Monogatari Series [BD 1920x1080 HEVC-10bit OPUSx2]\亚特兰大 第一季 Atlanta Season 1 (2016)\S01E10.mp4,136
1688800267,,,F:\[SAIO-Raws] Monogatari Series [BD 1920x1080 HEVC-10bit OPUSx2]\亚特兰大 第一季 Atlanta Season 1 (2016)\S01E10.mp4,136
1688800485,,,F:\[SAIO-Raws] Monogatari Series [BD 1920x1080 HEVC-10bit OPUSx2]\亚特兰大 第一季 Atlanta Season 1 (2016)\S01E10.mp4,136
1688800615,,,F:\[SAIO-Raws] Monogatari Series [BD 1920x1080 HEVC-10bit OPUSx2]\亚特兰大 第一季 Atlanta Season 1 (2016)\S01E10.mp4,136
1688800648,,,F:\[SAIO-Raws] Monogatari Series [BD 1920x1080 HEVC-10bit OPUSx2]\亚特兰大 第一季 Atlanta Season 1 (2016)\S01E10.mp4,136
1688800749,,,F:\[SAIO-Raws] Monogatari Series [BD 1920x1080 HEVC-10bit OPUSx2]\亚特兰大 第一季 Atlanta Season 1 (2016)\S01E10.mp4,136
1688800767,,,F:\[SAIO-Raws] Monogatari Series [BD 1920x1080 HEVC-10bit OPUSx2]\亚特兰大 第一季 Atlanta Season 1 (2016)\S01E10.mp4,136
1688800957,19,【原画】 06.mp4,https://cn-beijing-data.aliyundrive.net/K1F85nLF%2F951346711%2F644d0b49de3255bb89724f978f8013d148fd7cd0%2F644d0b49b06afcf04e8443c9a7af05a3ebe8dd7f?di=bj29&dr=87242051&f=6472c75aadd019386cbf4696b6f71ee7477dffb3&response-content-disposition=attachment%3B%20filename%2A%3DUTF-8%27%2706.mp4&security-token=CAIS%2BgF1q6Ft5B2yfSjIr5Dac9LC2olv4LujWh%2FApTQGZ%2BhDqbXI2zz2IHFPeHJrBeAYt%2FoxmW1X5vwSlq5rR4QAXlDfNVmzKSesqFHPWZHInuDox55m4cTXNAr%2BIhr%2F29CoEIedZdjBe%2FCrRknZnytou9XTfimjWFrXWv%2Fgy%2BQQDLItUxK%2FcCBNCfpPOwJms7V6D3bKMuu3OROY6Qi5TmgQ41Uh1jgjtPzkkpfFtkGF1GeXkLFF%2B97DRbG%2FdNRpMZtFVNO44fd7bKKp0lQLukMWr%2Fwq3PIdp2ma447NWQlLnzyCMvvJ9OVDFyN0aKEnH7J%2Bq%2FzxhTPrMnpkSlacGoABSaWJOTZg5Le3jLwlYyIrn3ZnWWj1gArKIaU4caqC0jxm23INzUrgyOTYVm9r02qYvcUVoHS8tiQduuxleHYnq5PoqEeSmUyjAbUFkz08RVc4ePcIMcs6V9QGdX2Fx9PkxNmU6tTohPw4JS1fvFD%2BsGm%2FFdhEVoDDVSc24ESKQa0%3D&u=6f09fff83e2e41c69a846f1a43fb606f&x-oss-access-key-id=STS.NSo8hv7VNWyHX9qA4SkgoFpc9&x-oss-expires=1688916154&x-oss-signature=HywmfrDGD2qv0vwuh5QJ6GAIBi7MvgOeSbx0Qq9ByW4%3D&x-oss-signature-version=OSS2,1090
1688801360,,,F:\[SAIO-Raws] Monogatari Series [BD 1920x1080 HEVC-10bit OPUSx2]\亚特兰大 第一季 Atlanta Season 1 (2016)\S01E10.mp4,136
1688809738,,,F:\[SAIO-Raws] Monogatari Series [BD 1920x1080 HEVC-10bit OPUSx2]\亚特兰大 第一季 Atlanta Season 1 (2016)\S01E10.mp4,136
1688809766,,,F:\[SAIO-Raws] Monogatari Series [BD 1920x1080 HEVC-10bit OPUSx2]\S 赛博朋克：边缘跑手 hdr(10集全) (高码多字幕)\1080P HDR 网飞 内封字幕\Cyberpunk.Edgerunners.S01E09.Humanity.1080p.NF.WEB-DL.DUAL.DDP5.1.HDR.H265-SMURF.mkv,255
1688809934,,,F:\[SAIO-Raws] Monogatari Series [BD 1920x1080 HEVC-10bit OPUSx2]\S 赛博朋克：边缘跑手 hdr(10集全) (高码多字幕)\1080P HDR 网飞 内封字幕\Cyberpunk.Edgerunners.S01E09.Humanity.1080p.NF.WEB-DL.DUAL.DDP5.1.HDR.H265-SMURF.mkv,255
1688809963,,,F:\[SAIO-Raws] Monogatari Series [BD 1920x1080 HEVC-10bit OPUSx2]\S 赛博朋克：边缘跑手 hdr(10集全) (高码多字幕)\1080P HDR 网飞 内封字幕\Cyberpunk.Edgerunners.S01E09.Humanity.1080p.NF.WEB-DL.DUAL.DDP5.1.HDR.H265-SMURF.mkv,255
1688809981,,,F:\[SAIO-Raws] Monogatari Series [BD 1920x1080 HEVC-10bit OPUSx2]\S 赛博朋克：边缘跑手 hdr(10集全) (高码多字幕)\1080P HDR 网飞 内封字幕\Cyberpunk.Edgerunners.S01E09.Humanity.1080p.NF.WEB-DL.DUAL.DDP5.1.HDR.H265-SMURF.mkv,255
1688809995,,,F:\[SAIO-Raws] Monogatari Series [BD 1920x1080 HEVC-10bit OPUSx2]\S 赛博朋克：边缘跑手 hdr(10集全) (高码多字幕)\1080P HDR 网飞 内封字幕\Cyberpunk.Edgerunners.S01E09.Humanity.1080p.NF.WEB-DL.DUAL.DDP5.1.HDR.H265-SMURF.mkv,255
1688810172,,,F:\[SAIO-Raws] Monogatari Series [BD 1920x1080 HEVC-10bit OPUSx2]\S 赛博朋克：边缘跑手 hdr(10集全) (高码多字幕)\1080P HDR 网飞 内封字幕\Cyberpunk.Edgerunners.S01E09.Humanity.1080p.NF.WEB-DL.DUAL.DDP5.1.HDR.H265-SMURF.mkv,255
1688810187,,,F:\[SAIO-Raws] Monogatari Series [BD 1920x1080 HEVC-10bit OPUSx2]\S 赛博朋克：边缘跑手 hdr(10集全) (高码多字幕)\1080P HDR 网飞 内封字幕\Cyberpunk.Edgerunners.S01E09.Humanity.1080p.NF.WEB-DL.DUAL.DDP5.1.HDR.H265-SMURF.mkv,255
1688810199,,,F:\[SAIO-Raws] Monogatari Series [BD 1920x1080 HEVC-10bit OPUSx2]\S 赛博朋克：边缘跑手 hdr(10集全) (高码多字幕)\1080P HDR 网飞 内封字幕\Cyberpunk.Edgerunners.S01E09.Humanity.1080p.NF.WEB-DL.DUAL.DDP5.1.HDR.H265-SMURF.mkv,255
1688810208,,,F:\[SAIO-Raws] Monogatari Series [BD 1920x1080 HEVC-10bit OPUSx2]\S 赛博朋克：边缘跑手 hdr(10集全) (高码多字幕)\1080P HDR 网飞 内封字幕\Cyberpunk.Edgerunners.S01E09.Humanity.1080p.NF.WEB-DL.DUAL.DDP5.1.HDR.H265-SMURF.mkv,255
1688810224,,,F:\[SAIO-Raws] Monogatari Series [BD 1920x1080 HEVC-10bit OPUSx2]\S 赛博朋克：边缘跑手 hdr(10集全) (高码多字幕)\1080P HDR 网飞 内封字幕\Cyberpunk.Edgerunners.S01E09.Humanity.1080p.NF.WEB-DL.DUAL.DDP5.1.HDR.H265-SMURF.mkv,255
1688810684,,,F:\[SAIO-Raws] Monogatari Series [BD 1920x1080 HEVC-10bit OPUSx2]\S 赛博朋克：边缘跑手 hdr(10集全) (高码多字幕)\1080P HDR 网飞 内封字幕\Cyberpunk.Edgerunners.S01E09.Humanity.1080p.NF.WEB-DL.DUAL.DDP5.1.HDR.H265-SMURF.mkv,255
1688810993,,,F:\[SAIO-Raws] Monogatari Series [BD 1920x1080 HEVC-10bit OPUSx2]\S 赛博朋克：边缘跑手 hdr(10集全) (高码多字幕)\1080P HDR 网飞 内封字幕\Cyberpunk.Edgerunners.S01E09.Humanity.1080p.NF.WEB-DL.DUAL.DDP5.1.HDR.H265-SMURF.mkv,255
1688811128,,,F:\[SAIO-Raws] Monogatari Series [BD 1920x1080 HEVC-10bit OPUSx2]\S 赛博朋克：边缘跑手 hdr(10集全) (高码多字幕)\1080P HDR 网飞 内封字幕\Cyberpunk.Edgerunners.S01E09.Humanity.1080p.NF.WEB-DL.DUAL.DDP5.1.HDR.H265-SMURF.mkv,255
1688811322,,,F:\[SAIO-Raws] Monogatari Series [BD 1920x1080 HEVC-10bit OPUSx2]\S 赛博朋克：边缘跑手 hdr(10集全) (高码多字幕)\1080P HDR 网飞 内封字幕\Cyberpunk.Edgerunners.S01E09.Humanity.1080p.NF.WEB-DL.DUAL.DDP5.1.HDR.H265-SMURF.mkv,255
1688811331,,,F:\[SAIO-Raws] Monogatari Series [BD 1920x1080 HEVC-10bit OPUSx2]\S 赛博朋克：边缘跑手 hdr(10集全) (高码多字幕)\1080P HDR 网飞 内封字幕\Cyberpunk.Edgerunners.S01E09.Humanity.1080p.NF.WEB-DL.DUAL.DDP5.1.HDR.H265-SMURF.mkv,255
1688811359,,,F:\[SAIO-Raws] Monogatari Series [BD 1920x1080 HEVC-10bit OPUSx2]\S 赛博朋克：边缘跑手 hdr(10集全) (高码多字幕)\1080P HDR 网飞 内封字幕\Cyberpunk.Edgerunners.S01E09.Humanity.1080p.NF.WEB-DL.DUAL.DDP5.1.HDR.H265-SMURF.mkv,255
1688811545,,,F:\[SAIO-Raws] Monogatari Series [BD 1920x1080 HEVC-10bit OPUSx2]\亚特兰大 第一季 Atlanta Season 1 (2016)\S01E10.mp4,136
1688811660,,,F:\[SAIO-Raws] Monogatari Series [BD 1920x1080 HEVC-10bit OPUSx2]\亚特兰大 第一季 Atlanta Season 1 (2016)\S01E10.mp4,136
1688811730,,,F:\[SAIO-Raws] Monogatari Series [BD 1920x1080 HEVC-10bit OPUSx2]\亚特兰大 第一季 Atlanta Season 1 (2016)\S01E10.mp4,136
1688811872,,,F:\[SAIO-Raws] Monogatari Series [BD 1920x1080 HEVC-10bit OPUSx2]\亚特兰大 第一季 Atlanta Season 1 (2016)\S01E10.mp4,136
1688811896,,,F:\[SAIO-Raws] Monogatari Series [BD 1920x1080 HEVC-10bit OPUSx2]\M 弥留之国的爱丽丝 1-2季全\弥留之国的爱丽丝 第一季（2020）4K\1080P\弥留之国的爱丽丝.今際の国のアリス シーズン.2020.S01E06.1080p.H264-MapoTofu.mp4,267
1688812533,,,F:\[SAIO-Raws] Monogatari Series [BD 1920x1080 HEVC-10bit OPUSx2]\P 破事精英2\08.mp4,101
1688812610,,,F:\[SAIO-Raws] Monogatari Series [BD 1920x1080 HEVC-10bit OPUSx2]\P 破事精英2\08.mp4,101
1688812796,,,F:\[SAIO-Raws] Monogatari Series [BD 1920x1080 HEVC-10bit OPUSx2]\P 破事精英2\08.mp4,101
1688812845,,,F:\[SAIO-Raws] Monogatari Series [BD 1920x1080 HEVC-10bit OPUSx2]\P 破事精英2\08.mp4,101
1688812900,,,F:\[SAIO-Raws] Monogatari Series [BD 1920x1080 HEVC-10bit OPUSx2]\P 破事精英2\08.mp4,101
1688813203,,,F:\[SAIO-Raws] Monogatari Series [BD 1920x1080 HEVC-10bit OPUSx2]\P 破事精英2\08.mp4,101
1688813251,,,F:\[SAIO-Raws] Monogatari Series [BD 1920x1080 HEVC-10bit OPUSx2]\P 破事精英2\08.mp4,101
1688815172,,,F:\[SAIO-Raws] Monogatari Series [BD 1920x1080 HEVC-10bit OPUSx2]\P 破事精英2\08.mp4,101
1688815210,,,F:\[SAIO-Raws] Monogatari Series [BD 1920x1080 HEVC-10bit OPUSx2]\P 破事精英2\08.mp4,101
1688815237,,,F:\[SAIO-Raws] Monogatari Series [BD 1920x1080 HEVC-10bit OPUSx2]\P 破事精英2\08.mp4,101
1688815289,,,F:\[SAIO-Raws] Monogatari Series [BD 1920x1080 HEVC-10bit OPUSx2]\P 破事精英2\08.mp4,101
1688815728,,,F:\[SAIO-Raws] Monogatari Series [BD 1920x1080 HEVC-10bit OPUSx2]\P 破事精英2\08.mp4,101
1688815756,,,F:\[SAIO-Raws] Monogatari Series [BD 1920x1080 HEVC-10bit OPUSx2]\P 破事精英2\08.mp4,101
1688815787,,,F:\[SAIO-Raws] Monogatari Series [BD 1920x1080 HEVC-10bit OPUSx2]\P 破事精英2\08.mp4,101
1688815820,,,F:\[SAIO-Raws] Monogatari Series [BD 1920x1080 HEVC-10bit OPUSx2]\P 破事精英2\08.mp4,101
1688815845,,,F:\[SAIO-Raws] Monogatari Series [BD 1920x1080 HEVC-10bit OPUSx2]\P 破事精英2\08.mp4,101
1688815919,,,F:\[SAIO-Raws] Monogatari Series [BD 1920x1080 HEVC-10bit OPUSx2]\P 破事精英2\08.mp4,101
1688815947,,,F:\[SAIO-Raws] Monogatari Series [BD 1920x1080 HEVC-10bit OPUSx2]\P 破事精英2\08.mp4,101
1688815965,,,F:\[SAIO-Raws] Monogatari Series [BD 1920x1080 HEVC-10bit OPUSx2]\P 破事精英2\08.mp4,101
1688816006,,,F:\[SAIO-Raws] Monogatari Series [BD 1920x1080 HEVC-10bit OPUSx2]\P 破事精英2\08.mp4,101
1688816040,,,F:\[SAIO-Raws] Monogatari Series [BD 1920x1080 HEVC-10bit OPUSx2]\P 破事精英2\08.mp4,101
1688816072,,,F:\[SAIO-Raws] Monogatari Series [BD 1920x1080 HEVC-10bit OPUSx2]\P 破事精英2\08.mp4,101
1688816124,,,F:\[SAIO-Raws] Monogatari Series [BD 1920x1080 HEVC-10bit OPUSx2]\P 破事精英2\08.mp4,101
1688816149,,,F:\[SAIO-Raws] Monogatari Series [BD 1920x1080 HEVC-10bit OPUSx2]\P 破事精英2\08.mp4,101
1688816371,,,F:\[SAIO-Raws] Monogatari Series [BD 1920x1080 HEVC-10bit OPUSx2]\P 破事精英2\08.mp4,101
1688816390,,,F:\[SAIO-Raws] Monogatari Series [BD 1920x1080 HEVC-10bit OPUSx2]\02.伪物语\[SAIO-Raws] Nisemonogatari 02 [BD 1920x1080 HEVC-10bit OPUSx2 ASSx4].mkv,164
1688816470,,,F:\[SAIO-Raws] Monogatari Series [BD 1920x1080 HEVC-10bit OPUSx2]\02.伪物语\[SAIO-Raws] Nisemonogatari 02 [BD 1920x1080 HEVC-10bit OPUSx2 ASSx4].mkv,164
1688816530,,,F:\[SAIO-Raws] Monogatari Series [BD 1920x1080 HEVC-10bit OPUSx2]\02.伪物语\[SAIO-Raws] Nisemonogatari 02 [BD 1920x1080 HEVC-10bit OPUSx2 ASSx4].mkv,164
1688817218,,,F:\[SAIO-Raws] Monogatari Series [BD 1920x1080 HEVC-10bit OPUSx2]\我推的孩子（已完结）\[Sakurato] Oshi no Ko [01][AVC-8bit 1080p AAC][CHS].mp4,165
1688817295,,,F:\[SAIO-Raws] Monogatari Series [BD 1920x1080 HEVC-10bit OPUSx2]\我推的孩子（已完结）\[Sakurato] Oshi no Ko [01][AVC-8bit 1080p AAC][CHS].mp4,165
1688819639,,,F:\[SAIO-Raws] Monogatari Series [BD 1920x1080 HEVC-10bit OPUSx2]\02.伪物语\[SAIO-Raws] Nisemonogatari 02 [BD 1920x1080 HEVC-10bit OPUSx2 ASSx4].mkv,164
1688819676,,,F:\[SAIO-Raws] Monogatari Series [BD 1920x1080 HEVC-10bit OPUSx2]\02.伪物语\[SAIO-Raws] Nisemonogatari 02 [BD 1920x1080 HEVC-10bit OPUSx2 ASSx4].mkv,164
1688819874,,,F:\[SAIO-Raws] Monogatari Series [BD 1920x1080 HEVC-10bit OPUSx2]\02.伪物语\[SAIO-Raws] Nisemonogatari 02 [BD 1920x1080 HEVC-10bit OPUSx2 ASSx4].mkv,164
1688819938,,,F:\[SAIO-Raws] Monogatari Series [BD 1920x1080 HEVC-10bit OPUSx2]\02.伪物语\[SAIO-Raws] Nisemonogatari 02 [BD 1920x1080 HEVC-10bit OPUSx2 ASSx4].mkv,164
1688820006,,,F:\[SAIO-Raws] Monogatari Series [BD 1920x1080 HEVC-10bit OPUSx2]\Friends(Uncut71G)\FriendsSeason01\[老友记].Friends.S01E02.The.One.With.The.Sonogram.At.The.End.mkv,180
1688820237,,,F:\[SAIO-Raws] Monogatari Series [BD 1920x1080 HEVC-10bit OPUSx2]\Friends(Uncut71G)\FriendsSeason01\[老友记].Friends.S01E02.The.One.With.The.Sonogram.At.The.End.mkv,180
1688820267,,,F:\[SAIO-Raws] Monogatari Series [BD 1920x1080 HEVC-10bit OPUSx2]\Friends(Uncut71G)\FriendsSeason01\[老友记].Friends.S01E02.The.One.With.The.Sonogram.At.The.End.mkv,180
1688820674,,,F:\[SAIO-Raws] Monogatari Series [BD 1920x1080 HEVC-10bit OPUSx2]\M 弥留之国的爱丽丝 1-2季全\弥留之国的爱丽丝 第一季（2020）4K\1080P\弥留之国的爱丽丝.今際の国のアリス シーズン.2020.S01E06.1080p.H264-MapoTofu.mp4,267
1688820779,,,F:\[SAIO-Raws] Monogatari Series [BD 1920x1080 HEVC-10bit OPUSx2]\M 弥留之国的爱丽丝 1-2季全\弥留之国的爱丽丝 第一季（2020）4K\1080P\弥留之国的爱丽丝.今際の国のアリス シーズン.2020.S01E06.1080p.H264-MapoTofu.mp4,267
1688820879,,,F:\[SAIO-Raws] Monogatari Series [BD 1920x1080 HEVC-10bit OPUSx2]\Friends(Uncut71G)\FriendsSeason01\[老友记].Friends.S01E02.The.One.With.The.Sonogram.At.The.End.mkv,180
1688820881,,,F:\[SAIO-Raws] Monogatari Series [BD 1920x1080 HEVC-10bit OPUSx2]\M 弥留之国的爱丽丝 1-2季全\弥留之国的爱丽丝 第一季（2020）4K\1080P\弥留之国的爱丽丝.今際の国のアリス シーズン.2020.S01E06.1080p.H264-MapoTofu.mp4,267
1688820924,,,F:\[SAIO-Raws] Monogatari Series [BD 1920x1080 HEVC-10bit OPUSx2]\02.伪物语\[SAIO-Raws] Nisemonogatari 02 [BD 1920x1080 HEVC-10bit OPUSx2 ASSx4].mkv,164
1688820927,,,F:\[SAIO-Raws] Monogatari Series [BD 1920x1080 HEVC-10bit OPUSx2]\S 赛博朋克：边缘跑手 hdr(10集全) (高码多字幕)\1080P HDR 网飞 内封字幕\Cyberpunk.Edgerunners.S01E09.Humanity.1080p.NF.WEB-DL.DUAL.DDP5.1.HDR.H265-SMURF.mkv,255
1688820943,,,F:\[SAIO-Raws] Monogatari Series [BD 1920x1080 HEVC-10bit OPUSx2]\亚特兰大 第一季 Atlanta Season 1 (2016)\S01E10.mp4,136
1688820949,,,F:\[SAIO-Raws] Monogatari Series [BD 1920x1080 HEVC-10bit OPUSx2]\Friends(Uncut71G)\FriendsSeason01\[老友记].Friends.S01E02.The.One.With.The.Sonogram.At.The.End.mkv,180
1688820959,,,E:\迅雷下载\Anime\[SAIO-Raws] Nisemonogatari 02 [BD 1920x1080 HEVC-10bit OPUSx2 ASSx4].mkv,107
1688820964,,,https://cn-beijing-data.aliyundrive.net/K1F85nLF%2F951346711%2F644d0b49de3255bb89724f978f8013d148fd7cd0%2F644d0b49b06afcf04e8443c9a7af05a3ebe8dd7f?di=bj29&dr=87242051&f=6472c75aadd019386cbf4696b6f71ee7477dffb3&response-content-disposition=attachment%3B%20filename%2A%3DUTF-8%27%2706.mp4&security-token=CAIS%2BgF1q6Ft5B2yfSjIr5Dac9LC2olv4LujWh%2FApTQGZ%2BhDqbXI2zz2IHFPeHJrBeAYt%2FoxmW1X5vwSlq5rR4QAXlDfNVmzKSesqFHPWZHInuDox55m4cTXNAr%2BIhr%2F29CoEIedZdjBe%2FCrRknZnytou9XTfimjWFrXWv%2Fgy%2BQQDLItUxK%2FcCBNCfpPOwJms7V6D3bKMuu3OROY6Qi5TmgQ41Uh1jgjtPzkkpfFtkGF1GeXkLFF%2B97DRbG%2FdNRpMZtFVNO44fd7bKKp0lQLukMWr%2Fwq3PIdp2ma447NWQlLnzyCMvvJ9OVDFyN0aKEnH7J%2Bq%2FzxhTPrMnpkSlacGoABSaWJOTZg5Le3jLwlYyIrn3ZnWWj1gArKIaU4caqC0jxm23INzUrgyOTYVm9r02qYvcUVoHS8tiQduuxleHYnq5PoqEeSmUyjAbUFkz08RVc4ePcIMcs6V9QGdX2Fx9PkxNmU6tTohPw4JS1fvFD%2BsGm%2FFdhEVoDDVSc24ESKQa0%3D&u=6f09fff83e2e41c69a846f1a43fb606f&x-oss-access-key-id=STS.NSo8hv7VNWyHX9qA4SkgoFpc9&x-oss-expires=1688916154&x-oss-signature=HywmfrDGD2qv0vwuh5QJ6GAIBi7MvgOeSbx0Qq9ByW4%3D&x-oss-signature-version=OSS2,1069
1688820971,13,www.lggzs.com,E:\迅雷下载\Anime\11.mkv,56
1688820977,,,F:\[SAIO-Raws] Monogatari Series [BD 1920x1080 HEVC-10bit OPUSx2]\02.伪物语\[SAIO-Raws] Nisemonogatari 02 [BD 1920x1080 HEVC-10bit OPUSx2 ASSx4].mkv,164
1688820980,,,F:\[SAIO-Raws] Monogatari Series [BD 1920x1080 HEVC-10bit OPUSx2]\P 破事精英2\08.mp4,101
1688822639,,,F:\[SAIO-Raws] Monogatari Series [BD 1920x1080 HEVC-10bit OPUSx2]\Friends(Uncut71G)\FriendsSeason01\[老友记].Friends.S01E02.The.One.With.The.Sonogram.At.The.End.mkv,180
1688868689,,,F:\Friends(Uncut71G)\FriendsSeason01\[老友记].Friends.S01E01.The.One.Where.Monica.Gets.A.New.Roommate.mkv,121
1688870395,,,F:\Friends(Uncut71G)\FriendsSeason01\[老友记].Friends.S01E01.The.One.Where.Monica.Gets.A.New.Roommate.mkv,121
1688870638,111,【原画】 [X战警2].X-Men.United.2003.BD.1080P.x265.10bit.DD5.1.英国双语.内封特效中英-FFansBD.mkv,https://cn-beijing-data.aliyundrive.net/EYGUK4vi%2F413500%2F605af54c0edbf77376304429990a155d1197b08f%2F605af54c744a8e012b6646f98890451f39a610a1?di=bj29&dr=87242051&f=64a979be428fbbe3579148bc8854b4e7c103e00b&response-content-disposition=attachment%3B%20filename%2A%3DUTF-8%27%27%255BX%25E6%2588%2598%25E8%25AD%25A62%255D.X-Men.United.2003.BD.1080P.x265.10bit.DD5.1.%25E8%258B%25B1%25E5%259B%25BD%25E5%258F%258C%25E8%25AF%25AD.%25E5%2586%2585%25E5%25B0%2581%25E7%2589%25B9%25E6%2595%2588%25E4%25B8%25AD%25E8%258B%25B1-FFansBD.mkv&security-token=CAIS%2BgF1q6Ft5B2yfSjIr5bDHdOBp6dF9rajcn%2FAi00HavVfn%2FPFmzz2IHFPeHJrBeAYt%2FoxmW1X5vwSlq5rR4QAXlDfNTekdgCsqFHPWZHInuDox55m4cTXNAr%2BIhr%2F29CoEIedZdjBe%2FCrRknZnytou9XTfimjWFrXWv%2Fgy%2BQQDLItUxK%2FcCBNCfpPOwJms7V6D3bKMuu3OROY6Qi5TmgQ41Uh1jgjtPzkkpfFtkGF1GeXkLFF%2B97DRbG%2FdNRpMZtFVNO44fd7bKKp0lQLukMWr%2Fwq3PIdp2ma447NWQlLnzyCMvvJ9OVDFyN0aKEnH7J%2Bq%2FzxhTPrMnpkSlacGoABnnUePtr5HS7CgCbVPI%2Fo8F5ilWjvnG3fR1aPku3NNheLZ5YPyGnavwaY%2Fn8uDXhMnCYgzrsXl8lrs%2F0OF45FccHwq89erfZQy2v1S5RsBcWlMT9sGN4Cfbt8Nn%2BzHYXs3%2FwbdwS7ytxhrXqLT4dqqI%2FqNOt0VIeLr0YBltbbzQs%3D&u=6f09fff83e2e41c69a846f1a43fb606f&x-oss-access-key-id=STS.NUvVi5JxdAtHpYqoMRfzsp6ny&x-oss-expires=1688985836&x-oss-signature=q33mTtuoSK9UoeErtSa6RGBopJ4uc1SKmo13WasFY4M%3D&x-oss-signature-version=OSS2,1432
1688870913,111,【原画】 [X战警2].X-Men.United.2003.BD.1080P.x265.10bit.DD5.1.英国双语.内封特效中英-FFansBD.mkv,https://cn-beijing-data.aliyundrive.net/EYGUK4vi%2F413500%2F605af54c0edbf77376304429990a155d1197b08f%2F605af54c744a8e012b6646f98890451f39a610a1?di=bj29&dr=87242051&f=64a979be428fbbe3579148bc8854b4e7c103e00b&response-content-disposition=attachment%3B%20filename%2A%3DUTF-8%27%27%255BX%25E6%2588%2598%25E8%25AD%25A62%255D.X-Men.United.2003.BD.1080P.x265.10bit.DD5.1.%25E8%258B%25B1%25E5%259B%25BD%25E5%258F%258C%25E8%25AF%25AD.%25E5%2586%2585%25E5%25B0%2581%25E7%2589%25B9%25E6%2595%2588%25E4%25B8%25AD%25E8%258B%25B1-FFansBD.mkv&security-token=CAIS%2BgF1q6Ft5B2yfSjIr5fjKYLQ2KoShLGOVHDlkjEfOuJd3bfy0Dz2IHFPeHJrBeAYt%2FoxmW1X5vwSlq5rR4QAXlDfNQ6JcAGsqFHPWZHInuDox55m4cTXNAr%2BIhr%2F29CoEIedZdjBe%2FCrRknZnytou9XTfimjWFrXWv%2Fgy%2BQQDLItUxK%2FcCBNCfpPOwJms7V6D3bKMuu3OROY6Qi5TmgQ41Uh1jgjtPzkkpfFtkGF1GeXkLFF%2B97DRbG%2FdNRpMZtFVNO44fd7bKKp0lQLukMWr%2Fwq3PIdp2ma447NWQlLnzyCMvvJ9OVDFyN0aKEnH7J%2Bq%2FzxhTPrMnpkSlacGoABMh%2BRYqe5h5S14xnjnLA8Gk%2BCU%2BGMJuX2Ir6VGBRsxsXpEjsLRdhFtcjaMpsqZmmUzMnj6dYJph0GG5a%2BBwgawdj6HnHD5lwLaPBfIlFlXCOmH%2FqWyhOXTsjJzKXFpYPFc544RvpUrShqUGdRVHNiDwr%2B8jRPUFTztiyMXlzpq60%3D&u=6f09fff83e2e41c69a846f1a43fb606f&x-oss-access-key-id=STS.NTVb8d5u33seVVTv1J6mq2rY2&x-oss-expires=1688986111&x-oss-signature=6QSEHZCm6qCkAqLaehgu6UitlU0pZ2IiLeYIDmr7nGo%3D&x-oss-signature-version=OSS2,1428
1688870981,111,【原画】 [X战警2].X-Men.United.2003.BD.1080P.x265.10bit.DD5.1.英国双语.内封特效中英-FFansBD.mkv,https://cn-beijing-data.aliyundrive.net/EYGUK4vi%2F413500%2F605af54c0edbf77376304429990a155d1197b08f%2F605af54c744a8e012b6646f98890451f39a610a1?di=bj29&dr=87242051&f=64a979be428fbbe3579148bc8854b4e7c103e00b&response-content-disposition=attachment%3B%20filename%2A%3DUTF-8%27%27%255BX%25E6%2588%2598%25E8%25AD%25A62%255D.X-Men.United.2003.BD.1080P.x265.10bit.DD5.1.%25E8%258B%25B1%25E5%259B%25BD%25E5%258F%258C%25E8%25AF%25AD.%25E5%2586%2585%25E5%25B0%2581%25E7%2589%25B9%25E6%2595%2588%25E4%25B8%25AD%25E8%258B%25B1-FFansBD.mkv&security-token=CAIS%2BgF1q6Ft5B2yfSjIr5fvfdHGr6ZLx6icahLEiTMUOeJH3bfcizz2IHFPeHJrBeAYt%2FoxmW1X5vwSlq5rR4QAXlDfNUvSXwGsqFHPWZHInuDox55m4cTXNAr%2BIhr%2F29CoEIedZdjBe%2FCrRknZnytou9XTfimjWFrXWv%2Fgy%2BQQDLItUxK%2FcCBNCfpPOwJms7V6D3bKMuu3OROY6Qi5TmgQ41Uh1jgjtPzkkpfFtkGF1GeXkLFF%2B97DRbG%2FdNRpMZtFVNO44fd7bKKp0lQLukMWr%2Fwq3PIdp2ma447NWQlLnzyCMvvJ9OVDFyN0aKEnH7J%2Bq%2FzxhTPrMnpkSlacGoABX2hoY2HxffwRgEGYNFaPuJXYqBuAiwvXRL6sZiC9kLKSVLpDuMy5QEcXvw7yQwK5SIneY5ir95mqv1lg5MYKy49rxc2afx9FwwLCC0APEV9xDMbvYRoAlELD4KTP92TTUGkLuY6m2A1qF8syovMXFJLfc99TgWCG5234R6iuloc%3D&u=6f09fff83e2e41c69a846f1a43fb606f&x-oss-access-key-id=STS.NTZ6krByjpjwh4um3A5mk2rwi&x-oss-expires=1688986179&x-oss-signature=x2UtOr7cfawjdGGwxKMjs7Lh4jqHFo%2BFsDd%2FVoaaUYs%3D&x-oss-signature-version=OSS2,1420
1688895808,132,【原画】 [X战警3.背水一战].X-Men.The.Last.Stand.2006.BD.1080P.x265.10bit.DD5.1.英国双语.内封特效中英-FFansBD.mkv,https://cn-beijing-data.aliyundrive.net/Es4hPH4R%2F413500%2F605af5500d73e6be391545faaebf37e3ae3c1186%2F605af5502f7d4347a2eb46e78d78b8eb1fdcb825?di=bj29&dr=87242051&f=64a979beaeb1de8495994538ac3f85ab3be5db86&response-content-disposition=attachment%3B%20filename%2A%3DUTF-8%27%27%255BX%25E6%2588%2598%25E8%25AD%25A63.%25E8%2583%258C%25E6%25B0%25B4%25E4%25B8%2580%25E6%2588%2598%255D.X-Men.The.Last.Stand.2006.BD.1080P.x265.10bit.DD5.1.%25E8%258B%25B1%25E5%259B%25BD%25E5%258F%258C%25E8%25AF%25AD.%25E5%2586%2585%25E5%25B0%2581%25E7%2589%25B9%25E6%2595%2588%25E4%25B8%25AD%25E8%258B%25B1-FFansBD.mkv&security-token=CAIS%2BgF1q6Ft5B2yfSjIr5b9GfT%2Fvbhv4LW9Nn%2FDimNjSPhnpbbusjz2IHFPeHJrBeAYt%2FoxmW1X5vwSlq5rR4QAXlDfNVTDRXarqFHPWZHInuDox55m4cTXNAr%2BIhr%2F29CoEIedZdjBe%2FCrRknZnytou9XTfimjWFrXWv%2Fgy%2BQQDLItUxK%2FcCBNCfpPOwJms7V6D3bKMuu3OROY6Qi5TmgQ41Uh1jgjtPzkkpfFtkGF1GeXkLFF%2B97DRbG%2FdNRpMZtFVNO44fd7bKKp0lQLukMWr%2Fwq3PIdp2ma447NWQlLnzyCMvvJ9OVDFyN0aKEnH7J%2Bq%2FzxhTPrMnpkSlacGoABh%2FtgO4mWVsf6p44X5v%2BpAO7e3QUfm32oPra%2F9oMAqwzOzrLSBctcBHIxlJ%2BWbpIc4ayBVfE6hdKRlOo0y8AZTMxRN0kqqq84wgsYm%2FuWmBBvuGQG0D9wyPAzTF5p5Xvlb%2BAfycZ7X7pxmkV%2BDrRlDKRPOB0c2UwaBgn07vjl1Hg%3D&u=6f09fff83e2e41c69a846f1a43fb606f&x-oss-access-key-id=STS.NUHRNKPgNWwV4Yrnc6DwKJsEP&x-oss-expires=1689011005&x-oss-signature=yGjT5IQcKwhfmOdcTMfr6cudHM8xsq6Km59RmeIB2RY%3D&x-oss-signature-version=OSS2,1524
1688895833,132,【原画】 [X战警3.背水一战].X-Men.The.Last.Stand.2006.BD.1080P.x265.10bit.DD5.1.英国双语.内封特效中英-FFansBD.mkv,https://cn-beijing-data.aliyundrive.net/Es4hPH4R%2F413500%2F605af5500d73e6be391545faaebf37e3ae3c1186%2F605af5502f7d4347a2eb46e78d78b8eb1fdcb825?di=bj29&dr=87242051&f=64a979beaeb1de8495994538ac3f85ab3be5db86&response-content-disposition=attachment%3B%20filename%2A%3DUTF-8%27%27%255BX%25E6%2588%2598%25E8%25AD%25A63.%25E8%2583%258C%25E6%25B0%25B4%25E4%25B8%2580%25E6%2588%2598%255D.X-Men.The.Last.Stand.2006.BD.1080P.x265.10bit.DD5.1.%25E8%258B%25B1%25E5%259B%25BD%25E5%258F%258C%25E8%25AF%25AD.%25E5%2586%2585%25E5%25B0%2581%25E7%2589%25B9%25E6%2595%2588%25E4%25B8%25AD%25E8%258B%25B1-FFansBD.mkv&security-token=CAIS%2BgF1q6Ft5B2yfSjIr5b9GfT%2Fvbhv4LW9Nn%2FDimNjSPhnpbbusjz2IHFPeHJrBeAYt%2FoxmW1X5vwSlq5rR4QAXlDfNVTDRXarqFHPWZHInuDox55m4cTXNAr%2BIhr%2F29CoEIedZdjBe%2FCrRknZnytou9XTfimjWFrXWv%2Fgy%2BQQDLItUxK%2FcCBNCfpPOwJms7V6D3bKMuu3OROY6Qi5TmgQ41Uh1jgjtPzkkpfFtkGF1GeXkLFF%2B97DRbG%2FdNRpMZtFVNO44fd7bKKp0lQLukMWr%2Fwq3PIdp2ma447NWQlLnzyCMvvJ9OVDFyN0aKEnH7J%2Bq%2FzxhTPrMnpkSlacGoABh%2FtgO4mWVsf6p44X5v%2BpAO7e3QUfm32oPra%2F9oMAqwzOzrLSBctcBHIxlJ%2BWbpIc4ayBVfE6hdKRlOo0y8AZTMxRN0kqqq84wgsYm%2FuWmBBvuGQG0D9wyPAzTF5p5Xvlb%2BAfycZ7X7pxmkV%2BDrRlDKRPOB0c2UwaBgn07vjl1Hg%3D&u=6f09fff83e2e41c69a846f1a43fb606f&x-oss-access-key-id=STS.NUHRNKPgNWwV4Yrnc6DwKJsEP&x-oss-expires=1689011005&x-oss-signature=yGjT5IQcKwhfmOdcTMfr6cudHM8xsq6Km59RmeIB2RY%3D&x-oss-signature-version=OSS2,1524
1688895858,132,【原画】 [X战警3.背水一战].X-Men.The.Last.Stand.2006.BD.1080P.x265.10bit.DD5.1.英国双语.内封特效中英-FFansBD.mkv,https://cn-beijing-data.aliyundrive.net/Es4hPH4R%2F413500%2F605af5500d73e6be391545faaebf37e3ae3c1186%2F605af5502f7d4347a2eb46e78d78b8eb1fdcb825?di=bj29&dr=87242051&f=64a979beaeb1de8495994538ac3f85ab3be5db86&response-content-disposition=attachment%3B%20filename%2A%3DUTF-8%27%27%255BX%25E6%2588%2598%25E8%25AD%25A63.%25E8%2583%258C%25E6%25B0%25B4%25E4%25B8%2580%25E6%2588%2598%255D.X-Men.The.Last.Stand.2006.BD.1080P.x265.10bit.DD5.1.%25E8%258B%25B1%25E5%259B%25BD%25E5%258F%258C%25E8%25AF%25AD.%25E5%2586%2585%25E5%25B0%2581%25E7%2589%25B9%25E6%2595%2588%25E4%25B8%25AD%25E8%258B%25B1-FFansBD.mkv&security-token=CAIS%2BgF1q6Ft5B2yfSjIr5b9GfT%2Fvbhv4LW9Nn%2FDimNjSPhnpbbusjz2IHFPeHJrBeAYt%2FoxmW1X5vwSlq5rR4QAXlDfNVTDRXarqFHPWZHInuDox55m4cTXNAr%2BIhr%2F29CoEIedZdjBe%2FCrRknZnytou9XTfimjWFrXWv%2Fgy%2BQQDLItUxK%2FcCBNCfpPOwJms7V6D3bKMuu3OROY6Qi5TmgQ41Uh1jgjtPzkkpfFtkGF1GeXkLFF%2B97DRbG%2FdNRpMZtFVNO44fd7bKKp0lQLukMWr%2Fwq3PIdp2ma447NWQlLnzyCMvvJ9OVDFyN0aKEnH7J%2Bq%2FzxhTPrMnpkSlacGoABh%2FtgO4mWVsf6p44X5v%2BpAO7e3QUfm32oPra%2F9oMAqwzOzrLSBctcBHIxlJ%2BWbpIc4ayBVfE6hdKRlOo0y8AZTMxRN0kqqq84wgsYm%2FuWmBBvuGQG0D9wyPAzTF5p5Xvlb%2BAfycZ7X7pxmkV%2BDrRlDKRPOB0c2UwaBgn07vjl1Hg%3D&u=6f09fff83e2e41c69a846f1a43fb606f&x-oss-access-key-id=STS.NUHRNKPgNWwV4Yrnc6DwKJsEP&x-oss-expires=1689011005&x-oss-signature=yGjT5IQcKwhfmOdcTMfr6cudHM8xsq6Km59RmeIB2RY%3D&x-oss-signature-version=OSS2,1524
1688895865,132,【原画】 [X战警3.背水一战].X-Men.The.Last.Stand.2006.BD.1080P.x265.10bit.DD5.1.英国双语.内封特效中英-FFansBD.mkv,https://cn-beijing-data.aliyundrive.net/Es4hPH4R%2F413500%2F605af5500d73e6be391545faaebf37e3ae3c1186%2F605af5502f7d4347a2eb46e78d78b8eb1fdcb825?di=bj29&dr=87242051&f=64a979beaeb1de8495994538ac3f85ab3be5db86&response-content-disposition=attachment%3B%20filename%2A%3DUTF-8%27%27%255BX%25E6%2588%2598%25E8%25AD%25A63.%25E8%2583%258C%25E6%25B0%25B4%25E4%25B8%2580%25E6%2588%2598%255D.X-Men.The.Last.Stand.2006.BD.1080P.x265.10bit.DD5.1.%25E8%258B%25B1%25E5%259B%25BD%25E5%258F%258C%25E8%25AF%25AD.%25E5%2586%2585%25E5%25B0%2581%25E7%2589%25B9%25E6%2595%2588%25E4%25B8%25AD%25E8%258B%25B1-FFansBD.mkv&security-token=CAIS%2BgF1q6Ft5B2yfSjIr5b9GfT%2Fvbhv4LW9Nn%2FDimNjSPhnpbbusjz2IHFPeHJrBeAYt%2FoxmW1X5vwSlq5rR4QAXlDfNVTDRXarqFHPWZHInuDox55m4cTXNAr%2BIhr%2F29CoEIedZdjBe%2FCrRknZnytou9XTfimjWFrXWv%2Fgy%2BQQDLItUxK%2FcCBNCfpPOwJms7V6D3bKMuu3OROY6Qi5TmgQ41Uh1jgjtPzkkpfFtkGF1GeXkLFF%2B97DRbG%2FdNRpMZtFVNO44fd7bKKp0lQLukMWr%2Fwq3PIdp2ma447NWQlLnzyCMvvJ9OVDFyN0aKEnH7J%2Bq%2FzxhTPrMnpkSlacGoABh%2FtgO4mWVsf6p44X5v%2BpAO7e3QUfm32oPra%2F9oMAqwzOzrLSBctcBHIxlJ%2BWbpIc4ayBVfE6hdKRlOo0y8AZTMxRN0kqqq84wgsYm%2FuWmBBvuGQG0D9wyPAzTF5p5Xvlb%2BAfycZ7X7pxmkV%2BDrRlDKRPOB0c2UwaBgn07vjl1Hg%3D&u=6f09fff83e2e41c69a846f1a43fb606f&x-oss-access-key-id=STS.NUHRNKPgNWwV4Yrnc6DwKJsEP&x-oss-expires=1689011005&x-oss-signature=yGjT5IQcKwhfmOdcTMfr6cudHM8xsq6Km59RmeIB2RY%3D&x-oss-signature-version=OSS2,1524
1688895869,132,【原画】 [X战警3.背水一战].X-Men.The.Last.Stand.2006.BD.1080P.x265.10bit.DD5.1.英国双语.内封特效中英-FFansBD.mkv,https://cn-beijing-data.aliyundrive.net/Es4hPH4R%2F413500%2F605af5500d73e6be391545faaebf37e3ae3c1186%2F605af5502f7d4347a2eb46e78d78b8eb1fdcb825?di=bj29&dr=87242051&f=64a979beaeb1de8495994538ac3f85ab3be5db86&response-content-disposition=attachment%3B%20filename%2A%3DUTF-8%27%27%255BX%25E6%2588%2598%25E8%25AD%25A63.%25E8%2583%258C%25E6%25B0%25B4%25E4%25B8%2580%25E6%2588%2598%255D.X-Men.The.Last.Stand.2006.BD.1080P.x265.10bit.DD5.1.%25E8%258B%25B1%25E5%259B%25BD%25E5%258F%258C%25E8%25AF%25AD.%25E5%2586%2585%25E5%25B0%2581%25E7%2589%25B9%25E6%2595%2588%25E4%25B8%25AD%25E8%258B%25B1-FFansBD.mkv&security-token=CAIS%2BgF1q6Ft5B2yfSjIr5b9GfT%2Fvbhv4LW9Nn%2FDimNjSPhnpbbusjz2IHFPeHJrBeAYt%2FoxmW1X5vwSlq5rR4QAXlDfNVTDRXarqFHPWZHInuDox55m4cTXNAr%2BIhr%2F29CoEIedZdjBe%2FCrRknZnytou9XTfimjWFrXWv%2Fgy%2BQQDLItUxK%2FcCBNCfpPOwJms7V6D3bKMuu3OROY6Qi5TmgQ41Uh1jgjtPzkkpfFtkGF1GeXkLFF%2B97DRbG%2FdNRpMZtFVNO44fd7bKKp0lQLukMWr%2Fwq3PIdp2ma447NWQlLnzyCMvvJ9OVDFyN0aKEnH7J%2Bq%2FzxhTPrMnpkSlacGoABh%2FtgO4mWVsf6p44X5v%2BpAO7e3QUfm32oPra%2F9oMAqwzOzrLSBctcBHIxlJ%2BWbpIc4ayBVfE6hdKRlOo0y8AZTMxRN0kqqq84wgsYm%2FuWmBBvuGQG0D9wyPAzTF5p5Xvlb%2BAfycZ7X7pxmkV%2BDrRlDKRPOB0c2UwaBgn07vjl1Hg%3D&u=6f09fff83e2e41c69a846f1a43fb606f&x-oss-access-key-id=STS.NUHRNKPgNWwV4Yrnc6DwKJsEP&x-oss-expires=1689011005&x-oss-signature=yGjT5IQcKwhfmOdcTMfr6cudHM8xsq6Km59RmeIB2RY%3D&x-oss-signature-version=OSS2,1524
1688958735,117,【原画】 [金刚狼].X-Men.Origins.Wolverine.2009.BD.1080P.x265.10bit.英国双语.内封特效中英-FFansBD.mkv,https://cn-beijing-data.aliyundrive.net/ncbxM7j9%2F413500%2F605af553047a1e12a17a46cbaa6b909581c67858%2F605af553efdf7473124e40bdb97c876490148cec?di=bj29&dr=87242051&f=64a979be6bd4624fc2dd414d8b1a09dd307dc9f0&response-content-disposition=attachment%3B%20filename%2A%3DUTF-8%27%27%255B%25E9%2587%2591%25E5%2588%259A%25E7%258B%25BC%255D.X-Men.Origins.Wolverine.2009.BD.1080P.x265.10bit.%25E8%258B%25B1%25E5%259B%25BD%25E5%258F%258C%25E8%25AF%25AD.%25E5%2586%2585%25E5%25B0%2581%25E7%2589%25B9%25E6%2595%2588%25E4%25B8%25AD%25E8%258B%25B1-FFansBD.mkv&security-token=CAIS%2BgF1q6Ft5B2yfSjIr5aCOuOMg5FE8aGPNxPnkzQMb%2BBnpL3jpTz2IHFPeHJrBeAYt%2FoxmW1X5vwSlq5rR4QAXlDfNWr%2FflqrqFHPWZHInuDox55m4cTXNAr%2BIhr%2F29CoEIedZdjBe%2FCrRknZnytou9XTfimjWFrXWv%2Fgy%2BQQDLItUxK%2FcCBNCfpPOwJms7V6D3bKMuu3OROY6Qi5TmgQ41Uh1jgjtPzkkpfFtkGF1GeXkLFF%2B97DRbG%2FdNRpMZtFVNO44fd7bKKp0lQLukMWr%2Fwq3PIdp2ma447NWQlLnzyCMvvJ9OVDFyN0aKEnH7J%2Bq%2FzxhTPrMnpkSlacGoABncDLJvFBPT%2FPgty3bQnDouZy2JYG9S2GAAa6B1XNbLEE8xLyiaAaeWvVbLTVCAVYkzu8nESJkpXIkKqvw5pWbs%2FaNEtEQUHNpDAlcspm3Uo2XnTGc7yZIibn4dK7hQJBNDK7I06pPnQ%2Fafz6kbTWjikKaa7QGMYLPpZxASoMjYY%3D&u=6f09fff83e2e41c69a846f1a43fb606f&x-oss-access-key-id=STS.NU7qY8nNeFcd55Vw4YcoKKxHG&x-oss-expires=1689073932&x-oss-signature=s6UbsDZtjLoXfeqW5FNsX7t1Oobz01fK3M%2F0Eu6LSAA%3D&x-oss-signature-version=OSS2,1452
1688961832,119,【原画】 [金刚狼2][加长版].The.Wolverine.2013.BD.1080P.x265.10bit.英国双语.内封特效中英-FFansBD.mkv,https://cn-beijing-data.aliyundrive.net/Znyx1FBR%2F413500%2F605af5556cddfc7b6f204436b6a562e2ee13265e%2F605af555a515980125c14b2990ca0bd0ecb7d3a1?di=bj29&dr=87242051&f=64a979bee848afa35d374dcc8ffa0d06fe8e2823&response-content-disposition=attachment%3B%20filename%2A%3DUTF-8%27%27%255B%25E9%2587%2591%25E5%2588%259A%25E7%258B%25BC2%255D%255B%25E5%258A%25A0%25E9%2595%25BF%25E7%2589%2588%255D.The.Wolverine.2013.BD.1080P.x265.10bit.%25E8%258B%25B1%25E5%259B%25BD%25E5%258F%258C%25E8%25AF%25AD.%25E5%2586%2585%25E5%25B0%2581%25E7%2589%25B9%25E6%2595%2588%25E4%25B8%25AD%25E8%258B%25B1-FFansBD.mkv&security-token=CAIS%2BgF1q6Ft5B2yfSjIr5DCAILdlLVL5bGvQGXalFUtONZ7harC1Dz2IHFPeHJrBeAYt%2FoxmW1X5vwSlq5rR4QAXlDfNRLHdVCrqFHPWZHInuDox55m4cTXNAr%2BIhr%2F29CoEIedZdjBe%2FCrRknZnytou9XTfimjWFrXWv%2Fgy%2BQQDLItUxK%2FcCBNCfpPOwJms7V6D3bKMuu3OROY6Qi5TmgQ41Uh1jgjtPzkkpfFtkGF1GeXkLFF%2B97DRbG%2FdNRpMZtFVNO44fd7bKKp0lQLukMWr%2Fwq3PIdp2ma447NWQlLnzyCMvvJ9OVDFyN0aKEnH7J%2Bq%2FzxhTPrMnpkSlacGoABR3O5T8t4KXxUfJSjTQkdcFBLBqINkkZM3YHWLTb1GaJ%2FMExtd63cfnxuBv5WA1XgJE92GYbLI%2FONRURX5Of8AB2l4AK%2FYFho02OawJ0wUPAFpx4vdrDF2PWtxOpJk4TnfqoQZhBYfjiVKySvrlqczzpfh%2FaFXeCAUltmNZKVp4Q%3D&u=6f09fff83e2e41c69a846f1a43fb606f&x-oss-access-key-id=STS.NSwK8iyjjRsDBCkpUx4YWjoi6&x-oss-expires=1689077031&x-oss-signature=TrjGHtkazn7VLKLNKyzCRKx1YmiUBpj4PXbpVsIDmwg%3D&x-oss-signature-version=OSS2,1496
1688961861,125,【原画】 [X战警.第一战].X-Men.First.Class.2011.BD.1080P.x265.10bit.DD5.1.英国双语.内封特效简英-FFansBD.mkv,https://cn-beijing-data.aliyundrive.net/kjKLAP4W%2F413500%2F605af558f4daad0e825f4d30af751878e5588124%2F605af558afed03faafc84f7282bed835d888ba44?di=bj29&dr=87242051&f=64a979be7845947ff3394c15948a48b97eee9f94&response-content-disposition=attachment%3B%20filename%2A%3DUTF-8%27%27%255BX%25E6%2588%2598%25E8%25AD%25A6.%25E7%25AC%25AC%25E4%25B8%2580%25E6%2588%2598%255D.X-Men.First.Class.2011.BD.1080P.x265.10bit.DD5.1.%25E8%258B%25B1%25E5%259B%25BD%25E5%258F%258C%25E8%25AF%25AD.%25E5%2586%2585%25E5%25B0%2581%25E7%2589%25B9%25E6%2595%2588%25E7%25AE%2580%25E8%258B%25B1-FFansBD.mkv&security-token=CAIS%2BgF1q6Ft5B2yfSjIr5fbKsnh2exr8IeKRxX6nlEWWL5%2Fm4%2F9lzz2IHFPeHJrBeAYt%2FoxmW1X5vwSlq5rR4QAXlDfNRWyblCrqFHPWZHInuDox55m4cTXNAr%2BIhr%2F29CoEIedZdjBe%2FCrRknZnytou9XTfimjWFrXWv%2Fgy%2BQQDLItUxK%2FcCBNCfpPOwJms7V6D3bKMuu3OROY6Qi5TmgQ41Uh1jgjtPzkkpfFtkGF1GeXkLFF%2B97DRbG%2FdNRpMZtFVNO44fd7bKKp0lQLukMWr%2Fwq3PIdp2ma447NWQlLnzyCMvvJ9OVDFyN0aKEnH7J%2Bq%2FzxhTPrMnpkSlacGoABmfq%2FsO0TKQzBkOMNS%2BJeoUCRPeTXQ%2BJwezRVx5IGTQ9dV1E6KmDl3Vo0GxxuDFCf9xi7lWqaotw5qbpqibS6aDbuqzLWekK5Dc0C6ZbcbwM0mvfNIU4BzChVpTKMwwWmSh3dk%2BcbleH8K5d3bS4Hd1OY9MI9MiDkoe8PLmIjF8I%3D&u=6f09fff83e2e41c69a846f1a43fb606f&x-oss-access-key-id=STS.NTnasU43JGEaE3KzQCT1StJVu&x-oss-expires=1689077061&x-oss-signature=XYQYnC%2BkB%2FOnY%2Ban5nSs7nPMxL%2BZzP%2FO99ZUtOF2Jfg%3D&x-oss-signature-version=OSS2,1502
1688966934,97,【原画】 Guardians.of.the.Galaxy.Vol.3.2023.1080p.WEB-DL.DDP5.1.Atmos.H.264-Q66 (洗码3).mkv,https://cn-beijing-data.aliyundrive.net/dydyVZuf%2F21256040%2F64a9a2c55a76bcba65d942d2ab29edfc8bb29e15%2F64a9a2c54a9cb75d75404898ab9e714ab5933cb1?di=bj29&dr=87242051&f=64ab7e4f94c6a198633044dfb5c789c0cb8ae587&response-content-disposition=attachment%3B%20filename%2A%3DUTF-8%27%27Guardians.of.the.Galaxy.Vol.3.2023.1080p.WEB-DL.DDP5.1.Atmos.H.264-Q66%2520%2528%25E6%25B4%2597%25E7%25A0%25813%2529.mkv&security-token=CAIS%2BgF1q6Ft5B2yfSjIr5bWD47NmIpw8qraU3XXqGoGeehoh7%2F9pTz2IHFPeHJrBeAYt%2FoxmW1X5vwSlq5rR4QAXlDfNSqEZFGrqFHPWZHInuDox55m4cTXNAr%2BIhr%2F29CoEIedZdjBe%2FCrRknZnytou9XTfimjWFrXWv%2Fgy%2BQQDLItUxK%2FcCBNCfpPOwJms7V6D3bKMuu3OROY6Qi5TmgQ41Uh1jgjtPzkkpfFtkGF1GeXkLFF%2B97DRbG%2FdNRpMZtFVNO44fd7bKKp0lQLukMWr%2Fwq3PIdp2ma447NWQlLnzyCMvvJ9OVDFyN0aKEnH7J%2Bq%2FzxhTPrMnpkSlacGoABDDM8gwnJIB3%2BR%2BeHOEwSq7CyHYicx85yLEE0dbUXCZpRDRm072JcUE2Qer32E%2BWX4z%2Fndz%2FXjDwhMJFB0gbxiZ%2BZ4W8YRvFa8%2FA4ECWCAqZmb9ZSnKtLPzTWYHTe3CP6sC%2BkTC6BZIVnu%2BnOISKj2i9yjN0ggqWd2NH2Y7KIr%2FQ%3D&u=6f09fff83e2e41c69a846f1a43fb606f&x-oss-access-key-id=STS.NUcD4yuUQEh1QSfLjSugDhzVG&x-oss-expires=1689082132&x-oss-signature=z1uXj5R%2BZ59V%2BCbtQKY3tU8epey82sFYKIJE0PKv8q8%3D&x-oss-signature-version=OSS2,1299
1688985573,97,【原画】 Guardians.of.the.Galaxy.Vol.3.2023.1080p.WEB-DL.DDP5.1.Atmos.H.264-Q66 (洗码3).mkv,https://cn-beijing-data.aliyundrive.net/dydyVZuf%2F21256040%2F64a9a2c55a76bcba65d942d2ab29edfc8bb29e15%2F64a9a2c54a9cb75d75404898ab9e714ab5933cb1?di=bj29&dr=87242051&f=64ab7e4f94c6a198633044dfb5c789c0cb8ae587&response-content-disposition=attachment%3B%20filename%2A%3DUTF-8%27%27Guardians.of.the.Galaxy.Vol.3.2023.1080p.WEB-DL.DDP5.1.Atmos.H.264-Q66%2520%2528%25E6%25B4%2597%25E7%25A0%25813%2529.mkv&security-token=CAIS%2BgF1q6Ft5B2yfSjIr5f2fOjAo7JLxKTaTG7Q3HA7XtZnnY3Dljz2IHFPeHJrBeAYt%2FoxmW1X5vwSlq5rR4QAXlDfNWT2dU%2BrqFHPWZHInuDox55m4cTXNAr%2BIhr%2F29CoEIedZdjBe%2FCrRknZnytou9XTfimjWFrXWv%2Fgy%2BQQDLItUxK%2FcCBNCfpPOwJms7V6D3bKMuu3OROY6Qi5TmgQ41Uh1jgjtPzkkpfFtkGF1GeXkLFF%2B97DRbG%2FdNRpMZtFVNO44fd7bKKp0lQLukMWr%2Fwq3PIdp2ma447NWQlLnzyCMvvJ9OVDFyN0aKEnH7J%2Bq%2FzxhTPrMnpkSlacGoABtMNtGaWhjTCM47oQLRATgr2jIbSEsYN3xfaQlx9dz3qHGycpZfPwKEJ%2FfgkKgO%2BIHG7%2FAoviOz7dIAO08RC8tXZEsm2CGGehG2opUInjTBrJc4iuGzxnt4xtFKIDJrRSlcPKuI0X%2FwUCM%2Br1Gy%2F0TdJKHbX6KOqqH6UNyC1cYgI%3D&u=6f09fff83e2e41c69a846f1a43fb606f&x-oss-access-key-id=STS.NTC7RtNmjsf1NHa8pnRYKrHht&x-oss-expires=1689100772&x-oss-signature=MXHwVCBIzb7fXFESv9Wu9Wzt6DKVgWjUqTL44qdzanU%3D&x-oss-signature-version=OSS2,1287
1689044628,,,F:\[SAIO-Raws] Monogatari Series [BD 1920x1080 HEVC-10bit OPUSx2]\我推的孩子（已完结）\[Sakurato] Oshi no Ko [01][AVC-8bit 1080p AAC][CHS].mp4,165
1689045223,,,F:\[SAIO-Raws] Monogatari Series [BD 1920x1080 HEVC-10bit OPUSx2]\我推的孩子（已完结）\[Sakurato] Oshi no Ko [01][AVC-8bit 1080p AAC][CHS].mp4,165
1689045258,,,F:\[SAIO-Raws] Monogatari Series [BD 1920x1080 HEVC-10bit OPUSx2]\P 破事精英2\08.mp4,101
1689045341,,,F:\[SAIO-Raws] Monogatari Series [BD 1920x1080 HEVC-10bit OPUSx2]\P 破事精英2\08.mp4,101
1689045975,,,F:\[SAIO-Raws] Monogatari Series [BD 1920x1080 HEVC-10bit OPUSx2]\P 破事精英2\08.mp4,101
1689045989,,,F:\[SAIO-Raws] Monogatari Series [BD 1920x1080 HEVC-10bit OPUSx2]\P 破事精英2\08.mp4,101
1689048666,,,D:\Counter-strike  Global Offensive\Counter-strike  Global Offensive\Counter-strike  Global Offensive 2023.07.08 - 22.29.47.03.DVR.mp4,147
1689048712,,,D:\Counter-strike  Global Offensive\Counter-strike  Global Offensive\Counter-strike  Global Offensive 2023.07.08 - 21.41.01.02.DVR.mp4,147
1689048756,,,D:\Counter-strike  Global Offensive\Valorant\Valorant 2023.07.07 - 21.20.57.02.DVR.mp4,99
1689048784,,,D:\Counter-strike  Global Offensive\League of Legends\League of Legends 2023.07.04 - 19.29.08.02.DVR.mp4,117
1689048804,,,D:\Counter-strike  Global Offensive\mpv.exe\mpv.exe 2023.07.09 - 15.53.42.02.DVR.mp4,97
1689048820,,,D:\Counter-strike  Global Offensive\mpv.exe\mpv.exe 2023.07.03 - 21.12.50.06.mp4,93
1689048829,,,D:\Counter-strike  Global Offensive\mpv.exe\mpv.exe 2023.07.03 - 21.13.31.07.mp4,93
1689048863,,,D:\Counter-strike  Global Offensive\mpv.exe\mpv.exe 2023.07.03 - 21.13.31.07.mp4,93
1689048953,,,D:\Counter-strike  Global Offensive\Counter-strike  Global Offensive\Counter-strike  Global Offensive 2023.07.01 - 13.06.41.06.DVR.mp4,147
1689066700,,,D:\Counter-strike  Global Offensive\Counter-strike  Global Offensive\Counter-strike  Global Offensive 2023.05.14 - 14.20.06.03.DVR.mp4,147
1689066738,,,D:\Counter-strike  Global Offensive\Counter-strike  Global Offensive\Counter-strike  Global Offensive 2023.05.14 - 14.27.00.04.DVR.mp4,147
1689066775,,,D:\Counter-strike  Global Offensive\Counter-strike  Global Offensive\Counter-strike  Global Offensive 2023.05.14 - 20.32.54.02.DVR.mp4,147
1689066786,,,D:\Counter-strike  Global Offensive\Counter-strike  Global Offensive\Counter-strike  Global Offensive 2023.05.20 - 19.40.34.02.mp4,143
1689066816,,,D:\Counter-strike  Global Offensive\Counter-strike  Global Offensive\Counter-strike  Global Offensive 2023.05.21 - 18.29.55.02.DVR.mp4,147
1689066880,,,D:\Counter-strike  Global Offensive\Counter-strike  Global Offensive\Counter-strike  Global Offensive 2023.05.21 - 18.29.56.03.DVR.mp4,147
1689066884,,,D:\Counter-strike  Global Offensive\Counter-strike  Global Offensive\Counter-strike  Global Offensive 2023.05.21 - 18.48.01.04.DVR.mp4,147
1689066946,,,D:\Counter-strike  Global Offensive\Counter-strike  Global Offensive\Counter-strike  Global Offensive 2023.05.21 - 18.52.48.05.DVR.mp4,147
1689066967,,,D:\Counter-strike  Global Offensive\Counter-strike  Global Offensive\Counter-strike  Global Offensive 2023.05.25 - 20.47.06.02.DVR.mp4,147
1689066986,,,D:\Counter-strike  Global Offensive\Counter-strike  Global Offensive\Counter-strike  Global Offensive 2023.05.25 - 21.50.16.03.DVR.mp4,147
1689067105,,,D:\Counter-strike  Global Offensive\Counter-strike  Global Offensive\Counter-strike  Global Offensive 2023.05.26 - 21.36.19.02.DVR.mp4,147
