1689406153,,,D:\360Downloads\Friends(Uncut71G)\FriendsSeason01\[老友记].Friends.S01E10.The.One.With.The.Monkey.mkv,117
1689406209,,,D:\360Downloads\Friends(Uncut71G)\FriendsSeason01\[老友记].Friends.S01E10.The.One.With.The.Monkey.mkv,117
1689406273,,,D:\360Downloads\Friends(Uncut71G)\FriendsSeason01\[老友记].Friends.S01E10.The.One.With.The.Monkey.mkv,117
1689406310,,,D:\360Downloads\Friends(Uncut71G)\FriendsSeason01\[老友记].Friends.S01E10.The.One.With.The.Monkey.mkv,117
1689406403,,,D:\360Downloads\Friends(Uncut71G)\FriendsSeason01\[老友记].Friends.S01E10.The.One.With.The.Monkey.mkv,117
1689406435,,,D:\360Downloads\Friends(Uncut71G)\FriendsSeason01\[老友记].Friends.S01E10.The.One.With.The.Monkey.mkv,117
1689406507,,,D:\360Downloads\Friends(Uncut71G)\FriendsSeason01\[老友记].Friends.S01E10.The.One.With.The.Monkey.mkv,117
1689406663,,,D:\360Downloads\Friends(Uncut71G)\FriendsSeason01\[老友记].Friends.S01E10.The.One.With.The.Monkey.mkv,117
1689406723,,,D:\360Downloads\Friends(Uncut71G)\FriendsSeason01\[老友记].Friends.S01E10.The.One.With.The.Monkey.mkv,117
1689406940,,,E:\[SAIO-Raws] Monogatari Series [BD 1920x1080 HEVC-10bit OPUSx2]\S 赛博朋克：边缘跑手 hdr(10集全) (高码多字幕)\1080P HDR 网飞 内封字幕\Cyberpunk.Edgerunners.S01E09.Humanity.1080p.NF.WEB-DL.DUAL.DDP5.1.HDR.H265-SMURF.mkv,255
1689407223,,,E:\[SAIO-Raws] Monogatari Series [BD 1920x1080 HEVC-10bit OPUSx2]\S 赛博朋克：边缘跑手 hdr(10集全) (高码多字幕)\1080P HDR 网飞 内封字幕\Cyberpunk.Edgerunners.S01E09.Humanity.1080p.NF.WEB-DL.DUAL.DDP5.1.HDR.H265-SMURF.mkv,255
1689407245,,,E:\[SAIO-Raws] Monogatari Series [BD 1920x1080 HEVC-10bit OPUSx2]\S 赛博朋克：边缘跑手 hdr(10集全) (高码多字幕)\1080P HDR 网飞 内封字幕\Cyberpunk.Edgerunners.S01E09.Humanity.1080p.NF.WEB-DL.DUAL.DDP5.1.HDR.H265-SMURF.mkv,255
1689407433,,,E:\[SAIO-Raws] Monogatari Series [BD 1920x1080 HEVC-10bit OPUSx2]\S 赛博朋克：边缘跑手 hdr(10集全) (高码多字幕)\1080P HDR 网飞 内封字幕\Cyberpunk.Edgerunners.S01E09.Humanity.1080p.NF.WEB-DL.DUAL.DDP5.1.HDR.H265-SMURF.mkv,255
1689407452,,,E:\[SAIO-Raws] Monogatari Series [BD 1920x1080 HEVC-10bit OPUSx2]\S 赛博朋克：边缘跑手 hdr(10集全) (高码多字幕)\1080P HDR 网飞 内封字幕\Cyberpunk.Edgerunners.S01E09.Humanity.1080p.NF.WEB-DL.DUAL.DDP5.1.HDR.H265-SMURF.mkv,255
1689407594,,,E:\[SAIO-Raws] Monogatari Series [BD 1920x1080 HEVC-10bit OPUSx2]\02.伪物语\[SAIO-Raws] Nisemonogatari 02 [BD 1920x1080 HEVC-10bit OPUSx2 ASSx4].mkv,164
1689407732,,,E:\[SAIO-Raws] Monogatari Series [BD 1920x1080 HEVC-10bit OPUSx2]\S 赛博朋克：边缘跑手 hdr(10集全) (高码多字幕)\1080P HDR 网飞 内封字幕\Cyberpunk.Edgerunners.S01E09.Humanity.1080p.NF.WEB-DL.DUAL.DDP5.1.HDR.H265-SMURF.mkv,255
1689407764,,,E:\[SAIO-Raws] Monogatari Series [BD 1920x1080 HEVC-10bit OPUSx2]\S 赛博朋克：边缘跑手 hdr(10集全) (高码多字幕)\1080P HDR 网飞 内封字幕\Cyberpunk.Edgerunners.S01E09.Humanity.1080p.NF.WEB-DL.DUAL.DDP5.1.HDR.H265-SMURF.mkv,255
1689407793,,,E:\[SAIO-Raws] Monogatari Series [BD 1920x1080 HEVC-10bit OPUSx2]\S 赛博朋克：边缘跑手 hdr(10集全) (高码多字幕)\1080P HDR 网飞 内封字幕\Cyberpunk.Edgerunners.S01E09.Humanity.1080p.NF.WEB-DL.DUAL.DDP5.1.HDR.H265-SMURF.mkv,255
1689407824,,,E:\[SAIO-Raws] Monogatari Series [BD 1920x1080 HEVC-10bit OPUSx2]\S 赛博朋克：边缘跑手 hdr(10集全) (高码多字幕)\1080P HDR 网飞 内封字幕\Cyberpunk.Edgerunners.S01E09.Humanity.1080p.NF.WEB-DL.DUAL.DDP5.1.HDR.H265-SMURF.mkv,255
1689407846,,,E:\[SAIO-Raws] Monogatari Series [BD 1920x1080 HEVC-10bit OPUSx2]\S 赛博朋克：边缘跑手 hdr(10集全) (高码多字幕)\1080P HDR 网飞 内封字幕\Cyberpunk.Edgerunners.S01E09.Humanity.1080p.NF.WEB-DL.DUAL.DDP5.1.HDR.H265-SMURF.mkv,255
1689407861,,,D:\360Downloads\Friends(Uncut71G)\FriendsSeason01\[老友记].Friends.S01E05.The.One.With.The.East.German.Laundry.Detergent.mkv,140
1689407927,,,D:\360Downloads\Friends(Uncut71G)\FriendsSeason01\[老友记].Friends.S01E05.The.One.With.The.East.German.Laundry.Detergent.mkv,140
1689407957,,,D:\360Downloads\Friends(Uncut71G)\FriendsSeason01\[老友记].Friends.S01E05.The.One.With.The.East.German.Laundry.Detergent.mkv,140
1689407966,,,E:\[SAIO-Raws] Monogatari Series [BD 1920x1080 HEVC-10bit OPUSx2]\S 赛博朋克：边缘跑手 hdr(10集全) (高码多字幕)\1080P HDR 网飞 内封字幕\Cyberpunk.Edgerunners.S01E09.Humanity.1080p.NF.WEB-DL.DUAL.DDP5.1.HDR.H265-SMURF.mkv,255
1689408016,,,E:\[SAIO-Raws] Monogatari Series [BD 1920x1080 HEVC-10bit OPUSx2]\我推的孩子（已完结）\[Sakurato] Oshi no Ko [01][AVC-8bit 1080p AAC][CHS].mp4,165
1689408027,,,E:\[SAIO-Raws] Monogatari Series [BD 1920x1080 HEVC-10bit OPUSx2]\S 赛博朋克：边缘跑手 hdr(10集全) (高码多字幕)\Cyberpunk.Edgerunners.S01E06.Girl.on.Fire.1080p.NF.WEB-DL.DUAL.DDP5.1.H264-SMURF.mkv,225
1689408295,81,【原画】 Hijack.2023.S01E01.Final.Call.1080p.ATVP.WEB-DL.DDP5.1.H.264-NTb.mkv,https://cn-beijing-data.aliyundrive.net/8R7F0bar%2F80481103%2F649c2dbbe391912438084c9e811e8e01c36fd290%2F649c2dbb44ad201d71ae49ada145eaf83aef4008?di=bj29&dr=87242051&f=64b25302c590ed111df9403485e3e2deb9a62c8b&response-content-disposition=attachment%3B%20filename%2A%3DUTF-8%27%27Hijack.2023.S01E01.Final.Call.1080p.ATVP.WEB-DL.DDP5.1.H.264-NTb.mkv&security-token=CAIS%2BgF1q6Ft5B2yfSjIr5fXMvbbo%2BpYhIrcUUX%2FkEpjWcl9noL%2FhDz2IHFPeHJrBeAYt%2FoxmW1X5vwSlq5rR4QAXlDfNQ%2BiXAeqqFHPWZHInuDox55m4cTXNAr%2BIhr%2F29CoEIedZdjBe%2FCrRknZnytou9XTfimjWFrXWv%2Fgy%2BQQDLItUxK%2FcCBNCfpPOwJms7V6D3bKMuu3OROY6Qi5TmgQ41Uh1jgjtPzkkpfFtkGF1GeXkLFF%2B97DRbG%2FdNRpMZtFVNO44fd7bKKp0lQLukMWr%2Fwq3PIdp2ma447NWQlLnzyCMvvJ9OVDFyN0aKEnH7J%2Bq%2FzxhTPrMnpkSlacGoABYzjorcRiIeq5kPixFwmjlZ4xBrl%2B7WWCLy99skFs%2FMuGiJ65FcwN8skyKeF0RpdRSD90o4aBjvclEHtJcpJCB662HOUzDr%2F9vakntU5XKBLcJjgCfd4q8IHcYgUpsQjQNzyjb2ElIhduTflTI%2BRi5moSmgjxnDbUPNXX2nHxcr4%3D&u=6f09fff83e2e41c69a846f1a43fb606f&x-oss-access-key-id=STS.NTbyLoN5y3H7ScNtJ6UFQqGTf&x-oss-expires=1689523491&x-oss-signature=yV8cXDJxozViE0l29Cpyd0v7EJS%2B9WTfMcXJRFTIYvw%3D&x-oss-signature-version=OSS2,1223
1689479431,,,E:\[SAIO-Raws] Monogatari Series [BD 1920x1080 HEVC-10bit OPUSx2]\S 赛博朋克：边缘跑手 hdr(10集全) (高码多字幕)\1080P HDR 网飞 内封字幕\Cyberpunk.Edgerunners.S01E09.Humanity.1080p.NF.WEB-DL.DUAL.DDP5.1.HDR.H265-SMURF.mkv,255
1689479700,,,E:\[SAIO-Raws] Monogatari Series [BD 1920x1080 HEVC-10bit OPUSx2]\S 赛博朋克：边缘跑手 hdr(10集全) (高码多字幕)\1080P HDR 网飞 内封字幕\Cyberpunk.Edgerunners.S01E09.Humanity.1080p.NF.WEB-DL.DUAL.DDP5.1.HDR.H265-SMURF.mkv,255
1689479706,,,E:\[SAIO-Raws] Monogatari Series [BD 1920x1080 HEVC-10bit OPUSx2]\S 赛博朋克：边缘跑手 hdr(10集全) (高码多字幕)\1080P HDR 网飞 内封字幕\Cyberpunk.Edgerunners.S01E09.Humanity.1080p.NF.WEB-DL.DUAL.DDP5.1.HDR.H265-SMURF.mkv,255
1689479729,,,E:\[SAIO-Raws] Monogatari Series [BD 1920x1080 HEVC-10bit OPUSx2]\S 赛博朋克：边缘跑手 hdr(10集全) (高码多字幕)\1080P HDR 网飞 内封字幕\Cyberpunk.Edgerunners.S01E09.Humanity.1080p.NF.WEB-DL.DUAL.DDP5.1.HDR.H265-SMURF.mkv,255
1689481924,,,E:\[SAIO-Raws] Monogatari Series [BD 1920x1080 HEVC-10bit OPUSx2]\S 赛博朋克：边缘跑手 hdr(10集全) (高码多字幕)\1080P HDR 网飞 内封字幕\Cyberpunk.Edgerunners.S01E09.Humanity.1080p.NF.WEB-DL.DUAL.DDP5.1.HDR.H265-SMURF.mkv,255
1689482025,,,E:\[SAIO-Raws] Monogatari Series [BD 1920x1080 HEVC-10bit OPUSx2]\S 赛博朋克：边缘跑手 hdr(10集全) (高码多字幕)\1080P HDR 网飞 内封字幕\Cyberpunk.Edgerunners.S01E09.Humanity.1080p.NF.WEB-DL.DUAL.DDP5.1.HDR.H265-SMURF.mkv,255
1689482173,,,E:\[SAIO-Raws] Monogatari Series [BD 1920x1080 HEVC-10bit OPUSx2]\S 赛博朋克：边缘跑手 hdr(10集全) (高码多字幕)\1080P HDR 网飞 内封字幕\Cyberpunk.Edgerunners.S01E09.Humanity.1080p.NF.WEB-DL.DUAL.DDP5.1.HDR.H265-SMURF.mkv,255
1689482349,,,E:\[SAIO-Raws] Monogatari Series [BD 1920x1080 HEVC-10bit OPUSx2]\S 赛博朋克：边缘跑手 hdr(10集全) (高码多字幕)\1080P HDR 网飞 内封字幕\Cyberpunk.Edgerunners.S01E09.Humanity.1080p.NF.WEB-DL.DUAL.DDP5.1.HDR.H265-SMURF.mkv,255
1689482388,,,E:\[SAIO-Raws] Monogatari Series [BD 1920x1080 HEVC-10bit OPUSx2]\S 赛博朋克：边缘跑手 hdr(10集全) (高码多字幕)\1080P HDR 网飞 内封字幕\Cyberpunk.Edgerunners.S01E09.Humanity.1080p.NF.WEB-DL.DUAL.DDP5.1.HDR.H265-SMURF.mkv,255
1689482431,,,E:\[SAIO-Raws] Monogatari Series [BD 1920x1080 HEVC-10bit OPUSx2]\S 赛博朋克：边缘跑手 hdr(10集全) (高码多字幕)\Cyberpunk.Edgerunners.S01E06.Girl.on.Fire.1080p.NF.WEB-DL.DUAL.DDP5.1.H264-SMURF.mkv,225
1689482462,,,F:\迅雷下载\Anime\05.mkv,41
1689482551,13,www.lggzs.com,F:\迅雷下载\Anime\10.mkv,56
1689482642,13,www.lggzs.com,F:\迅雷下载\Anime\11.mkv,56
1689489744,13,www.lggzs.com,F:\迅雷下载\Anime\10.mkv,56
1689489882,,,D:\360Downloads\Friends(Uncut71G)\FriendsSeason01\[老友记].Friends.S01E05.The.One.With.The.East.German.Laundry.Detergent.mkv,140
1689489901,,,E:\[SAIO-Raws] Monogatari Series [BD 1920x1080 HEVC-10bit OPUSx2]\S 赛博朋克：边缘跑手 hdr(10集全) (高码多字幕)\1080P HDR 网飞 内封字幕\Cyberpunk.Edgerunners.S01E09.Humanity.1080p.NF.WEB-DL.DUAL.DDP5.1.HDR.H265-SMURF.mkv,255
1689500403,,,E:\[SAIO-Raws] Monogatari Series [BD 1920x1080 HEVC-10bit OPUSx2]\S 赛博朋克：边缘跑手 hdr(10集全) (高码多字幕)\1080P HDR 网飞 内封字幕\Cyberpunk.Edgerunners.S01E09.Humanity.1080p.NF.WEB-DL.DUAL.DDP5.1.HDR.H265-SMURF.mkv,255
1689500431,,,E:\[SAIO-Raws] Monogatari Series [BD 1920x1080 HEVC-10bit OPUSx2]\P 破事精英2\08.mp4,101
1689502276,,,E:\[SAIO-Raws] Monogatari Series [BD 1920x1080 HEVC-10bit OPUSx2]\P 破事精英2\08.mp4,101
1689502438,,,E:\[SAIO-Raws] Monogatari Series [BD 1920x1080 HEVC-10bit OPUSx2]\P 破事精英2\08.mp4,101
1689502467,,,E:\[SAIO-Raws] Monogatari Series [BD 1920x1080 HEVC-10bit OPUSx2]\P 破事精英2\08.mp4,101
1689502486,,,E:\[SAIO-Raws] Monogatari Series [BD 1920x1080 HEVC-10bit OPUSx2]\P 破事精英2\08.mp4,101
1689502508,,,E:\[SAIO-Raws] Monogatari Series [BD 1920x1080 HEVC-10bit OPUSx2]\P 破事精英2\08.mp4,101
1689502541,,,E:\[SAIO-Raws] Monogatari Series [BD 1920x1080 HEVC-10bit OPUSx2]\P 破事精英2\08.mp4,101
1689502599,,,E:\[SAIO-Raws] Monogatari Series [BD 1920x1080 HEVC-10bit OPUSx2]\P 破事精英2\08.mp4,101
1689502744,,,E:\[SAIO-Raws] Monogatari Series [BD 1920x1080 HEVC-10bit OPUSx2]\P 破事精英2\08.mp4,101
1689502899,,,E:\[SAIO-Raws] Monogatari Series [BD 1920x1080 HEVC-10bit OPUSx2]\P 破事精英2\08.mp4,101
1689502983,,,E:\[SAIO-Raws] Monogatari Series [BD 1920x1080 HEVC-10bit OPUSx2]\P 破事精英2\08.mp4,101
1689503005,,,E:\[SAIO-Raws] Monogatari Series [BD 1920x1080 HEVC-10bit OPUSx2]\P 破事精英2\08.mp4,101
1689503092,,,E:\[SAIO-Raws] Monogatari Series [BD 1920x1080 HEVC-10bit OPUSx2]\P 破事精英2\08.mp4,101
1689503219,,,E:\[SAIO-Raws] Monogatari Series [BD 1920x1080 HEVC-10bit OPUSx2]\P 破事精英2\08.mp4,101
1689503282,,,E:\[SAIO-Raws] Monogatari Series [BD 1920x1080 HEVC-10bit OPUSx2]\P 破事精英2\08.mp4,101
1689503302,,,E:\[SAIO-Raws] Monogatari Series [BD 1920x1080 HEVC-10bit OPUSx2]\P 破事精英2\08.mp4,101
1689503312,,,E:\Friends(Uncut71G)\FriendsSeason01\[老友记].Friends.S01E01.The.One.Where.Monica.Gets.A.New.Roommate.mkv,121
1689503365,,,E:\[SAIO-Raws] Monogatari Series [BD 1920x1080 HEVC-10bit OPUSx2]\亚特兰大 第一季 Atlanta Season 1 (2016)\S01E10.mp4,136
1689503750,,,E:\[SAIO-Raws] Monogatari Series [BD 1920x1080 HEVC-10bit OPUSx2]\P 破事精英2\08.mp4,101
1689504304,,,E:\[SAIO-Raws] Monogatari Series [BD 1920x1080 HEVC-10bit OPUSx2]\P 破事精英2\08.mp4,101
1689505637,,,E:\[SAIO-Raws] Monogatari Series [BD 1920x1080 HEVC-10bit OPUSx2]\我推的孩子（已完结）\[Sakurato] Oshi no Ko [01][AVC-8bit 1080p AAC][CHS].mp4,165
1689505743,,,E:\[SAIO-Raws] Monogatari Series [BD 1920x1080 HEVC-10bit OPUSx2]\我推的孩子（已完结）\[Sakurato] Oshi no Ko [01][AVC-8bit 1080p AAC][CHS].mp4,165
1689505822,,,E:\[SAIO-Raws] Monogatari Series [BD 1920x1080 HEVC-10bit OPUSx2]\我推的孩子（已完结）\[Sakurato] Oshi no Ko [01][AVC-8bit 1080p AAC][CHS].mp4,165
1689505927,,,E:\[SAIO-Raws] Monogatari Series [BD 1920x1080 HEVC-10bit OPUSx2]\我推的孩子（已完结）\[Sakurato] Oshi no Ko [01][AVC-8bit 1080p AAC][CHS].mp4,165
1689506819,,,D:\Counter-strike  Global Offensive\Crossfire\Crossfire 2023.05.29 - 20.29.43.03.mp4,97
1689573839,,,E:\[SAIO-Raws] Monogatari Series [BD 1920x1080 HEVC-10bit OPUSx2]\P 破事精英2\08.mp4,101
1689573872,,,E:\[SAIO-Raws] Monogatari Series [BD 1920x1080 HEVC-10bit OPUSx2]\P 破事精英2\08.mp4,101
1689573880,,,E:\[SAIO-Raws] Monogatari Series [BD 1920x1080 HEVC-10bit OPUSx2]\S 赛博朋克：边缘跑手 hdr(10集全) (高码多字幕)\1080P HDR 网飞 内封字幕\Cyberpunk.Edgerunners.S01E09.Humanity.1080p.NF.WEB-DL.DUAL.DDP5.1.HDR.H265-SMURF.mkv,255
1689573905,,,E:\[SAIO-Raws] Monogatari Series [BD 1920x1080 HEVC-10bit OPUSx2]\S 赛博朋克：边缘跑手 hdr(10集全) (高码多字幕)\1080P HDR 网飞 内封字幕\Cyberpunk.Edgerunners.S01E09.Humanity.1080p.NF.WEB-DL.DUAL.DDP5.1.HDR.H265-SMURF.mkv,255
1689573928,,,E:\[SAIO-Raws] Monogatari Series [BD 1920x1080 HEVC-10bit OPUSx2]\S 赛博朋克：边缘跑手 hdr(10集全) (高码多字幕)\1080P HDR 网飞 内封字幕\Cyberpunk.Edgerunners.S01E09.Humanity.1080p.NF.WEB-DL.DUAL.DDP5.1.HDR.H265-SMURF.mkv,255
1689573945,,,E:\[SAIO-Raws] Monogatari Series [BD 1920x1080 HEVC-10bit OPUSx2]\S 赛博朋克：边缘跑手 hdr(10集全) (高码多字幕)\1080P HDR 网飞 内封字幕\Cyberpunk.Edgerunners.S01E09.Humanity.1080p.NF.WEB-DL.DUAL.DDP5.1.HDR.H265-SMURF.mkv,255
1689573964,,,E:\[SAIO-Raws] Monogatari Series [BD 1920x1080 HEVC-10bit OPUSx2]\S 赛博朋克：边缘跑手 hdr(10集全) (高码多字幕)\1080P HDR 网飞 内封字幕\Cyberpunk.Edgerunners.S01E09.Humanity.1080p.NF.WEB-DL.DUAL.DDP5.1.HDR.H265-SMURF.mkv,255
1689574021,,,E:\[SAIO-Raws] Monogatari Series [BD 1920x1080 HEVC-10bit OPUSx2]\P 破事精英2\08.mp4,101
1689574101,,,E:\[SAIO-Raws] Monogatari Series [BD 1920x1080 HEVC-10bit OPUSx2]\P 破事精英2\08.mp4,101
1689574156,,,E:\[SAIO-Raws] Monogatari Series [BD 1920x1080 HEVC-10bit OPUSx2]\P 破事精英2\08.mp4,101
1689574182,,,E:\[SAIO-Raws] Monogatari Series [BD 1920x1080 HEVC-10bit OPUSx2]\P 破事精英2\08.mp4,101
1689574235,,,E:\[SAIO-Raws] Monogatari Series [BD 1920x1080 HEVC-10bit OPUSx2]\P 破事精英2\08.mp4,101
1689574332,,,E:\[SAIO-Raws] Monogatari Series [BD 1920x1080 HEVC-10bit OPUSx2]\P 破事精英2\08.mp4,101
1689574368,,,E:\[SAIO-Raws] Monogatari Series [BD 1920x1080 HEVC-10bit OPUSx2]\P 破事精英2\08.mp4,101
1689574388,,,E:\[SAIO-Raws] Monogatari Series [BD 1920x1080 HEVC-10bit OPUSx2]\P 破事精英2\08.mp4,101
1689574754,,,E:\[SAIO-Raws] Monogatari Series [BD 1920x1080 HEVC-10bit OPUSx2]\S 赛博朋克：边缘跑手 hdr(10集全) (高码多字幕)\1080P HDR 网飞 内封字幕\Cyberpunk.Edgerunners.S01E09.Humanity.1080p.NF.WEB-DL.DUAL.DDP5.1.HDR.H265-SMURF.mkv,255
1689574773,,,E:\[SAIO-Raws] Monogatari Series [BD 1920x1080 HEVC-10bit OPUSx2]\P 破事精英2\08.mp4,101
1689574942,,,E:\[SAIO-Raws] Monogatari Series [BD 1920x1080 HEVC-10bit OPUSx2]\P 破事精英2\08.mp4,101
1689574954,,,E:\[SAIO-Raws] Monogatari Series [BD 1920x1080 HEVC-10bit OPUSx2]\P 破事精英2\08.mp4,101
1689575047,,,E:\[SAIO-Raws] Monogatari Series [BD 1920x1080 HEVC-10bit OPUSx2]\P 破事精英2\08.mp4,101
1689575097,,,E:\[SAIO-Raws] Monogatari Series [BD 1920x1080 HEVC-10bit OPUSx2]\P 破事精英2\08.mp4,101
1689575135,,,E:\[SAIO-Raws] Monogatari Series [BD 1920x1080 HEVC-10bit OPUSx2]\P 破事精英2\08.mp4,101
1689575151,,,E:\[SAIO-Raws] Monogatari Series [BD 1920x1080 HEVC-10bit OPUSx2]\P 破事精英2\08.mp4,101
1689575166,,,E:\[SAIO-Raws] Monogatari Series [BD 1920x1080 HEVC-10bit OPUSx2]\P 破事精英2\08.mp4,101
1689575197,,,E:\[SAIO-Raws] Monogatari Series [BD 1920x1080 HEVC-10bit OPUSx2]\P 破事精英2\08.mp4,101
1689575379,,,E:\[SAIO-Raws] Monogatari Series [BD 1920x1080 HEVC-10bit OPUSx2]\P 破事精英2\08.mp4,101
1689576036,,,E:\[SAIO-Raws] Monogatari Series [BD 1920x1080 HEVC-10bit OPUSx2]\P 破事精英2\08.mp4,101
1689576091,,,D:\Counter-strike  Global Offensive\Counter-strike  Global Offensive\Desktop\Desktop 2023.07.13 - 16.05.21.17.DVR.mp4,130
1689576109,,,D:\Counter-strike  Global Offensive\Counter-strike  Global Offensive\Valorant\Valorant 2023.07.15 - 18.43.05.02.mp4,128
1689576187,,,D:\Counter-strike  Global Offensive\Counter-strike  Global Offensive\Valorant\Valorant 2023.07.15 - 21.15.48.03.DVR.mp4,132
1689576189,,,D:\Counter-strike  Global Offensive\Counter-strike  Global Offensive\Valorant\Valorant 2023.07.15 - 18.43.05.02.mp4,128
1689576190,,,D:\Counter-strike  Global Offensive\Counter-strike  Global Offensive\Valorant\Valorant 2023.07.14 - 16.10.15.04.DVR.mp4,132
1689576192,,,D:\Counter-strike  Global Offensive\Counter-strike  Global Offensive\Valorant\Valorant 2023.07.15 - 18.43.05.02.mp4,128
1689576193,,,D:\Counter-strike  Global Offensive\Counter-strike  Global Offensive\Valorant\Valorant 2023.07.14 - 16.10.15.04.DVR.mp4,132
1689576194,,,D:\Counter-strike  Global Offensive\Counter-strike  Global Offensive\Valorant\Valorant 2023.07.14 - 15.49.56.03.DVR.mp4,132
1689576195,,,D:\Counter-strike  Global Offensive\Counter-strike  Global Offensive\Valorant\Valorant 2023.07.14 - 15.23.40.02.DVR.mp4,132
1689576197,,,D:\Counter-strike  Global Offensive\Counter-strike  Global Offensive\Valorant\Valorant 2023.07.13 - 15.48.57.16.DVR.mp4,132
1689576207,,,D:\Counter-strike  Global Offensive\Counter-strike  Global Offensive\Valorant\Valorant 2023.07.13 - 15.33.37.14.mp4,128
1689576264,,,D:\Counter-strike  Global Offensive\Counter-strike  Global Offensive\Valorant\Valorant 2023.07.13 - 15.48.57.16.DVR.mp4,132
1689576266,,,D:\Counter-strike  Global Offensive\Counter-strike  Global Offensive\Valorant\Valorant 2023.07.13 - 15.33.37.14.mp4,128
1689576266,,,D:\Counter-strike  Global Offensive\Counter-strike  Global Offensive\Valorant\Valorant 2023.07.13 - 13.56.50.12.DVR.mp4,132
1689576300,,,D:\Counter-strike  Global Offensive\Counter-strike  Global Offensive\Valorant\Valorant 2023.07.13 - 15.33.37.14.mp4,128
1689576302,,,D:\Counter-strike  Global Offensive\Counter-strike  Global Offensive\Valorant\Valorant 2023.07.13 - 13.56.50.12.DVR.mp4,132
1689576302,,,D:\Counter-strike  Global Offensive\Counter-strike  Global Offensive\Valorant\Valorant 2023.07.13 - 13.40.35.11.DVR.mp4,132
1689576303,,,D:\Counter-strike  Global Offensive\Counter-strike  Global Offensive\Valorant\Valorant 2023.07.13 - 12.59.05.10.DVR.mp4,132
1689576404,,,D:\Counter-strike  Global Offensive\Counter-strike  Global Offensive\Valorant\Valorant 2023.07.15 - 18.43.05.02.mp4,128
1689576414,,,D:\Counter-strike  Global Offensive\Counter-strike  Global Offensive\Valorant\Valorant 2023.07.14 - 16.10.15.04.DVR.mp4,132
1689576415,,,D:\Counter-strike  Global Offensive\Counter-strike  Global Offensive\Valorant\Valorant 2023.07.14 - 15.49.56.03.DVR.mp4,132
1689576416,,,D:\Counter-strike  Global Offensive\Counter-strike  Global Offensive\Valorant\Valorant 2023.07.14 - 15.23.40.02.DVR.mp4,132
1689576416,,,D:\Counter-strike  Global Offensive\Counter-strike  Global Offensive\Valorant\Valorant 2023.07.13 - 15.48.57.16.DVR.mp4,132
1689576417,,,D:\Counter-strike  Global Offensive\Counter-strike  Global Offensive\Valorant\Valorant 2023.07.13 - 15.33.37.14.mp4,128
1689576417,,,D:\Counter-strike  Global Offensive\Counter-strike  Global Offensive\Valorant\Valorant 2023.07.13 - 13.56.50.12.DVR.mp4,132
1689576418,,,D:\Counter-strike  Global Offensive\Counter-strike  Global Offensive\Valorant\Valorant 2023.07.13 - 13.40.35.11.DVR.mp4,132
1689576419,,,D:\Counter-strike  Global Offensive\Counter-strike  Global Offensive\Valorant\Valorant 2023.07.13 - 12.59.05.10.DVR.mp4,132
1689576712,,,E:\[SAIO-Raws] Monogatari Series [BD 1920x1080 HEVC-10bit OPUSx2]\P 破事精英2\08.mp4,101
1689576907,,,E:\[SAIO-Raws] Monogatari Series [BD 1920x1080 HEVC-10bit OPUSx2]\P 破事精英2\08.mp4,101
1689576942,,,E:\[SAIO-Raws] Monogatari Series [BD 1920x1080 HEVC-10bit OPUSx2]\P 破事精英2\08.mp4,101
1689576994,,,E:\[SAIO-Raws] Monogatari Series [BD 1920x1080 HEVC-10bit OPUSx2]\P 破事精英2\08.mp4,101
1689577135,,,E:\[SAIO-Raws] Monogatari Series [BD 1920x1080 HEVC-10bit OPUSx2]\P 破事精英2\08.mp4,101
1689577188,,,E:\[SAIO-Raws] Monogatari Series [BD 1920x1080 HEVC-10bit OPUSx2]\P 破事精英2\08.mp4,101
1689577544,81,【原画】 巴瑞.S02E04.HD1080P.YYeTs.中英双字.霸王龙压制组T-Rex.mp4,https://cn-beijing-data.aliyundrive.net/j4BdL8fk%2F7926%2F628098e279ad173098544240b718fa7022ce873b%2F628098e22fbb40a4660741d8a0399cb5a6fa5a6d?di=bj29&dr=87242051&f=649ae937f4d4f52dcd9049999abf893875f47dcb&response-content-disposition=attachment%3B%20filename%2A%3DUTF-8%27%27%25E5%25B7%25B4%25E7%2591%259E.S02E04.HD1080P.YYeTs.%25E4%25B8%25AD%25E8%258B%25B1%25E5%258F%258C%25E5%25AD%2597.%25E9%259C%25B8%25E7%258E%258B%25E9%25BE%2599%25E5%258E%258B%25E5%2588%25B6%25E7%25BB%2584T-Rex.mp4&security-token=CAIS%2BgF1q6Ft5B2yfSjIr5DCKfD5l6wW44Spb3%2FEtTgfO99C1oLO1jz2IHFPeHJrBeAYt%2FoxmW1X5vwSlq5rR4QAXlDfNTisIDKpqFHPWZHInuDox55m4cTXNAr%2BIhr%2F29CoEIedZdjBe%2FCrRknZnytou9XTfimjWFrXWv%2Fgy%2BQQDLItUxK%2FcCBNCfpPOwJms7V6D3bKMuu3OROY6Qi5TmgQ41Uh1jgjtPzkkpfFtkGF1GeXkLFF%2B97DRbG%2FdNRpMZtFVNO44fd7bKKp0lQLukMWr%2Fwq3PIdp2ma447NWQlLnzyCMvvJ9OVDFyN0aKEnH7J%2Bq%2FzxhTPrMnpkSlacGoABrHWLelDnsjqgVHE0dD7D%2BCkMJfRZrQGc5M3U1Z72epbCcNJazpHRaQVf7z2aQKF7utVtV9RrA37OJM032E8g2pv68H0gVp2dy3HNtwhPfqWWron4dTceTXTYNv4ww%2FQPrv0lyIK%2FaYxMUnJjbn0xwqBf9e0%2FFDRbfqU21COyasw%3D&u=6f09fff83e2e41c69a846f1a43fb606f&x-oss-access-key-id=STS.NSwbJMzs7TFBmYuQ8J7Pn9Ge4&x-oss-expires=1689692741&x-oss-signature=sP0wvpAQBUBXj8CN4Gor%2FGcLCRrWevR7Idc4wwSyl5k%3D&x-oss-signature-version=OSS2,1357
1689577671,81,【原画】 巴瑞.S02E04.HD1080P.YYeTs.中英双字.霸王龙压制组T-Rex.mp4,https://cn-beijing-data.aliyundrive.net/j4BdL8fk%2F7926%2F628098e279ad173098544240b718fa7022ce873b%2F628098e22fbb40a4660741d8a0399cb5a6fa5a6d?di=bj29&dr=87242051&f=649ae937f4d4f52dcd9049999abf893875f47dcb&response-content-disposition=attachment%3B%20filename%2A%3DUTF-8%27%27%25E5%25B7%25B4%25E7%2591%259E.S02E04.HD1080P.YYeTs.%25E4%25B8%25AD%25E8%258B%25B1%25E5%258F%258C%25E5%25AD%2597.%25E9%259C%25B8%25E7%258E%258B%25E9%25BE%2599%25E5%258E%258B%25E5%2588%25B6%25E7%25BB%2584T-Rex.mp4&security-token=CAIS%2BgF1q6Ft5B2yfSjIr5bCO%2B74vJhm2rLdV23ynFA0VOgevJPDrzz2IHFPeHJrBeAYt%2FoxmW1X5vwSlq5rR4QAXlDfNQGNYzGpqFHPWZHInuDox55m4cTXNAr%2BIhr%2F29CoEIedZdjBe%2FCrRknZnytou9XTfimjWFrXWv%2Fgy%2BQQDLItUxK%2FcCBNCfpPOwJms7V6D3bKMuu3OROY6Qi5TmgQ41Uh1jgjtPzkkpfFtkGF1GeXkLFF%2B97DRbG%2FdNRpMZtFVNO44fd7bKKp0lQLukMWr%2Fwq3PIdp2ma447NWQlLnzyCMvvJ9OVDFyN0aKEnH7J%2Bq%2FzxhTPrMnpkSlacGoABO%2FoDOfjkgJ2ZT8zWcF3iq83T%2BB6iK1MGZA9r4yi2Aq4%2FFWs8VExEGVY%2FYjZOxxJKkWk1rqQGOWJREINik7LbRhjmThucLoKV7x375%2B8pnddXJF64tue9rw6AqvmxTneBoryMcMgrwWxiVHom%2FuVyJOiS%2BuXbVMv9Mw4IPs1S4Sc%3D&u=6f09fff83e2e41c69a846f1a43fb606f&x-oss-access-key-id=STS.NUwpTLQGGmp6UKCxPaXg2SVhM&x-oss-expires=1689692869&x-oss-signature=tuonBxZbAiIewej44c0mnx5NVNl8FyHO7Fi2CC5xqYk%3D&x-oss-signature-version=OSS2,1361
1689578605,,,E:\[SAIO-Raws] Monogatari Series [BD 1920x1080 HEVC-10bit OPUSx2]\P 破事精英2\08.mp4,101
1689579628,81,【原画】 巴瑞.S02E05.HD1080P.YYeTs.中英双字.霸王龙压制组T-Rex.mp4,https://cn-beijing-data.aliyundrive.net/nXTiKzoN%2F7926%2F628098e3e766a80416e34811a2b5822c25eaede8%2F628098e3179e89128275433298bed3b533c71a61?di=bj29&dr=87242051&f=649ae937ebf22f1631604c2bbf7b5ce8591b0294&response-content-disposition=attachment%3B%20filename%2A%3DUTF-8%27%27%25E5%25B7%25B4%25E7%2591%259E.S02E05.HD1080P.YYeTs.%25E4%25B8%25AD%25E8%258B%25B1%25E5%258F%258C%25E5%25AD%2597.%25E9%259C%25B8%25E7%258E%258B%25E9%25BE%2599%25E5%258E%258B%25E5%2588%25B6%25E7%25BB%2584T-Rex.mp4&security-token=CAIS%2BgF1q6Ft5B2yfSjIr5DBDtv534kS0aSaakTirnUnZ8tYov3fizz2IHFPeHJrBeAYt%2FoxmW1X5vwSlq5rR4QAXlDfNTq%2BRjGpqFHPWZHInuDox55m4cTXNAr%2BIhr%2F29CoEIedZdjBe%2FCrRknZnytou9XTfimjWFrXWv%2Fgy%2BQQDLItUxK%2FcCBNCfpPOwJms7V6D3bKMuu3OROY6Qi5TmgQ41Uh1jgjtPzkkpfFtkGF1GeXkLFF%2B97DRbG%2FdNRpMZtFVNO44fd7bKKp0lQLukMWr%2Fwq3PIdp2ma447NWQlLnzyCMvvJ9OVDFyN0aKEnH7J%2Bq%2FzxhTPrMnpkSlacGoABK7z%2Fx3amr21yV4CLIXrwnBNo%2FVncv2R8APDDIxlBXLUWG%2FUWhcQilm6zoA8qsKo%2FtYOC0uFWbJIJ4WmM2PHidNoWmqo8uFS4SIZAw2F2JlZNeo%2B7Ga3%2B7qaqsb4TXRuiGUen31yJmSYHouU7to0CwmmmrPH5GoWTL7cOkxnSmP0%3D&u=6f09fff83e2e41c69a846f1a43fb606f&x-oss-access-key-id=STS.NStEaM2V3ffqhbSJurkDtM8ti&x-oss-expires=1689694824&x-oss-signature=iRYOOEPBfqvF7sqYidxGLomv3Vnv8YJ8LVV9MPL6%2FV8%3D&x-oss-signature-version=OSS2,1361
1689579639,81,【原画】 巴瑞.S02E05.HD1080P.YYeTs.中英双字.霸王龙压制组T-Rex.mp4,https://cn-beijing-data.aliyundrive.net/nXTiKzoN%2F7926%2F628098e3e766a80416e34811a2b5822c25eaede8%2F628098e3179e89128275433298bed3b533c71a61?di=bj29&dr=87242051&f=649ae937ebf22f1631604c2bbf7b5ce8591b0294&response-content-disposition=attachment%3B%20filename%2A%3DUTF-8%27%27%25E5%25B7%25B4%25E7%2591%259E.S02E05.HD1080P.YYeTs.%25E4%25B8%25AD%25E8%258B%25B1%25E5%258F%258C%25E5%25AD%2597.%25E9%259C%25B8%25E7%258E%258B%25E9%25BE%2599%25E5%258E%258B%25E5%2588%25B6%25E7%25BB%2584T-Rex.mp4&security-token=CAIS%2BgF1q6Ft5B2yfSjIr5DBDtv534kS0aSaakTirnUnZ8tYov3fizz2IHFPeHJrBeAYt%2FoxmW1X5vwSlq5rR4QAXlDfNTq%2BRjGpqFHPWZHInuDox55m4cTXNAr%2BIhr%2F29CoEIedZdjBe%2FCrRknZnytou9XTfimjWFrXWv%2Fgy%2BQQDLItUxK%2FcCBNCfpPOwJms7V6D3bKMuu3OROY6Qi5TmgQ41Uh1jgjtPzkkpfFtkGF1GeXkLFF%2B97DRbG%2FdNRpMZtFVNO44fd7bKKp0lQLukMWr%2Fwq3PIdp2ma447NWQlLnzyCMvvJ9OVDFyN0aKEnH7J%2Bq%2FzxhTPrMnpkSlacGoABK7z%2Fx3amr21yV4CLIXrwnBNo%2FVncv2R8APDDIxlBXLUWG%2FUWhcQilm6zoA8qsKo%2FtYOC0uFWbJIJ4WmM2PHidNoWmqo8uFS4SIZAw2F2JlZNeo%2B7Ga3%2B7qaqsb4TXRuiGUen31yJmSYHouU7to0CwmmmrPH5GoWTL7cOkxnSmP0%3D&u=6f09fff83e2e41c69a846f1a43fb606f&x-oss-access-key-id=STS.NStEaM2V3ffqhbSJurkDtM8ti&x-oss-expires=1689694824&x-oss-signature=iRYOOEPBfqvF7sqYidxGLomv3Vnv8YJ8LVV9MPL6%2FV8%3D&x-oss-signature-version=OSS2,1361
1689579916,81,【原画】 巴瑞.S02E05.HD1080P.YYeTs.中英双字.霸王龙压制组T-Rex.mp4,https://cn-beijing-data.aliyundrive.net/nXTiKzoN%2F7926%2F628098e3e766a80416e34811a2b5822c25eaede8%2F628098e3179e89128275433298bed3b533c71a61?di=bj29&dr=87242051&f=649ae937ebf22f1631604c2bbf7b5ce8591b0294&response-content-disposition=attachment%3B%20filename%2A%3DUTF-8%27%27%25E5%25B7%25B4%25E7%2591%259E.S02E05.HD1080P.YYeTs.%25E4%25B8%25AD%25E8%258B%25B1%25E5%258F%258C%25E5%25AD%2597.%25E9%259C%25B8%25E7%258E%258B%25E9%25BE%2599%25E5%258E%258B%25E5%2588%25B6%25E7%25BB%2584T-Rex.mp4&security-token=CAIS%2BgF1q6Ft5B2yfSjIr5WHIO763Ol7wPOtdELT3XEifNx2nqLgsTz2IHFPeHJrBeAYt%2FoxmW1X5vwSlq5rR4QAXlDfNRjhBDKpqFHPWZHInuDox55m4cTXNAr%2BIhr%2F29CoEIedZdjBe%2FCrRknZnytou9XTfimjWFrXWv%2Fgy%2BQQDLItUxK%2FcCBNCfpPOwJms7V6D3bKMuu3OROY6Qi5TmgQ41Uh1jgjtPzkkpfFtkGF1GeXkLFF%2B97DRbG%2FdNRpMZtFVNO44fd7bKKp0lQLukMWr%2Fwq3PIdp2ma447NWQlLnzyCMvvJ9OVDFyN0aKEnH7J%2Bq%2FzxhTPrMnpkSlacGoABqw4fnzS5abEOAPDVXsf76mVyA34WpuZl2%2Fx9YngRCknZUmUSmlZxsRgZILIazuiYy7H5wh0XozyAydVmW6zhs3CDVPcSAudmVtcsNc%2FAzOinWzmHBWwXFz1G0g9nflnXZh3E%2FyCeOQ1EPlV%2BJmM4ZYkCpWYxSv%2FrBXaWzU9UrrI%3D&u=6f09fff83e2e41c69a846f1a43fb606f&x-oss-access-key-id=STS.NV2kTN16Zw1Fvdb9qwpSZqgKS&x-oss-expires=1689695113&x-oss-signature=QFFwVSIbmw00Su2xAfKo7C6wmPmk8aAu41oPkRIndWU%3D&x-oss-signature-version=OSS2,1355
1689581188,81,【原画】 巴瑞.S02E06.HD1080P.YYeTs.中英双字.霸王龙压制组T-Rex.mp4,https://cn-beijing-data.aliyundrive.net/Fcj2Gvpa%2F7926%2F628099988a3a17b880f14bb7801d35406c5c695a%2F628099985cc5dd69a50e4f78b92698b2029cdf20?di=bj29&dr=87242051&f=649ae9374e2c91d013a4450aa94cfe2b0524fd23&response-content-disposition=attachment%3B%20filename%2A%3DUTF-8%27%27%25E5%25B7%25B4%25E7%2591%259E.S02E06.HD1080P.YYeTs.%25E4%25B8%25AD%25E8%258B%25B1%25E5%258F%258C%25E5%25AD%2597.%25E9%259C%25B8%25E7%258E%258B%25E9%25BE%2599%25E5%258E%258B%25E5%2588%25B6%25E7%25BB%2584T-Rex.mp4&security-token=CAIS%2BgF1q6Ft5B2yfSjIr5bUEvnVq5hx1JLYNxLDvEoRSblmjaf6kzz2IHFPeHJrBeAYt%2FoxmW1X5vwSlq5rR4QAXlDfNXyADjKpqFHPWZHInuDox55m4cTXNAr%2BIhr%2F29CoEIedZdjBe%2FCrRknZnytou9XTfimjWFrXWv%2Fgy%2BQQDLItUxK%2FcCBNCfpPOwJms7V6D3bKMuu3OROY6Qi5TmgQ41Uh1jgjtPzkkpfFtkGF1GeXkLFF%2B97DRbG%2FdNRpMZtFVNO44fd7bKKp0lQLukMWr%2Fwq3PIdp2ma447NWQlLnzyCMvvJ9OVDFyN0aKEnH7J%2Bq%2FzxhTPrMnpkSlacGoABHyvDSlyx9rdXoxJwevlXSKp5WLoHpMAOHqIvBGTdWLpAtLhv%2F3%2Fh8g7fCHtFINU8N3OJnjfmk2whk40hO07B7tmlK3b4%2BxGfD7jj8%2FmGHMYy7wvhogw%2BRP%2FNZLIqtLjNSpkGIoDphm%2FmORLLGRA0%2F2gWDRHslffeQGoHCQXMdw8%3D&u=6f09fff83e2e41c69a846f1a43fb606f&x-oss-access-key-id=STS.NUaYCaFGPcP354rXJDE6JbbQq&x-oss-expires=1689696383&x-oss-signature=n%2BcZZkirJ4lLipPLrAYvug%2BFEcVUwksY%2B5nvJsfvd3s%3D&x-oss-signature-version=OSS2,1367
1689581440,89,【原画】 闪电侠 (2023) - The.Flash.2023.1080p.GPLAY.WEB-DL.DDP5.1.H.264-ZigZag.mkv,https://cn-beijing-data.aliyundrive.net/s3pXPPfy%2F607180%2F64b4b60a7a07eb34b15a4bc7b803ef5b322a8d86%2F64b4b60ae82967302d8a440abf47babf497815a6?di=bj29&dr=87242051&f=64b4f7542b5d28740acd4ac7a16af8c636970114&response-content-disposition=attachment%3B%20filename%2A%3DUTF-8%27%27%25E9%2597%25AA%25E7%2594%25B5%25E4%25BE%25A0%2520%25282023%2529%2520-%2520The.Flash.2023.1080p.GPLAY.WEB-DL.DDP5.1.H.264-ZigZag.mkv&security-token=CAIS%2BgF1q6Ft5B2yfSjIr5aCA8Phgr5Z4ayKUk%2FhtXJgWeEbo4KStDz2IHFPeHJrBeAYt%2FoxmW1X5vwSlq5rR4QAXlDfNSzaGSipqFHPWZHInuDox55m4cTXNAr%2BIhr%2F29CoEIedZdjBe%2FCrRknZnytou9XTfimjWFrXWv%2Fgy%2BQQDLItUxK%2FcCBNCfpPOwJms7V6D3bKMuu3OROY6Qi5TmgQ41Uh1jgjtPzkkpfFtkGF1GeXkLFF%2B97DRbG%2FdNRpMZtFVNO44fd7bKKp0lQLukMWr%2Fwq3PIdp2ma447NWQlLnzyCMvvJ9OVDFyN0aKEnH7J%2Bq%2FzxhTPrMnpkSlacGoABqlO78ZcIQE4ci0geawDg5k%2Fl2xlBKBkJoGkAbZVLPLeWySrYKMHdgat2pfmUyQHiX56TwQBXNg2YpObj4W%2BsuL3LGKMEUUoAlfQDUrcc6Aewvdg0s3eOzVOSHriaSeZyzcjlK%2Fcyrmss%2FttoiLUAF5NS6rQiUJ%2B846fGT9nh6AY%3D&u=6f09fff83e2e41c69a846f1a43fb606f&x-oss-access-key-id=STS.NU7HyUoaxVnaPiPQr5Un7LG9V&x-oss-expires=1689696637&x-oss-signature=ruc6HU7s1a2zZQim0y2GqKLO7UE%2Bu7eQbXVzQc26Brs%3D&x-oss-signature-version=OSS2,1289
1689581550,79,【原画】 The.Flash.2023.1080p.WEB-DL.Chs&Eng.+.Cht&Eng.DDP5.1.H.264-Q66.mkv,https://cn-beijing-data.aliyundrive.net/yhg4fGm4%2F21256040%2F64b4d396e94516aa3fdc4fdc97620b49b25a5d89%2F64b4d3961e735d7a87d347f8a6c9828bc661ddfc?di=bj29&dr=87242051&f=64b4f7e1dce3ae62c6a1443d922fc63843f0169a&response-content-disposition=attachment%3B%20filename%2A%3DUTF-8%27%27The.Flash.2023.1080p.WEB-DL.Chs%26Eng.%2B.Cht%26Eng.DDP5.1.H.264-Q66.mkv&security-token=CAIS%2BgF1q6Ft5B2yfSjIr5bQG%2BnQj55YxoigeGLChUgEbc5%2Bp7%2FPqjz2IHFPeHJrBeAYt%2FoxmW1X5vwSlq5rR4QAXlDfNXLlCCipqFHPWZHInuDox55m4cTXNAr%2BIhr%2F29CoEIedZdjBe%2FCrRknZnytou9XTfimjWFrXWv%2Fgy%2BQQDLItUxK%2FcCBNCfpPOwJms7V6D3bKMuu3OROY6Qi5TmgQ41Uh1jgjtPzkkpfFtkGF1GeXkLFF%2B97DRbG%2FdNRpMZtFVNO44fd7bKKp0lQLukMWr%2Fwq3PIdp2ma447NWQlLnzyCMvvJ9OVDFyN0aKEnH7J%2Bq%2FzxhTPrMnpkSlacGoABohEvnT15k1oGvZtreomgMFZ%2BZUwF8%2BAOZjYmdD2zLh46iQXXZaoonwPAnZfmpdbEZo41G%2Bh4eKkGGEntKGDvtIn2H8pUJO73gwsZSteUTMRJxHxr8k%2BubuRnF%2FpovoPzVh2dwgnr3qBP2n9n1ObT7G8Bxomfb1orlpwQUjYQoJQ%3D&u=6f09fff83e2e41c69a846f1a43fb606f&x-oss-access-key-id=STS.NUePSdbAyqJKzDsaHQaARHzdH&x-oss-expires=1689696747&x-oss-signature=hyWhnnWOLWXSxmvd5KkuMnrDKW6JWhYs88U96sl6WZc%3D&x-oss-signature-version=OSS2,1223
1689743140,81,【原画】 巴瑞.S02E07.HD1080P.YYeTs.中英双字.霸王龙压制组T-Rex.mp4,https://cn-beijing-data.aliyundrive.net/vxTJ19mJ%2F7926%2F628098f4f8b48b8d536a4ba69e728c2c469ddcd7%2F628098f47c74e8b9b29347c8b66a7f4a78da05e5?di=bj29&dr=87242051&f=649ae937d27a2157efa94125b820218773937d0a&response-content-disposition=attachment%3B%20filename%2A%3DUTF-8%27%27%25E5%25B7%25B4%25E7%2591%259E.S02E07.HD1080P.YYeTs.%25E4%25B8%25AD%25E8%258B%25B1%25E5%258F%258C%25E5%25AD%2597.%25E9%259C%25B8%25E7%258E%258B%25E9%25BE%2599%25E5%258E%258B%25E5%2588%25B6%25E7%25BB%2584T-Rex.mp4&security-token=CAIS%2BgF1q6Ft5B2yfSjIr5aNAPTamO5r%2FPSAeFLbqncdbvpLqpXZqDz2IHFPeHJrBeAYt%2FoxmW1X5vwSlq5rR4QAXlDfNU3QFmCoqFHPWZHInuDox55m4cTXNAr%2BIhr%2F29CoEIedZdjBe%2FCrRknZnytou9XTfimjWFrXWv%2Fgy%2BQQDLItUxK%2FcCBNCfpPOwJms7V6D3bKMuu3OROY6Qi5TmgQ41Uh1jgjtPzkkpfFtkGF1GeXkLFF%2B97DRbG%2FdNRpMZtFVNO44fd7bKKp0lQLukMWr%2Fwq3PIdp2ma447NWQlLnzyCMvvJ9OVDFyN0aKEnH7J%2Bq%2FzxhTPrMnpkSlacGoABgkkgzAknLHMqqOFUOmYb0oWuYOOn%2FYryvLZOaHDNP8TYqRnHj2M8W%2FFvzRMLoYl4dwE99NS9iRXDve3aeAl3z8VkAmpJH6LGmk17543DcwmTVhG%2Fmc7XnqwtmVfm6whQzMPJWWZbbOFdd%2Bgt2KcKb97P9T%2B1Izln2WHOS5F3AzU%3D&u=6f09fff83e2e41c69a846f1a43fb606f&x-oss-access-key-id=STS.NU8KNnu1JK6kztjNwHbugEPrJ&x-oss-expires=1689858334&x-oss-signature=zmec%2F7jUX%2FOqG3MnPbINzdFPntrZAK63AkE3LLFOSkU%3D&x-oss-signature-version=OSS2,1361
1689743250,81,【原画】 巴瑞.S02E07.HD1080P.YYeTs.中英双字.霸王龙压制组T-Rex.mp4,https://cn-beijing-data.aliyundrive.net/vxTJ19mJ%2F7926%2F628098f4f8b48b8d536a4ba69e728c2c469ddcd7%2F628098f47c74e8b9b29347c8b66a7f4a78da05e5?di=bj29&dr=87242051&f=649ae937d27a2157efa94125b820218773937d0a&response-content-disposition=attachment%3B%20filename%2A%3DUTF-8%27%27%25E5%25B7%25B4%25E7%2591%259E.S02E07.HD1080P.YYeTs.%25E4%25B8%25AD%25E8%258B%25B1%25E5%258F%258C%25E5%25AD%2597.%25E9%259C%25B8%25E7%258E%258B%25E9%25BE%2599%25E5%258E%258B%25E5%2588%25B6%25E7%25BB%2584T-Rex.mp4&security-token=CAIS%2BgF1q6Ft5B2yfSjIr5bgIsmBirx05rqGbHzrk20PQLpCmo3JqDz2IHFPeHJrBeAYt%2FoxmW1X5vwSlq5rR4QAXlDfNT7jOGeoqFHPWZHInuDox55m4cTXNAr%2BIhr%2F29CoEIedZdjBe%2FCrRknZnytou9XTfimjWFrXWv%2Fgy%2BQQDLItUxK%2FcCBNCfpPOwJms7V6D3bKMuu3OROY6Qi5TmgQ41Uh1jgjtPzkkpfFtkGF1GeXkLFF%2B97DRbG%2FdNRpMZtFVNO44fd7bKKp0lQLukMWr%2Fwq3PIdp2ma447NWQlLnzyCMvvJ9OVDFyN0aKEnH7J%2Bq%2FzxhTPrMnpkSlacGoABLiUut4vKEniRkXhzKAsZDICxUjpyn8Q%2F1slSsxivIhPbFeid%2FQNEEAV2ltwC6100nEmF3iUrLlXdMF0hjOzH9qh3YAWbjkbC2uWqy50kWBxhb%2BjF2wOiDSEipXgQ6f20%2BFF2L08jhG8AU2wXwMKz2e60X1LTX3YNpddJ6%2B5faO4%3D&u=6f09fff83e2e41c69a846f1a43fb606f&x-oss-access-key-id=STS.NUUis5gcUQxmnZZwmZL5nuHbJ&x-oss-expires=1689858447&x-oss-signature=OvJTnzcrk4abgheBHmkclC3FTk%2BpHqilDuF%2F5sn%2BLZY%3D&x-oss-signature-version=OSS2,1361
1689753311,,,E:\[SAIO-Raws] Monogatari Series [BD 1920x1080 HEVC-10bit OPUSx2]\P 破事精英2\08.mp4,101
1689753415,81,【原画】 巴瑞.S02E07.HD1080P.YYeTs.中英双字.霸王龙压制组T-Rex.mp4,https://cn-beijing-data.aliyundrive.net/vxTJ19mJ%2F7926%2F628098f4f8b48b8d536a4ba69e728c2c469ddcd7%2F628098f47c74e8b9b29347c8b66a7f4a78da05e5?di=bj29&dr=87242051&f=649ae937d27a2157efa94125b820218773937d0a&response-content-disposition=attachment%3B%20filename%2A%3DUTF-8%27%27%25E5%25B7%25B4%25E7%2591%259E.S02E07.HD1080P.YYeTs.%25E4%25B8%25AD%25E8%258B%25B1%25E5%258F%258C%25E5%25AD%2597.%25E9%259C%25B8%25E7%258E%258B%25E9%25BE%2599%25E5%258E%258B%25E5%2588%25B6%25E7%25BB%2584T-Rex.mp4&security-token=CAIS%2BgF1q6Ft5B2yfSjIr5btJv%2FhlZJs5qyvRUHwlEMWTuddlZzRiTz2IHFPeHJrBeAYt%2FoxmW1X5vwSlq5rR4QAXlDfNTLVAl%2BoqFHPWZHInuDox55m4cTXNAr%2BIhr%2F29CoEIedZdjBe%2FCrRknZnytou9XTfimjWFrXWv%2Fgy%2BQQDLItUxK%2FcCBNCfpPOwJms7V6D3bKMuu3OROY6Qi5TmgQ41Uh1jgjtPzkkpfFtkGF1GeXkLFF%2B97DRbG%2FdNRpMZtFVNO44fd7bKKp0lQLukMWr%2Fwq3PIdp2ma447NWQlLnzyCMvvJ9OVDFyN0aKEnH7J%2Bq%2FzxhTPrMnpkSlacGoABTdr%2BAXDi%2Fgn9ED8r%2F5YJEwHnjxUpQKTz96LcY7m%2BAXMlB1n%2BgH0ZPiQ2Lmn%2FMX0NOq3pA2YT6kgDsvJqufRdbTwqJmTnl7LVnEqJl7wUfN8ULEIlCBFlqnafADnv634df6qimg%2FR8kDN51k2riTZmiltdfYhnEaVocVm3cLTkaw%3D&u=6f09fff83e2e41c69a846f1a43fb606f&x-oss-access-key-id=STS.NUXmEUxMMQnDGgApCCBhqzYzk&x-oss-expires=1689868611&x-oss-signature=btNY3cX7%2FGEdqQYDgW627aYNLz%2F%2FGHxGDicemcNQrmg%3D&x-oss-signature-version=OSS2,1369
1689755011,81,【原画】 巴瑞.S02E07.HD1080P.YYeTs.中英双字.霸王龙压制组T-Rex.mp4,https://cn-beijing-data.aliyundrive.net/vxTJ19mJ%2F7926%2F628098f4f8b48b8d536a4ba69e728c2c469ddcd7%2F628098f47c74e8b9b29347c8b66a7f4a78da05e5?di=bj29&dr=87242051&f=649ae937d27a2157efa94125b820218773937d0a&response-content-disposition=attachment%3B%20filename%2A%3DUTF-8%27%27%25E5%25B7%25B4%25E7%2591%259E.S02E07.HD1080P.YYeTs.%25E4%25B8%25AD%25E8%258B%25B1%25E5%258F%258C%25E5%25AD%2597.%25E9%259C%25B8%25E7%258E%258B%25E9%25BE%2599%25E5%258E%258B%25E5%2588%25B6%25E7%25BB%2584T-Rex.mp4&security-token=CAIS%2BgF1q6Ft5B2yfSjIr5eDLtzcl7lH%2BvPZMRTgnTU9ert0ufPPkTz2IHFPeHJrBeAYt%2FoxmW1X5vwSlq5rR4QAXlDfNW%2FCEV%2BoqFHPWZHInuDox55m4cTXNAr%2BIhr%2F29CoEIedZdjBe%2FCrRknZnytou9XTfimjWFrXWv%2Fgy%2BQQDLItUxK%2FcCBNCfpPOwJms7V6D3bKMuu3OROY6Qi5TmgQ41Uh1jgjtPzkkpfFtkGF1GeXkLFF%2B97DRbG%2FdNRpMZtFVNO44fd7bKKp0lQLukMWr%2Fwq3PIdp2ma447NWQlLnzyCMvvJ9OVDFyN0aKEnH7J%2Bq%2FzxhTPrMnpkSlacGoABB5sv0hVwyjF4nXXY%2BA6Yn1tMJI%2BDiN9pEKBY64CxwTPQa1v%2B%2BA7l1uMlI9PYbJgY4gM52nH1wrGxasZASCmURLBg1rZSlM9QWJMR4otxBun63%2BDnzMXB6OX3ctfVRUUdCc%2Flon%2FZL%2B%2Bo%2FcG5OaD0p9qjtH1%2BjrhV3OCxlKNwqYM%3D&u=6f09fff83e2e41c69a846f1a43fb606f&x-oss-access-key-id=STS.NT6efhzffM1232Qy5hv4XV6ds&x-oss-expires=1689870207&x-oss-signature=xv0CLJfRaBQp1DyHGwvcTUNIxGyadEUaDjtR2ubEUdQ%3D&x-oss-signature-version=OSS2,1373
1689755207,81,【原画】 巴瑞.S02E08.HD1080P.YYeTs.中英双字.霸王龙压制组T-Rex.mp4,https://cn-beijing-data.aliyundrive.net/fwEwx3Lv%2F7926%2F628099a298b9661bee694c46bdf9f366c6657599%2F628099a2e943172016274cadaceab50beca9cc87?di=bj29&dr=87242051&f=649ae93711e2f393414b4bbdbb4aad8b27fc0476&response-content-disposition=attachment%3B%20filename%2A%3DUTF-8%27%27%25E5%25B7%25B4%25E7%2591%259E.S02E08.HD1080P.YYeTs.%25E4%25B8%25AD%25E8%258B%25B1%25E5%258F%258C%25E5%25AD%2597.%25E9%259C%25B8%25E7%258E%258B%25E9%25BE%2599%25E5%258E%258B%25E5%2588%25B6%25E7%25BB%2584T-Rex.mp4&security-token=CAIS%2BgF1q6Ft5B2yfSjIr5eMfejnl7VGwbqxT1z8tTQUabZ%2B2Z3GpTz2IHFPeHJrBeAYt%2FoxmW1X5vwSlq5rR4QAXlDfNXLxDF%2BoqFHPWZHInuDox55m4cTXNAr%2BIhr%2F29CoEIedZdjBe%2FCrRknZnytou9XTfimjWFrXWv%2Fgy%2BQQDLItUxK%2FcCBNCfpPOwJms7V6D3bKMuu3OROY6Qi5TmgQ41Uh1jgjtPzkkpfFtkGF1GeXkLFF%2B97DRbG%2FdNRpMZtFVNO44fd7bKKp0lQLukMWr%2Fwq3PIdp2ma447NWQlLnzyCMvvJ9OVDFyN0aKEnH7J%2Bq%2FzxhTPrMnpkSlacGoABiJ19WUPJ5gduAJCtlMHp9KPinul8hKSnp3POVGDSvjsC8BRFCHnif4Jvvu8F9RcdfhCF0ox0Wcylzii3W1KIQGjERWGEGJEBnQNU0VVTKXeI74EGwjW21RMx%2BQECMIvkLtgPJpHc2YhJKfwRHwOEdQLdsWsXBKjxECIlgJ3niuA%3D&u=6f09fff83e2e41c69a846f1a43fb606f&x-oss-access-key-id=STS.NT96RSzjgvxZMzMQ4Ae9R6XmG&x-oss-expires=1689870403&x-oss-signature=qubp7FTY0MUjUMvetcZ8n6CgqPHh00lcYklpgxRdiYY%3D&x-oss-signature-version=OSS2,1351
1689755362,81,【原画】 巴瑞.S02E08.HD1080P.YYeTs.中英双字.霸王龙压制组T-Rex.mp4,https://cn-beijing-data.aliyundrive.net/fwEwx3Lv%2F7926%2F628099a298b9661bee694c46bdf9f366c6657599%2F628099a2e943172016274cadaceab50beca9cc87?di=bj29&dr=87242051&f=649ae93711e2f393414b4bbdbb4aad8b27fc0476&response-content-disposition=attachment%3B%20filename%2A%3DUTF-8%27%27%25E5%25B7%25B4%25E7%2591%259E.S02E08.HD1080P.YYeTs.%25E4%25B8%25AD%25E8%258B%25B1%25E5%258F%258C%25E5%25AD%2597.%25E9%259C%25B8%25E7%258E%258B%25E9%25BE%2599%25E5%258E%258B%25E5%2588%25B6%25E7%25BB%2584T-Rex.mp4&security-token=CAIS%2BgF1q6Ft5B2yfSjIr5fff%2BqGjJ0V0vSMM0f7pXA7Tv5v3Zzvjzz2IHFPeHJrBeAYt%2FoxmW1X5vwSlq5rR4QAXlDfNXXWEF6oqFHPWZHInuDox55m4cTXNAr%2BIhr%2F29CoEIedZdjBe%2FCrRknZnytou9XTfimjWFrXWv%2Fgy%2BQQDLItUxK%2FcCBNCfpPOwJms7V6D3bKMuu3OROY6Qi5TmgQ41Uh1jgjtPzkkpfFtkGF1GeXkLFF%2B97DRbG%2FdNRpMZtFVNO44fd7bKKp0lQLukMWr%2Fwq3PIdp2ma447NWQlLnzyCMvvJ9OVDFyN0aKEnH7J%2Bq%2FzxhTPrMnpkSlacGoABV4sCjdQdkiqJulB0jH0POcJXxb%2BHEuESU1IO%2FWbr1KSO%2FMFx926GHPZSTryw8uLgMVWq71HB0MbN3aRHsRvTdvcZzZxSiZUq8tb1gl0vy6kzu2prUJCeUF2pi5f3qBgQt9tWKrjITFGauH17UmtuUb%2B3Y6BmL4pVPTSLEB1SJM0%3D&u=6f09fff83e2e41c69a846f1a43fb606f&x-oss-access-key-id=STS.NTj4P2aB4e6g1aJApnBqC2YDm&x-oss-expires=1689870560&x-oss-signature=fXneBrzCoiinN5f%2B3vb%2B%2BtzRJNowJFkI0XIjySU5Kc4%3D&x-oss-signature-version=OSS2,1361
1689757349,75,【原画】 巴瑞.S03E01.HD1080P.官方中字.霸王龙压制组T-Rex.mp4,https://cn-beijing-data.aliyundrive.net/D9Y9iW6m%2F7926%2F62808ca881fcc9da31414954930930d946c3767b%2F62808ca84c126ad0db174d9d8e3333f5fc76aa43?di=bj29&dr=87242051&f=649ae9376f047f7c7737475e9b89b37833cf7c3b&response-content-disposition=attachment%3B%20filename%2A%3DUTF-8%27%27%25E5%25B7%25B4%25E7%2591%259E.S03E01.HD1080P.%25E5%25AE%2598%25E6%2596%25B9%25E4%25B8%25AD%25E5%25AD%2597.%25E9%259C%25B8%25E7%258E%258B%25E9%25BE%2599%25E5%258E%258B%25E5%2588%25B6%25E7%25BB%2584T-Rex.mp4&security-token=CAIS%2BgF1q6Ft5B2yfSjIr5fACovkg%2B4V9ZqeT2T7hXY%2BQshci6DRuzz2IHFPeHJrBeAYt%2FoxmW1X5vwSlq5rR4QAXlDfNQnRFl6oqFHPWZHInuDox55m4cTXNAr%2BIhr%2F29CoEIedZdjBe%2FCrRknZnytou9XTfimjWFrXWv%2Fgy%2BQQDLItUxK%2FcCBNCfpPOwJms7V6D3bKMuu3OROY6Qi5TmgQ41Uh1jgjtPzkkpfFtkGF1GeXkLFF%2B97DRbG%2FdNRpMZtFVNO44fd7bKKp0lQLukMWr%2Fwq3PIdp2ma447NWQlLnzyCMvvJ9OVDFyN0aKEnH7J%2Bq%2FzxhTPrMnpkSlacGoABW7Xisv8nCTvOIvtTqcyXsFCyd8giDvKTpm3WPLUXCeo0F3DMszxGJf62KHhnNCcn1xCzhOoJnPSahrY24yf03DC58qTK845TMTtGa7FTUxHaszDMpdCNWkPLiDmKdHzORgA5mtXXo6M%2FPn6VOOae1343cQH4ealYePyQC1dIT8E%3D&u=6f09fff83e2e41c69a846f1a43fb606f&x-oss-access-key-id=STS.NTuA1Pn14BXuMBJavkNGpdezY&x-oss-expires=1689872546&x-oss-signature=GJKcBFYXL2FCxC4BNYKmg8UKkm5C4BwXIE2crBEUf%2FI%3D&x-oss-signature-version=OSS2,1341
1689757722,,,E:\[SAIO-Raws] Monogatari Series [BD 1920x1080 HEVC-10bit OPUSx2]\Friends(Uncut71G)\FriendsSeason01\[老友记].Friends.S01E02.The.One.With.The.Sonogram.At.The.End.mkv,180
1689757780,,,E:\[SAIO-Raws] Monogatari Series [BD 1920x1080 HEVC-10bit OPUSx2]\Friends(Uncut71G)\FriendsSeason01\[老友记].Friends.S01E02.The.One.With.The.Sonogram.At.The.End.mkv,180
1689757808,,,E:\[SAIO-Raws] Monogatari Series [BD 1920x1080 HEVC-10bit OPUSx2]\Friends(Uncut71G)\FriendsSeason01\[老友记].Friends.S01E02.The.One.With.The.Sonogram.At.The.End.mkv,180
1689765946,75,【原画】 巴瑞.S03E02.HD1080P.官方中字.霸王龙压制组T-Rex.mp4,https://cn-beijing-data.aliyundrive.net/DgcnBeJZ%2F7926%2F62808ca8f28826a02fb34d93b928b2899100198d%2F62808ca8de71d58aea8343f4a0991983ad575c5d?di=bj29&dr=87242051&f=649ae936bd7d492ddd494816b70eff04e06054e3&response-content-disposition=attachment%3B%20filename%2A%3DUTF-8%27%27%25E5%25B7%25B4%25E7%2591%259E.S03E02.HD1080P.%25E5%25AE%2598%25E6%2596%25B9%25E4%25B8%25AD%25E5%25AD%2597.%25E9%259C%25B8%25E7%258E%258B%25E9%25BE%2599%25E5%258E%258B%25E5%2588%25B6%25E7%25BB%2584T-Rex.mp4&security-token=CAIS%2BgF1q6Ft5B2yfSjIr5b0ePLah5psgq%2BSNmTgslkiSNt12KLK0Dz2IHFPeHJrBeAYt%2FoxmW1X5vwSlq5rR4QAXlDfNReTdlWoqFHPWZHInuDox55m4cTXNAr%2BIhr%2F29CoEIedZdjBe%2FCrRknZnytou9XTfimjWFrXWv%2Fgy%2BQQDLItUxK%2FcCBNCfpPOwJms7V6D3bKMuu3OROY6Qi5TmgQ41Uh1jgjtPzkkpfFtkGF1GeXkLFF%2B97DRbG%2FdNRpMZtFVNO44fd7bKKp0lQLukMWr%2Fwq3PIdp2ma447NWQlLnzyCMvvJ9OVDFyN0aKEnH7J%2Bq%2FzxhTPrMnpkSlacGoABQaQDsw1KBhQp%2BPI%2Fo52PIzNGIWpjO0sCc%2BDXGz7gFYgn1%2BlW6uK9%2FFqfGQO5eIAqysl7cIaN4qny64RoWtNeWo0FhC89CpK3FkkmIwKKTV7LxAkQvFyuw3J90UippFDnc0U6muk8%2BbYAciVKqvuYPvB0CraNVVZ%2FzSf8Eh0jMrc%3D&u=6f09fff83e2e41c69a846f1a43fb606f&x-oss-access-key-id=STS.NUA3HnjEM5my4BQVYwDTY7ga2&x-oss-expires=1689881143&x-oss-signature=j8PeKRCme1%2FvAua561DnGo%2BNYpDkSOmPH7CercWFl%2Bk%3D&x-oss-signature-version=OSS2,1355
1689767000,,,E:\[SAIO-Raws] Monogatari Series [BD 1920x1080 HEVC-10bit OPUSx2]\M 弥留之国的爱丽丝 1-2季全\弥留之国的爱丽丝 第一季（2020）4K\1080P\弥留之国的爱丽丝.今際の国のアリス シーズン.2020.S01E06.1080p.H264-MapoTofu.mp4,267
1689767061,,,E:\[SAIO-Raws] Monogatari Series [BD 1920x1080 HEVC-10bit OPUSx2]\P 破事精英2\08.mp4,101
1689767147,,,E:\[SAIO-Raws] Monogatari Series [BD 1920x1080 HEVC-10bit OPUSx2]\02.伪物语\[SAIO-Raws] Nisemonogatari 02 [BD 1920x1080 HEVC-10bit OPUSx2 ASSx4].mkv,164
1689767654,85,【原画】 [SAIO-Raws] Nisemonogatari 02 [BD 1920x1080 HEVC-10bit OPUSx2 ASSx4].mkv,https://cn-beijing-data.aliyundrive.net/5fe5d7c356846b2d133f476c9ad82ae7f5ff3e23%2F5fe5d7c311ad06dacd7f48e8b9f74f6d144f0550?di=bj29&dr=87242051&f=62f844dd13fd5d5e20e842ba8b0bc29f9dfe9a14&response-content-disposition=attachment%3B%20filename%2A%3DUTF-8%27%27%255BSAIO-Raws%255D%2520Nisemonogatari%252002%2520%255BBD%25201920x1080%2520HEVC-10bit%2520OPUSx2%2520ASSx4%255D.mkv&security-token=CAIS%2BgF1q6Ft5B2yfSjIr5fjconOjKVA7pK4dlbSlWofadlKtZzCrDz2IHFPeHJrBeAYt%2FoxmW1X5vwSlq5rR4QAXlDfNV%2FIJFWoqFHPWZHInuDox55m4cTXNAr%2BIhr%2F29CoEIedZdjBe%2FCrRknZnytou9XTfimjWFrXWv%2Fgy%2BQQDLItUxK%2FcCBNCfpPOwJms7V6D3bKMuu3OROY6Qi5TmgQ41Uh1jgjtPzkkpfFtkGF1GeXkLFF%2B97DRbG%2FdNRpMZtFVNO44fd7bKKp0lQLukMWr%2Fwq3PIdp2ma447NWQlLnzyCMvvJ9OVDFyN0aKEnH7J%2Bq%2FzxhTPrMnpkSlacGoABKJVG%2FH%2BQqP86X5eApY9SFPpNI%2B3OEJQ7eoKUgQuRGHDkDHeDUUBETRlleIu78s97%2FRWfqgqQdCQG4vlwtjkPwMmd5nzwjv%2F438%2FJGiODjKuw46GtBPNpwaZsbmxjSrYNwCXP%2Fm1CBZ7EEwhoAUXuq4InY11iB%2FpQuJ9pPompFGY%3D&u=6f09fff83e2e41c69a846f1a43fb606f&x-oss-access-key-id=STS.NTV93zazaYPStpcqjJeVfZYiN&x-oss-expires=1689882829&x-oss-signature=g6VWLaDdzLkHI%2BIQWOdw0MV0DUbAWrQiqpIXk2s%2FDBY%3D&x-oss-signature-version=OSS2,1257
1690026910,75,【原画】 巴瑞.S03E03.HD1080P.官方中字.霸王龙压制组T-Rex.mp4,https://cn-beijing-data.aliyundrive.net/0JakJYf1%2F7926%2F62837d418843bbf6a38f4a149ff539e82630dc1b%2F62837d41d2a9e55876834f90872e978957a654c5?di=bj29&dr=87242051&f=649ae937963e09e365e7480c94e75b956900f7a7&response-content-disposition=attachment%3B%20filename%2A%3DUTF-8%27%27%25E5%25B7%25B4%25E7%2591%259E.S03E03.HD1080P.%25E5%25AE%2598%25E6%2596%25B9%25E4%25B8%25AD%25E5%25AD%2597.%25E9%259C%25B8%25E7%258E%258B%25E9%25BE%2599%25E5%258E%258B%25E5%2588%25B6%25E7%25BB%2584T-Rex.mp4&security-token=CAIS%2BgF1q6Ft5B2yfSjIr5fAIMvS2O57%2FZq6Y2T90lIQeblotaudtjz2IHFPeHJrBeAYt%2FoxmW1X5vwSlq5rR4QAXlDfNXCbHlmnqFHPWZHInuDox55m4cTXNAr%2BIhr%2F29CoEIedZdjBe%2FCrRknZnytou9XTfimjWFrXWv%2Fgy%2BQQDLItUxK%2FcCBNCfpPOwJms7V6D3bKMuu3OROY6Qi5TmgQ41Uh1jgjtPzkkpfFtkGF1GeXkLFF%2B97DRbG%2FdNRpMZtFVNO44fd7bKKp0lQLukMWr%2Fwq3PIdp2ma447NWQlLnzyCMvvJ9OVDFyN0aKEnH7J%2Bq%2FzxhTPrMnpkSlacGoABcGecqBZCzC8RwNOPnpzepzBscr9dxxAGOtSfLmgb6IfnNwO20sUK1s5vGhMYBIuXJsjzwTP5rjC87F5DZ6ecpEZBJo3Bjtq%2BEubhX8ktbNZzQ24Kt2FGoGBMDylWDnEt00jUamKGcNZFSgt%2BriRoT4pwSQlebTlNjo7W4Q4qkrc%3D&u=6f09fff83e2e41c69a846f1a43fb606f&x-oss-access-key-id=STS.NTukqf51ZJXQaBL6REu6DZn6T&x-oss-expires=1690142104&x-oss-signature=%2FjYJcWSlYmG3JDA%2BHlVuFdPFEMod%2BYJAAKpfCOGRwxk%3D&x-oss-signature-version=OSS2,1345
1690026949,75,【原画】 巴瑞.S03E07.HD1080P.官方中字.霸王龙压制组T-Rex.mp4,https://cn-beijing-data.aliyundrive.net/n1BWY5bD%2F7926%2F629f2d2fc67b33bf2b7547d0869d4fa19c9be7f5%2F629f2d2fc36f1241df5a4722ba3a591fdd2deedb?di=bj29&dr=87242051&f=649ae9374de33fda9c0943ec9c3ab1412d39dd7d&response-content-disposition=attachment%3B%20filename%2A%3DUTF-8%27%27%25E5%25B7%25B4%25E7%2591%259E.S03E07.HD1080P.%25E5%25AE%2598%25E6%2596%25B9%25E4%25B8%25AD%25E5%25AD%2597.%25E9%259C%25B8%25E7%258E%258B%25E9%25BE%2599%25E5%258E%258B%25E5%2588%25B6%25E7%25BB%2584T-Rex.mp4&security-token=CAIS%2BgF1q6Ft5B2yfSjIr5bXJduMmLZQxquMRkP7lVklT95d3fPomDz2IHFPeHJrBeAYt%2FoxmW1X5vwSlq5rR4QAXlDfNQjuVFmnqFHPWZHInuDox55m4cTXNAr%2BIhr%2F29CoEIedZdjBe%2FCrRknZnytou9XTfimjWFrXWv%2Fgy%2BQQDLItUxK%2FcCBNCfpPOwJms7V6D3bKMuu3OROY6Qi5TmgQ41Uh1jgjtPzkkpfFtkGF1GeXkLFF%2B97DRbG%2FdNRpMZtFVNO44fd7bKKp0lQLukMWr%2Fwq3PIdp2ma447NWQlLnzyCMvvJ9OVDFyN0aKEnH7J%2Bq%2FzxhTPrMnpkSlacGoABIZredHaPRo%2FuWpz1o8oqtvPHnxSHLLTz36UsFMzVB4GGkL3%2BZksNRUWvBJvjmvfj8haURst7AKnEMMAoKrgYYBpo%2F%2FzITy5UznNXZHCAyth34nY7okomnzdI7YfR51YMPZHfhiPowwK6mGWm6FdV24oAI8vcRT7Yakh5oxNuA8s%3D&u=6f09fff83e2e41c69a846f1a43fb606f&x-oss-access-key-id=STS.NUbna8uiqqigDeJqYpCQq26Cz&x-oss-expires=1690142145&x-oss-signature=Mosu1MF50oQ9ODXNIe1saX6QvhGyZ7n%2FJ%2B0qwriy59s%3D&x-oss-signature-version=OSS2,1345
1690081220,13,www.lggzs.com,F:\迅雷下载\Anime\04.mkv,56
1690081439,,,F:\迅雷下载\Anime\[SAIO-Raws] Bakemonogatari 08 [BD 1920x1080 HEVC-10bit OPUSx2 ASSx4].mkv,107
1690081935,,,F:\迅雷下载\Anime\[SAIO-Raws] Nisemonogatari 02 [BD 1920x1080 HEVC-10bit OPUSx2 ASSx4].mkv,107
1690101764,,,E:\[SAIO-Raws] Monogatari Series [BD 1920x1080 HEVC-10bit OPUSx2]\P 破事精英2\08.mp4,101
1690101807,,,E:\[SAIO-Raws] Monogatari Series [BD 1920x1080 HEVC-10bit OPUSx2]\P 破事精英2\08.mp4,101
1690101816,,,E:\[SAIO-Raws] Monogatari Series [BD 1920x1080 HEVC-10bit OPUSx2]\Friends(Uncut71G)\FriendsSeason01\[老友记].Friends.S01E02.The.One.With.The.Sonogram.At.The.End.mkv,180
1690101832,,,E:\[SAIO-Raws] Monogatari Series [BD 1920x1080 HEVC-10bit OPUSx2]\我推的孩子（已完结）\[Sakurato] Oshi no Ko [01][AVC-8bit 1080p AAC][CHS].mp4,165
1690102000,,,E:\[SAIO-Raws] Monogatari Series [BD 1920x1080 HEVC-10bit OPUSx2]\我推的孩子（已完结）\[Sakurato] Oshi no Ko [01][AVC-8bit 1080p AAC][CHS].mp4,165
1690102048,,,E:\[SAIO-Raws] Monogatari Series [BD 1920x1080 HEVC-10bit OPUSx2]\P 破事精英2\08.mp4,101
1690102102,,,E:\[SAIO-Raws] Monogatari Series [BD 1920x1080 HEVC-10bit OPUSx2]\Friends(Uncut71G)\FriendsSeason01\[老友记].Friends.S01E02.The.One.With.The.Sonogram.At.The.End.mkv,180
1690102114,,,E:\[SAIO-Raws] Monogatari Series [BD 1920x1080 HEVC-10bit OPUSx2]\Friends(Uncut71G)\FriendsSeason01\[老友记].Friends.S01E02.The.One.With.The.Sonogram.At.The.End.mkv,180
1690102232,,,E:\[SAIO-Raws] Monogatari Series [BD 1920x1080 HEVC-10bit OPUSx2]\P 破事精英2\08.mp4,101
1690102257,,,E:\[SAIO-Raws] Monogatari Series [BD 1920x1080 HEVC-10bit OPUSx2]\P 破事精英2\08.mp4,101
1690102402,,,E:\[SAIO-Raws] Monogatari Series [BD 1920x1080 HEVC-10bit OPUSx2]\P 破事精英2\08.mp4,101
1690102620,,,E:\[SAIO-Raws] Monogatari Series [BD 1920x1080 HEVC-10bit OPUSx2]\P 破事精英2\08.mp4,101
1690102678,,,E:\[SAIO-Raws] Monogatari Series [BD 1920x1080 HEVC-10bit OPUSx2]\我推的孩子（已完结）\[Sakurato] Oshi no Ko [01][AVC-8bit 1080p AAC][CHS].mp4,165
1690106304,,,E:\[SAIO-Raws] Monogatari Series [BD 1920x1080 HEVC-10bit OPUSx2]\P 破事精英2\08.mp4,101
1690106343,,,E:\[SAIO-Raws] Monogatari Series [BD 1920x1080 HEVC-10bit OPUSx2]\P 破事精英2\08.mp4,101
1690106452,,,E:\[SAIO-Raws] Monogatari Series [BD 1920x1080 HEVC-10bit OPUSx2]\S 赛博朋克：边缘跑手 hdr(10集全) (高码多字幕)\1080P HDR 网飞 内封字幕\Cyberpunk.Edgerunners.S01E09.Humanity.1080p.NF.WEB-DL.DUAL.DDP5.1.HDR.H265-SMURF.mkv,255
1690106582,,,E:\[SAIO-Raws] Monogatari Series [BD 1920x1080 HEVC-10bit OPUSx2]\S 赛博朋克：边缘跑手 hdr(10集全) (高码多字幕)\1080P HDR 网飞 内封字幕\Cyberpunk.Edgerunners.S01E09.Humanity.1080p.NF.WEB-DL.DUAL.DDP5.1.HDR.H265-SMURF.mkv,255
1690106767,,,E:\[SAIO-Raws] Monogatari Series [BD 1920x1080 HEVC-10bit OPUSx2]\S 赛博朋克：边缘跑手 hdr(10集全) (高码多字幕)\1080P HDR 网飞 内封字幕\Cyberpunk.Edgerunners.S01E09.Humanity.1080p.NF.WEB-DL.DUAL.DDP5.1.HDR.H265-SMURF.mkv,255
1690106917,,,E:\[SAIO-Raws] Monogatari Series [BD 1920x1080 HEVC-10bit OPUSx2]\S 赛博朋克：边缘跑手 hdr(10集全) (高码多字幕)\1080P HDR 网飞 内封字幕\Cyberpunk.Edgerunners.S01E09.Humanity.1080p.NF.WEB-DL.DUAL.DDP5.1.HDR.H265-SMURF.mkv,255
1690106986,,,E:\[SAIO-Raws] Monogatari Series [BD 1920x1080 HEVC-10bit OPUSx2]\S 赛博朋克：边缘跑手 hdr(10集全) (高码多字幕)\1080P HDR 网飞 内封字幕\Cyberpunk.Edgerunners.S01E09.Humanity.1080p.NF.WEB-DL.DUAL.DDP5.1.HDR.H265-SMURF.mkv,255
1690107029,,,E:\[SAIO-Raws] Monogatari Series [BD 1920x1080 HEVC-10bit OPUSx2]\S 赛博朋克：边缘跑手 hdr(10集全) (高码多字幕)\1080P HDR 网飞 内封字幕\Cyberpunk.Edgerunners.S01E09.Humanity.1080p.NF.WEB-DL.DUAL.DDP5.1.HDR.H265-SMURF.mkv,255
1690107366,,,E:\[SAIO-Raws] Monogatari Series [BD 1920x1080 HEVC-10bit OPUSx2]\S 赛博朋克：边缘跑手 hdr(10集全) (高码多字幕)\1080P HDR 网飞 内封字幕\Cyberpunk.Edgerunners.S01E09.Humanity.1080p.NF.WEB-DL.DUAL.DDP5.1.HDR.H265-SMURF.mkv,255
1690107795,,,E:\[SAIO-Raws] Monogatari Series [BD 1920x1080 HEVC-10bit OPUSx2]\S 赛博朋克：边缘跑手 hdr(10集全) (高码多字幕)\1080P HDR 网飞 内封字幕\Cyberpunk.Edgerunners.S01E09.Humanity.1080p.NF.WEB-DL.DUAL.DDP5.1.HDR.H265-SMURF.mkv,255
1690107928,,,E:\[SAIO-Raws] Monogatari Series [BD 1920x1080 HEVC-10bit OPUSx2]\S 赛博朋克：边缘跑手 hdr(10集全) (高码多字幕)\1080P HDR 网飞 内封字幕\Cyberpunk.Edgerunners.S01E09.Humanity.1080p.NF.WEB-DL.DUAL.DDP5.1.HDR.H265-SMURF.mkv,255
1690108027,,,E:\[SAIO-Raws] Monogatari Series [BD 1920x1080 HEVC-10bit OPUSx2]\S 赛博朋克：边缘跑手 hdr(10集全) (高码多字幕)\1080P HDR 网飞 内封字幕\Cyberpunk.Edgerunners.S01E09.Humanity.1080p.NF.WEB-DL.DUAL.DDP5.1.HDR.H265-SMURF.mkv,255
1690108060,,,E:\[SAIO-Raws] Monogatari Series [BD 1920x1080 HEVC-10bit OPUSx2]\S 赛博朋克：边缘跑手 hdr(10集全) (高码多字幕)\1080P HDR 网飞 内封字幕\Cyberpunk.Edgerunners.S01E09.Humanity.1080p.NF.WEB-DL.DUAL.DDP5.1.HDR.H265-SMURF.mkv,255
1690108125,,,E:\[SAIO-Raws] Monogatari Series [BD 1920x1080 HEVC-10bit OPUSx2]\S 赛博朋克：边缘跑手 hdr(10集全) (高码多字幕)\1080P HDR 网飞 内封字幕\Cyberpunk.Edgerunners.S01E09.Humanity.1080p.NF.WEB-DL.DUAL.DDP5.1.HDR.H265-SMURF.mkv,255
1690108162,,,E:\[SAIO-Raws] Monogatari Series [BD 1920x1080 HEVC-10bit OPUSx2]\S 赛博朋克：边缘跑手 hdr(10集全) (高码多字幕)\1080P HDR 网飞 内封字幕\Cyberpunk.Edgerunners.S01E09.Humanity.1080p.NF.WEB-DL.DUAL.DDP5.1.HDR.H265-SMURF.mkv,255
1690108177,,,E:\[SAIO-Raws] Monogatari Series [BD 1920x1080 HEVC-10bit OPUSx2]\我推的孩子（已完结）\[Sakurato] Oshi no Ko [01][AVC-8bit 1080p AAC][CHS].mp4,165
1690108359,,,E:\[SAIO-Raws] Monogatari Series [BD 1920x1080 HEVC-10bit OPUSx2]\S 赛博朋克：边缘跑手 hdr(10集全) (高码多字幕)\1080P HDR 网飞 内封字幕\Cyberpunk.Edgerunners.S01E09.Humanity.1080p.NF.WEB-DL.DUAL.DDP5.1.HDR.H265-SMURF.mkv,255
1690108592,,,E:\[SAIO-Raws] Monogatari Series [BD 1920x1080 HEVC-10bit OPUSx2]\S 赛博朋克：边缘跑手 hdr(10集全) (高码多字幕)\1080P HDR 网飞 内封字幕\Cyberpunk.Edgerunners.S01E09.Humanity.1080p.NF.WEB-DL.DUAL.DDP5.1.HDR.H265-SMURF.mkv,255
1690108794,,,E:\[SAIO-Raws] Monogatari Series [BD 1920x1080 HEVC-10bit OPUSx2]\S 赛博朋克：边缘跑手 hdr(10集全) (高码多字幕)\1080P HDR 网飞 内封字幕\Cyberpunk.Edgerunners.S01E09.Humanity.1080p.NF.WEB-DL.DUAL.DDP5.1.HDR.H265-SMURF.mkv,255
1690108986,,,E:\[SAIO-Raws] Monogatari Series [BD 1920x1080 HEVC-10bit OPUSx2]\S 赛博朋克：边缘跑手 hdr(10集全) (高码多字幕)\1080P HDR 网飞 内封字幕\Cyberpunk.Edgerunners.S01E09.Humanity.1080p.NF.WEB-DL.DUAL.DDP5.1.HDR.H265-SMURF.mkv,255
1690109016,,,E:\[SAIO-Raws] Monogatari Series [BD 1920x1080 HEVC-10bit OPUSx2]\S 赛博朋克：边缘跑手 hdr(10集全) (高码多字幕)\1080P HDR 网飞 内封字幕\Cyberpunk.Edgerunners.S01E09.Humanity.1080p.NF.WEB-DL.DUAL.DDP5.1.HDR.H265-SMURF.mkv,255
1690109051,,,E:\[SAIO-Raws] Monogatari Series [BD 1920x1080 HEVC-10bit OPUSx2]\S 赛博朋克：边缘跑手 hdr(10集全) (高码多字幕)\1080P HDR 网飞 内封字幕\Cyberpunk.Edgerunners.S01E09.Humanity.1080p.NF.WEB-DL.DUAL.DDP5.1.HDR.H265-SMURF.mkv,255
1690109232,,,E:\[SAIO-Raws] Monogatari Series [BD 1920x1080 HEVC-10bit OPUSx2]\S 赛博朋克：边缘跑手 hdr(10集全) (高码多字幕)\1080P HDR 网飞 内封字幕\Cyberpunk.Edgerunners.S01E09.Humanity.1080p.NF.WEB-DL.DUAL.DDP5.1.HDR.H265-SMURF.mkv,255
1690109285,,,E:\[SAIO-Raws] Monogatari Series [BD 1920x1080 HEVC-10bit OPUSx2]\P 破事精英2\08.mp4,101
1690109669,,,E:\[SAIO-Raws] Monogatari Series [BD 1920x1080 HEVC-10bit OPUSx2]\P 破事精英2\08.mp4,101
1690109864,,,E:\[SAIO-Raws] Monogatari Series [BD 1920x1080 HEVC-10bit OPUSx2]\P 破事精英2\08.mp4,101
1690109932,,,E:\[SAIO-Raws] Monogatari Series [BD 1920x1080 HEVC-10bit OPUSx2]\P 破事精英2\08.mp4,101
1690109933,,,E:\[SAIO-Raws] Monogatari Series [BD 1920x1080 HEVC-10bit OPUSx2]\P 破事精英2\08.mp4,101
1690109934,,,E:\[SAIO-Raws] Monogatari Series [BD 1920x1080 HEVC-10bit OPUSx2]\P 破事精英2\08.mp4,101
1690110021,,,E:\[SAIO-Raws] Monogatari Series [BD 1920x1080 HEVC-10bit OPUSx2]\P 破事精英2\08.mp4,101
1690110092,,,E:\[SAIO-Raws] Monogatari Series [BD 1920x1080 HEVC-10bit OPUSx2]\P 破事精英2\08.mp4,101
1690110148,,,E:\[SAIO-Raws] Monogatari Series [BD 1920x1080 HEVC-10bit OPUSx2]\P 破事精英2\08.mp4,101
1690110247,,,E:\[SAIO-Raws] Monogatari Series [BD 1920x1080 HEVC-10bit OPUSx2]\P 破事精英2\08.mp4,101
1690110356,,,E:\[SAIO-Raws] Monogatari Series [BD 1920x1080 HEVC-10bit OPUSx2]\P 破事精英2\08.mp4,101
1690110487,85,【原画】 [SAIO-Raws] Nisemonogatari 03 [BD 1920x1080 HEVC-10bit OPUSx2 ASSx4].mkv,https://cn-beijing-data.aliyundrive.net/5fe5d7c3874f89d2fa7443918a7f44e88a6d08a0%2F5fe5d7c349b61ca4bcc84c98addbe5614e7f00db?di=bj29&dr=87242051&f=62f844dcb2206d3cde6e4c8c8cea33e2978f405e&response-content-disposition=attachment%3B%20filename%2A%3DUTF-8%27%27%255BSAIO-Raws%255D%2520Nisemonogatari%252003%2520%255BBD%25201920x1080%2520HEVC-10bit%2520OPUSx2%2520ASSx4%255D.mkv&security-token=CAIS%2BgF1q6Ft5B2yfSjIr5bnGNCDmu1g4fOAbGjjp0g9euVqtrHPszz2IHFPeHJrBeAYt%2FoxmW1X5vwSlq5rR4QAXlDfNTeJIzKnqFHPWZHInuDox55m4cTXNAr%2BIhr%2F29CoEIedZdjBe%2FCrRknZnytou9XTfimjWFrXWv%2Fgy%2BQQDLItUxK%2FcCBNCfpPOwJms7V6D3bKMuu3OROY6Qi5TmgQ41Uh1jgjtPzkkpfFtkGF1GeXkLFF%2B97DRbG%2FdNRpMZtFVNO44fd7bKKp0lQLukMWr%2Fwq3PIdp2ma447NWQlLnzyCMvvJ9OVDFyN0aKEnH7J%2Bq%2FzxhTPrMnpkSlacGoABXpJljMggMsLnVBl5T8w9sFy0CObkAyWGPQfHz9dt%2BifjIawnVdgLUvnf1osrKsnSFX5TzJxP%2F4JThmRGCEXjR25%2FFrb4%2FeMPav9%2FvE2DG%2ByGJ7i2jgPT8LpE3IPsEJNp%2BAmPWZV8lnzxravvGOcRHvFuNxDovfdU4NysKjZneZE%3D&u=6f09fff83e2e41c69a846f1a43fb606f&x-oss-access-key-id=STS.NURSj7w2AV1knNRCHhvjFYtdQ&x-oss-expires=1690225643&x-oss-signature=YZoBsleCm9dycAwJAmW8ggr5mNFxQfWUjdCOnp8Bb64%3D&x-oss-signature-version=OSS2,1249
1690110635,,,E:\[SAIO-Raws] Monogatari Series [BD 1920x1080 HEVC-10bit OPUSx2]\P 破事精英2\08.mp4,101
1690110666,,,E:\[SAIO-Raws] Monogatari Series [BD 1920x1080 HEVC-10bit OPUSx2]\P 破事精英2\08.mp4,101
1690110814,,,E:\[SAIO-Raws] Monogatari Series [BD 1920x1080 HEVC-10bit OPUSx2]\P 破事精英2\08.mp4,101
1690110824,,,E:\[SAIO-Raws] Monogatari Series [BD 1920x1080 HEVC-10bit OPUSx2]\P 破事精英2\08.mp4,101
1690111805,,,E:\[SAIO-Raws] Monogatari Series [BD 1920x1080 HEVC-10bit OPUSx2]\P 破事精英2\08.mp4,101
1690111968,,,E:\[SAIO-Raws] Monogatari Series [BD 1920x1080 HEVC-10bit OPUSx2]\P 破事精英2\08.mp4,101
1690112032,,,E:\[SAIO-Raws] Monogatari Series [BD 1920x1080 HEVC-10bit OPUSx2]\P 破事精英2\08.mp4,101
1690112085,,,E:\[SAIO-Raws] Monogatari Series [BD 1920x1080 HEVC-10bit OPUSx2]\Friends(Uncut71G)\FriendsSeason01\[老友记].Friends.S01E02.The.One.With.The.Sonogram.At.The.End.mkv,180
1690113151,85,【原画】 [SAIO-Raws] Nisemonogatari 04 [BD 1920x1080 HEVC-10bit OPUSx2 ASSx4].mkv,https://cn-beijing-data.aliyundrive.net/5fe5da6a12b1e3b9937c450f9402dffc54f2a240%2F5fe5da6a76c2419541e24b3ea18d81ab922e123f?di=bj29&dr=87242051&f=62f844dd98d64d68d7da4efd9a679de923859c69&response-content-disposition=attachment%3B%20filename%2A%3DUTF-8%27%27%255BSAIO-Raws%255D%2520Nisemonogatari%252004%2520%255BBD%25201920x1080%2520HEVC-10bit%2520OPUSx2%2520ASSx4%255D.mkv&security-token=CAIS%2BgF1q6Ft5B2yfSjIr5bPfOzbtOhnwpSvTETHpnkwWcgYv4Tmuzz2IHFPeHJrBeAYt%2FoxmW1X5vwSlq5rR4QAXlDfNQjbXjKnqFHPWZHInuDox55m4cTXNAr%2BIhr%2F29CoEIedZdjBe%2FCrRknZnytou9XTfimjWFrXWv%2Fgy%2BQQDLItUxK%2FcCBNCfpPOwJms7V6D3bKMuu3OROY6Qi5TmgQ41Uh1jgjtPzkkpfFtkGF1GeXkLFF%2B97DRbG%2FdNRpMZtFVNO44fd7bKKp0lQLukMWr%2Fwq3PIdp2ma447NWQlLnzyCMvvJ9OVDFyN0aKEnH7J%2Bq%2FzxhTPrMnpkSlacGoABEuwM3Z0OcIt2bBIheiMy98%2FWhpQphm7K8o5kz%2Blzp5bLGqlxcWl8yj9IqX7A7X7Nx9ywR14BH59RkDjRkZGyBdKaXIPp4IHnCCv4orVZRecxDM0v65QJg9k4hJICe6wEcIL9v7w%2BYnvxrbUFvBQ0ypahd%2BH4mLBbvHQtiiY0goY%3D&u=6f09fff83e2e41c69a846f1a43fb606f&x-oss-access-key-id=STS.NUz7VoY7FuVDNbvByeUG4PAMY&x-oss-expires=1690228328&x-oss-signature=rZtE72RAyjHWspVnMdmViQUGQVkNWrOV2r2dLK%2FmJKg%3D&x-oss-signature-version=OSS2,1245
1690113398,85,【原画】 [SAIO-Raws] Nisemonogatari 04 [BD 1920x1080 HEVC-10bit OPUSx2 ASSx4].mkv,https://cn-beijing-data.aliyundrive.net/5fe5da6a12b1e3b9937c450f9402dffc54f2a240%2F5fe5da6a76c2419541e24b3ea18d81ab922e123f?di=bj29&dr=87242051&f=62f844dd98d64d68d7da4efd9a679de923859c69&response-content-disposition=attachment%3B%20filename%2A%3DUTF-8%27%27%255BSAIO-Raws%255D%2520Nisemonogatari%252004%2520%255BBD%25201920x1080%2520HEVC-10bit%2520OPUSx2%2520ASSx4%255D.mkv&security-token=CAIS%2BgF1q6Ft5B2yfSjIr5b%2BDsDniLpR%2BpeROkLJlEshT8tfrI%2Fpszz2IHFPeHJrBeAYt%2FoxmW1X5vwSlq5rR4QAXlDfNSHxRzKnqFHPWZHInuDox55m4cTXNAr%2BIhr%2F29CoEIedZdjBe%2FCrRknZnytou9XTfimjWFrXWv%2Fgy%2BQQDLItUxK%2FcCBNCfpPOwJms7V6D3bKMuu3OROY6Qi5TmgQ41Uh1jgjtPzkkpfFtkGF1GeXkLFF%2B97DRbG%2FdNRpMZtFVNO44fd7bKKp0lQLukMWr%2Fwq3PIdp2ma447NWQlLnzyCMvvJ9OVDFyN0aKEnH7J%2Bq%2FzxhTPrMnpkSlacGoABkg8MODalN9aawoM%2FJk2HHvKidWWGDf7aR1J3P4T0ah4mwOq5IBWi%2F%2F7WCDPXOEZqGT0om0YSUWykk4RT6WCy6N2ACLblNquhgoJVwGJyKyMLBNG41iN55%2FyCRWCp0OE5YHiCmsgoQs5LJYFfRAIrtKnpRkvyT12hVuqRowEGWr0%3D&u=6f09fff83e2e41c69a846f1a43fb606f&x-oss-access-key-id=STS.NUKEzSeepMUz8dxpKtCDsCJBQ&x-oss-expires=1690228575&x-oss-signature=wcR0%2BuUKXldfKNa8TvZ%2BJ%2BxDt5W4LxICLDyf1CHWgaU%3D&x-oss-signature-version=OSS2,1255
1690113492,85,【原画】 [SAIO-Raws] Nisemonogatari 04 [BD 1920x1080 HEVC-10bit OPUSx2 ASSx4].mkv,https://cn-beijing-data.aliyundrive.net/5fe5da6a12b1e3b9937c450f9402dffc54f2a240%2F5fe5da6a76c2419541e24b3ea18d81ab922e123f?di=bj29&dr=87242051&f=62f844dd98d64d68d7da4efd9a679de923859c69&response-content-disposition=attachment%3B%20filename%2A%3DUTF-8%27%27%255BSAIO-Raws%255D%2520Nisemonogatari%252004%2520%255BBD%25201920x1080%2520HEVC-10bit%2520OPUSx2%2520ASSx4%255D.mkv&security-token=CAIS%2BgF1q6Ft5B2yfSjIr5WCcu%2Fsm69R5vTcRxXnnlUGfv9kgbPSiDz2IHFPeHJrBeAYt%2FoxmW1X5vwSlq5rR4QAXlDfNX3CVTGnqFHPWZHInuDox55m4cTXNAr%2BIhr%2F29CoEIedZdjBe%2FCrRknZnytou9XTfimjWFrXWv%2Fgy%2BQQDLItUxK%2FcCBNCfpPOwJms7V6D3bKMuu3OROY6Qi5TmgQ41Uh1jgjtPzkkpfFtkGF1GeXkLFF%2B97DRbG%2FdNRpMZtFVNO44fd7bKKp0lQLukMWr%2Fwq3PIdp2ma447NWQlLnzyCMvvJ9OVDFyN0aKEnH7J%2Bq%2FzxhTPrMnpkSlacGoABI10MK3r4JFD%2Fcfbkg0D6lTZi8QaY3oXI5Jugtrnf9lu7Glh%2BtPhEjT9PBiOR1CJnLyKWZWG2eDJzBkV5I%2FeyP3omuElfrpxFIRSjFNK9XdPohzJQd7ldP82VJtMgjurjP5U5ZRctSFRaYWwD9tP8nCfJuhpgt4pPMmZ9cRDb%2BUM%3D&u=6f09fff83e2e41c69a846f1a43fb606f&x-oss-access-key-id=STS.NV79UXvppQ67E3VzUSrpHnvyj&x-oss-expires=1690228666&x-oss-signature=vM04qasOW508BrfWBuPpoSA6lOcw2ossgaeDoy5d6GE%3D&x-oss-signature-version=OSS2,1245
1690114525,,,E:\[SAIO-Raws] Monogatari Series [BD 1920x1080 HEVC-10bit OPUSx2]\S 赛博朋克：边缘跑手 hdr(10集全) (高码多字幕)\Cyberpunk.Edgerunners.S01E06.Girl.on.Fire.1080p.NF.WEB-DL.DUAL.DDP5.1.H264-SMURF.mkv,225
1690114582,,,E:\[SAIO-Raws] Monogatari Series [BD 1920x1080 HEVC-10bit OPUSx2]\S 赛博朋克：边缘跑手 hdr(10集全) (高码多字幕)\1080P HDR 网飞 内封字幕\Cyberpunk.Edgerunners.S01E09.Humanity.1080p.NF.WEB-DL.DUAL.DDP5.1.HDR.H265-SMURF.mkv,255
1690114719,,,E:\[SAIO-Raws] Monogatari Series [BD 1920x1080 HEVC-10bit OPUSx2]\Friends(Uncut71G)\FriendsSeason01\[老友记].Friends.S01E02.The.One.With.The.Sonogram.At.The.End.mkv,180
1690114725,,,E:\[SAIO-Raws] Monogatari Series [BD 1920x1080 HEVC-10bit OPUSx2]\Friends(Uncut71G)\FriendsSeason01\[老友记].Friends.S01E02.The.One.With.The.Sonogram.At.The.End.mkv,180
1690114777,,,E:\[SAIO-Raws] Monogatari Series [BD 1920x1080 HEVC-10bit OPUSx2]\Friends(Uncut71G)\FriendsSeason01\[老友记].Friends.S01E02.The.One.With.The.Sonogram.At.The.End.mkv,180
1690114971,,,E:\[SAIO-Raws] Monogatari Series [BD 1920x1080 HEVC-10bit OPUSx2]\Friends(Uncut71G)\FriendsSeason01\[老友记].Friends.S01E02.The.One.With.The.Sonogram.At.The.End.mkv,180
1690115681,,,E:\[SAIO-Raws] Monogatari Series [BD 1920x1080 HEVC-10bit OPUSx2]\Friends(Uncut71G)\FriendsSeason01\[老友记].Friends.S01E02.The.One.With.The.Sonogram.At.The.End.mkv,180
1690115719,,,E:\[SAIO-Raws] Monogatari Series [BD 1920x1080 HEVC-10bit OPUSx2]\亚特兰大 第一季 Atlanta Season 1 (2016)\S01E10.mp4,136
1690172275,27,http://wataru.bbs.topzj.com,D:\360Downloads\魔神英雄传（神龙斗士）\魔神英雄传1\第1集 救世主是小学四年级生.mkv,151
1690172516,,,E:\[SAIO-Raws] Monogatari Series [BD 1920x1080 HEVC-10bit OPUSx2]\P 破事精英2\08.mp4,101
1690172744,,,E:\[SAIO-Raws] Monogatari Series [BD 1920x1080 HEVC-10bit OPUSx2]\P 破事精英2\08.mp4,101
1690172788,,,E:\[SAIO-Raws] Monogatari Series [BD 1920x1080 HEVC-10bit OPUSx2]\P 破事精英2\08.mp4,101
1690172800,,,E:\[SAIO-Raws] Monogatari Series [BD 1920x1080 HEVC-10bit OPUSx2]\P 破事精英2\08.mp4,101
1690172841,,,E:\[SAIO-Raws] Monogatari Series [BD 1920x1080 HEVC-10bit OPUSx2]\P 破事精英2\08.mp4,101
1690172879,,,E:\[SAIO-Raws] Monogatari Series [BD 1920x1080 HEVC-10bit OPUSx2]\P 破事精英2\08.mp4,101
1690172892,,,E:\[SAIO-Raws] Monogatari Series [BD 1920x1080 HEVC-10bit OPUSx2]\P 破事精英2\08.mp4,101
1690173251,,,E:\[SAIO-Raws] Monogatari Series [BD 1920x1080 HEVC-10bit OPUSx2]\P 破事精英2\08.mp4,101
1690173285,,,E:\[SAIO-Raws] Monogatari Series [BD 1920x1080 HEVC-10bit OPUSx2]\P 破事精英2\08.mp4,101
1690173406,,,E:\[SAIO-Raws] Monogatari Series [BD 1920x1080 HEVC-10bit OPUSx2]\P 破事精英2\08.mp4,101
1690173491,,,E:\[SAIO-Raws] Monogatari Series [BD 1920x1080 HEVC-10bit OPUSx2]\P 破事精英2\08.mp4,101
1690174289,,,E:\[SAIO-Raws] Monogatari Series [BD 1920x1080 HEVC-10bit OPUSx2]\P 破事精英2\08.mp4,101
1690174320,,,E:\[SAIO-Raws] Monogatari Series [BD 1920x1080 HEVC-10bit OPUSx2]\S 赛博朋克：边缘跑手 hdr(10集全) (高码多字幕)\1080P HDR 网飞 内封字幕\Cyberpunk.Edgerunners.S01E09.Humanity.1080p.NF.WEB-DL.DUAL.DDP5.1.HDR.H265-SMURF.mkv,255
1690174340,,,E:\[SAIO-Raws] Monogatari Series [BD 1920x1080 HEVC-10bit OPUSx2]\S 赛博朋克：边缘跑手 hdr(10集全) (高码多字幕)\1080P HDR 网飞 内封字幕\Cyberpunk.Edgerunners.S01E09.Humanity.1080p.NF.WEB-DL.DUAL.DDP5.1.HDR.H265-SMURF.mkv,255
1690174501,,,E:\[SAIO-Raws] Monogatari Series [BD 1920x1080 HEVC-10bit OPUSx2]\S 赛博朋克：边缘跑手 hdr(10集全) (高码多字幕)\1080P HDR 网飞 内封字幕\Cyberpunk.Edgerunners.S01E09.Humanity.1080p.NF.WEB-DL.DUAL.DDP5.1.HDR.H265-SMURF.mkv,255
1690174547,,,E:\[SAIO-Raws] Monogatari Series [BD 1920x1080 HEVC-10bit OPUSx2]\S 赛博朋克：边缘跑手 hdr(10集全) (高码多字幕)\1080P HDR 网飞 内封字幕\Cyberpunk.Edgerunners.S01E09.Humanity.1080p.NF.WEB-DL.DUAL.DDP5.1.HDR.H265-SMURF.mkv,255
1690174566,,,E:\[SAIO-Raws] Monogatari Series [BD 1920x1080 HEVC-10bit OPUSx2]\S 赛博朋克：边缘跑手 hdr(10集全) (高码多字幕)\1080P HDR 网飞 内封字幕\Cyberpunk.Edgerunners.S01E09.Humanity.1080p.NF.WEB-DL.DUAL.DDP5.1.HDR.H265-SMURF.mkv,255
1690174577,,,E:\[SAIO-Raws] Monogatari Series [BD 1920x1080 HEVC-10bit OPUSx2]\P 破事精英2\08.mp4,101
1690174599,,,E:\[SAIO-Raws] Monogatari Series [BD 1920x1080 HEVC-10bit OPUSx2]\M 弥留之国的爱丽丝 1-2季全\弥留之国的爱丽丝 第一季（2020）4K\1080P\弥留之国的爱丽丝.今際の国のアリス シーズン.2020.S01E06.1080p.H264-MapoTofu.mp4,267
1690174692,,,E:\[SAIO-Raws] Monogatari Series [BD 1920x1080 HEVC-10bit OPUSx2]\M 弥留之国的爱丽丝 1-2季全\弥留之国的爱丽丝 第一季（2020）4K\1080P\弥留之国的爱丽丝.今際の国のアリス シーズン.2020.S01E06.1080p.H264-MapoTofu.mp4,267
1690174724,,,E:\[SAIO-Raws] Monogatari Series [BD 1920x1080 HEVC-10bit OPUSx2]\M 弥留之国的爱丽丝 1-2季全\弥留之国的爱丽丝 第一季（2020）4K\1080P\弥留之国的爱丽丝.今際の国のアリス シーズン.2020.S01E06.1080p.H264-MapoTofu.mp4,267
1690174729,,,E:\[SAIO-Raws] Monogatari Series [BD 1920x1080 HEVC-10bit OPUSx2]\M 弥留之国的爱丽丝 1-2季全\弥留之国的爱丽丝 第一季（2020）4K\1080P\弥留之国的爱丽丝.今際の国のアリス シーズン.2020.S01E06.1080p.H264-MapoTofu.mp4,267
1690174772,,,E:\[SAIO-Raws] Monogatari Series [BD 1920x1080 HEVC-10bit OPUSx2]\M 弥留之国的爱丽丝 1-2季全\弥留之国的爱丽丝 第一季（2020）4K\1080P\弥留之国的爱丽丝.今際の国のアリス シーズン.2020.S01E06.1080p.H264-MapoTofu.mp4,267
1690174834,,,E:\[SAIO-Raws] Monogatari Series [BD 1920x1080 HEVC-10bit OPUSx2]\M 弥留之国的爱丽丝 1-2季全\弥留之国的爱丽丝 第一季（2020）4K\1080P\弥留之国的爱丽丝.今際の国のアリス シーズン.2020.S01E06.1080p.H264-MapoTofu.mp4,267
1690174846,,,E:\[SAIO-Raws] Monogatari Series [BD 1920x1080 HEVC-10bit OPUSx2]\P 破事精英2\08.mp4,101
1690174864,,,E:\[SAIO-Raws] Monogatari Series [BD 1920x1080 HEVC-10bit OPUSx2]\P 破事精英2\08.mp4,101
1690174889,,,E:\[SAIO-Raws] Monogatari Series [BD 1920x1080 HEVC-10bit OPUSx2]\P 破事精英2\08.mp4,101
1690175026,,,E:\[SAIO-Raws] Monogatari Series [BD 1920x1080 HEVC-10bit OPUSx2]\S 赛博朋克：边缘跑手 hdr(10集全) (高码多字幕)\1080P HDR 网飞 内封字幕\Cyberpunk.Edgerunners.S01E09.Humanity.1080p.NF.WEB-DL.DUAL.DDP5.1.HDR.H265-SMURF.mkv,255
1690175043,,,E:\[SAIO-Raws] Monogatari Series [BD 1920x1080 HEVC-10bit OPUSx2]\我推的孩子（已完结）\[Sakurato] Oshi no Ko [01][AVC-8bit 1080p AAC][CHS].mp4,165
1690175412,,,E:\[SAIO-Raws] Monogatari Series [BD 1920x1080 HEVC-10bit OPUSx2]\我推的孩子（已完结）\[Sakurato] Oshi no Ko [01][AVC-8bit 1080p AAC][CHS].mp4,165
1690176152,,,E:\[SAIO-Raws] Monogatari Series [BD 1920x1080 HEVC-10bit OPUSx2]\我推的孩子（已完结）\[Sakurato] Oshi no Ko [01][AVC-8bit 1080p AAC][CHS].mp4,165
1690176165,,,E:\[SAIO-Raws] Monogatari Series [BD 1920x1080 HEVC-10bit OPUSx2]\我推的孩子（已完结）\[Sakurato] Oshi no Ko [01][AVC-8bit 1080p AAC][CHS].mp4,165
1690176168,,,E:\[SAIO-Raws] Monogatari Series [BD 1920x1080 HEVC-10bit OPUSx2]\我推的孩子（已完结）\[Sakurato] Oshi no Ko [01][AVC-8bit 1080p AAC][CHS].mp4,165
1690176316,,,E:\[SAIO-Raws] Monogatari Series [BD 1920x1080 HEVC-10bit OPUSx2]\我推的孩子（已完结）\[Sakurato] Oshi no Ko [01][AVC-8bit 1080p AAC][CHS].mp4,165
1690176365,,,E:\[SAIO-Raws] Monogatari Series [BD 1920x1080 HEVC-10bit OPUSx2]\我推的孩子（已完结）\[Sakurato] Oshi no Ko [01][AVC-8bit 1080p AAC][CHS].mp4,165
1690176433,,,E:\[SAIO-Raws] Monogatari Series [BD 1920x1080 HEVC-10bit OPUSx2]\我推的孩子（已完结）\[Sakurato] Oshi no Ko [01][AVC-8bit 1080p AAC][CHS].mp4,165
1690176461,,,E:\[SAIO-Raws] Monogatari Series [BD 1920x1080 HEVC-10bit OPUSx2]\我推的孩子（已完结）\[Sakurato] Oshi no Ko [01][AVC-8bit 1080p AAC][CHS].mp4,165
1690176469,,,E:\[SAIO-Raws] Monogatari Series [BD 1920x1080 HEVC-10bit OPUSx2]\我推的孩子（已完结）\[Sakurato] Oshi no Ko [01][AVC-8bit 1080p AAC][CHS].mp4,165
1690180900,,,E:\[SAIO-Raws] Monogatari Series [BD 1920x1080 HEVC-10bit OPUSx2]\我推的孩子（已完结）\[Sakurato] Oshi no Ko [01][AVC-8bit 1080p AAC][CHS].mp4,165
1690180967,,,E:\[SAIO-Raws] Monogatari Series [BD 1920x1080 HEVC-10bit OPUSx2]\我推的孩子（已完结）\[Sakurato] Oshi no Ko [01][AVC-8bit 1080p AAC][CHS].mp4,165
1690181006,,,E:\[SAIO-Raws] Monogatari Series [BD 1920x1080 HEVC-10bit OPUSx2]\我推的孩子（已完结）\[Sakurato] Oshi no Ko [01][AVC-8bit 1080p AAC][CHS].mp4,165
1690181352,,,E:\[SAIO-Raws] Monogatari Series [BD 1920x1080 HEVC-10bit OPUSx2]\P 破事精英2\08.mp4,101
1690181404,,,E:\[SAIO-Raws] Monogatari Series [BD 1920x1080 HEVC-10bit OPUSx2]\P 破事精英2\08.mp4,101
1690181530,,,E:\[SAIO-Raws] Monogatari Series [BD 1920x1080 HEVC-10bit OPUSx2]\S 赛博朋克：边缘跑手 hdr(10集全) (高码多字幕)\1080P HDR 网飞 内封字幕\Cyberpunk.Edgerunners.S01E09.Humanity.1080p.NF.WEB-DL.DUAL.DDP5.1.HDR.H265-SMURF.mkv,255
1690185086,,,E:\[SAIO-Raws] Monogatari Series [BD 1920x1080 HEVC-10bit OPUSx2]\P 破事精英2\08.mp4,101
1690185117,,,E:\[SAIO-Raws] Monogatari Series [BD 1920x1080 HEVC-10bit OPUSx2]\P 破事精英2\08.mp4,101
1690185127,,,E:\[SAIO-Raws] Monogatari Series [BD 1920x1080 HEVC-10bit OPUSx2]\P 破事精英2\08.mp4,101
1690185139,,,E:\[SAIO-Raws] Monogatari Series [BD 1920x1080 HEVC-10bit OPUSx2]\P 破事精英2\08.mp4,101
1690185149,,,E:\[SAIO-Raws] Monogatari Series [BD 1920x1080 HEVC-10bit OPUSx2]\P 破事精英2\08.mp4,101
1690185285,,,E:\[SAIO-Raws] Monogatari Series [BD 1920x1080 HEVC-10bit OPUSx2]\P 破事精英2\08.mp4,101
1690185495,,,E:\[SAIO-Raws] Monogatari Series [BD 1920x1080 HEVC-10bit OPUSx2]\P 破事精英2\08.mp4,101
1690185602,,,E:\[SAIO-Raws] Monogatari Series [BD 1920x1080 HEVC-10bit OPUSx2]\P 破事精英2\08.mp4,101
1690185691,,,E:\[SAIO-Raws] Monogatari Series [BD 1920x1080 HEVC-10bit OPUSx2]\P 破事精英2\08.mp4,101
1690185958,,,E:\[SAIO-Raws] Monogatari Series [BD 1920x1080 HEVC-10bit OPUSx2]\P 破事精英2\08.mp4,101
1690186334,,,E:\[SAIO-Raws] Monogatari Series [BD 1920x1080 HEVC-10bit OPUSx2]\P 破事精英2\08.mp4,101
1690186898,,,E:\[SAIO-Raws] Monogatari Series [BD 1920x1080 HEVC-10bit OPUSx2]\P 破事精英2\08.mp4,101
1690187050,,,E:\[SAIO-Raws] Monogatari Series [BD 1920x1080 HEVC-10bit OPUSx2]\P 破事精英2\08.mp4,101
1690187083,,,E:\[SAIO-Raws] Monogatari Series [BD 1920x1080 HEVC-10bit OPUSx2]\P 破事精英2\08.mp4,101
1690187099,,,E:\[SAIO-Raws] Monogatari Series [BD 1920x1080 HEVC-10bit OPUSx2]\P 破事精英2\08.mp4,101
1690187149,,,E:\[SAIO-Raws] Monogatari Series [BD 1920x1080 HEVC-10bit OPUSx2]\P 破事精英2\08.mp4,101
1690187176,,,E:\[SAIO-Raws] Monogatari Series [BD 1920x1080 HEVC-10bit OPUSx2]\P 破事精英2\08.mp4,101
1690187239,,,E:\[SAIO-Raws] Monogatari Series [BD 1920x1080 HEVC-10bit OPUSx2]\P 破事精英2\08.mp4,101
1690187373,,,E:\[SAIO-Raws] Monogatari Series [BD 1920x1080 HEVC-10bit OPUSx2]\P 破事精英2\08.mp4,101
1690187446,,,E:\[SAIO-Raws] Monogatari Series [BD 1920x1080 HEVC-10bit OPUSx2]\P 破事精英2\08.mp4,101
1690187468,,,E:\[SAIO-Raws] Monogatari Series [BD 1920x1080 HEVC-10bit OPUSx2]\P 破事精英2\08.mp4,101
1690187536,,,E:\[SAIO-Raws] Monogatari Series [BD 1920x1080 HEVC-10bit OPUSx2]\P 破事精英2\08.mp4,101
1690187548,,,E:\[SAIO-Raws] Monogatari Series [BD 1920x1080 HEVC-10bit OPUSx2]\P 破事精英2\08.mp4,101
1690187563,,,E:\[SAIO-Raws] Monogatari Series [BD 1920x1080 HEVC-10bit OPUSx2]\P 破事精英2\08.mp4,101
1690187580,,,E:\[SAIO-Raws] Monogatari Series [BD 1920x1080 HEVC-10bit OPUSx2]\P 破事精英2\08.mp4,101
1690187898,,,E:\[SAIO-Raws] Monogatari Series [BD 1920x1080 HEVC-10bit OPUSx2]\P 破事精英2\08.mp4,101
1690187933,,,E:\[SAIO-Raws] Monogatari Series [BD 1920x1080 HEVC-10bit OPUSx2]\P 破事精英2\08.mp4,101
1690188004,,,E:\[SAIO-Raws] Monogatari Series [BD 1920x1080 HEVC-10bit OPUSx2]\P 破事精英2\08.mp4,101
1690188051,,,E:\[SAIO-Raws] Monogatari Series [BD 1920x1080 HEVC-10bit OPUSx2]\P 破事精英2\08.mp4,101
1690188253,,,E:\[SAIO-Raws] Monogatari Series [BD 1920x1080 HEVC-10bit OPUSx2]\P 破事精英2\08.mp4,101
1690188280,,,E:\[SAIO-Raws] Monogatari Series [BD 1920x1080 HEVC-10bit OPUSx2]\P 破事精英2\08.mp4,101
1690188306,,,E:\[SAIO-Raws] Monogatari Series [BD 1920x1080 HEVC-10bit OPUSx2]\P 破事精英2\08.mp4,101
1690189440,,,E:\[SAIO-Raws] Monogatari Series [BD 1920x1080 HEVC-10bit OPUSx2]\P 破事精英2\08.mp4,101
1690189518,,,E:\[SAIO-Raws] Monogatari Series [BD 1920x1080 HEVC-10bit OPUSx2]\P 破事精英2\08.mp4,101
1690189587,,,E:\[SAIO-Raws] Monogatari Series [BD 1920x1080 HEVC-10bit OPUSx2]\P 破事精英2\08.mp4,101
1690189622,,,E:\[SAIO-Raws] Monogatari Series [BD 1920x1080 HEVC-10bit OPUSx2]\P 破事精英2\08.mp4,101
1690189649,,,E:\[SAIO-Raws] Monogatari Series [BD 1920x1080 HEVC-10bit OPUSx2]\P 破事精英2\08.mp4,101
1690189673,,,E:\[SAIO-Raws] Monogatari Series [BD 1920x1080 HEVC-10bit OPUSx2]\P 破事精英2\08.mp4,101
1690189689,,,E:\[SAIO-Raws] Monogatari Series [BD 1920x1080 HEVC-10bit OPUSx2]\P 破事精英2\08.mp4,101
1690189703,,,E:\[SAIO-Raws] Monogatari Series [BD 1920x1080 HEVC-10bit OPUSx2]\P 破事精英2\08.mp4,101
1690189722,,,E:\[SAIO-Raws] Monogatari Series [BD 1920x1080 HEVC-10bit OPUSx2]\P 破事精英2\08.mp4,101
1690189761,,,E:\[SAIO-Raws] Monogatari Series [BD 1920x1080 HEVC-10bit OPUSx2]\P 破事精英2\08.mp4,101
1690189831,,,E:\[SAIO-Raws] Monogatari Series [BD 1920x1080 HEVC-10bit OPUSx2]\P 破事精英2\08.mp4,101
1690189891,,,E:\[SAIO-Raws] Monogatari Series [BD 1920x1080 HEVC-10bit OPUSx2]\P 破事精英2\08.mp4,101
1690189941,,,E:\[SAIO-Raws] Monogatari Series [BD 1920x1080 HEVC-10bit OPUSx2]\P 破事精英2\08.mp4,101
1690189978,,,E:\[SAIO-Raws] Monogatari Series [BD 1920x1080 HEVC-10bit OPUSx2]\Friends(Uncut71G)\FriendsSeason01\[老友记].Friends.S01E02.The.One.With.The.Sonogram.At.The.End.mkv,180
1690190082,,,E:\[SAIO-Raws] Monogatari Series [BD 1920x1080 HEVC-10bit OPUSx2]\P 破事精英2\08.mp4,101
1690190100,,,E:\[SAIO-Raws] Monogatari Series [BD 1920x1080 HEVC-10bit OPUSx2]\P 破事精英2\08.mp4,101
1690190143,,,E:\[SAIO-Raws] Monogatari Series [BD 1920x1080 HEVC-10bit OPUSx2]\P 破事精英2\08.mp4,101
1690190655,,,E:\[SAIO-Raws] Monogatari Series [BD 1920x1080 HEVC-10bit OPUSx2]\02.伪物语\[SAIO-Raws] Nisemonogatari 02 [BD 1920x1080 HEVC-10bit OPUSx2 ASSx4].mkv,164
1690190766,27,http://wataru.bbs.topzj.com,D:\360Downloads\魔神英雄传（神龙斗士）\魔神英雄传1\第2集 找到怪奇球了！.mkv,142
1690191055,,,E:\[SAIO-Raws] Monogatari Series [BD 1920x1080 HEVC-10bit OPUSx2]\02.伪物语\[SAIO-Raws] Nisemonogatari 02 [BD 1920x1080 HEVC-10bit OPUSx2 ASSx4].mkv,164
1690191115,27,http://wataru.bbs.topzj.com,D:\360Downloads\魔神英雄传（神龙斗士）\魔神英雄传1\第2集 找到怪奇球了！.mkv,142
1690191186,27,http://wataru.bbs.topzj.com,D:\360Downloads\魔神英雄传（神龙斗士）\魔神英雄传1\第2集 找到怪奇球了！.mkv,142
1690191315,,,F:\迅雷下载\D【德凯奥特曼】4K\德凯奥特曼.S01E08.4K.H265.AAC_影视分享屋.mkv,108
1690191374,,,F:\迅雷下载\白夜追凶.9.0.Day.and.Night.EP01-32.2017.2160p.WEB-DL.H265.AAC-FLTTH\E07.mp4,108
1690191770,85,【原画】 [SAIO-Raws] Nisemonogatari 05 [BD 1920x1080 HEVC-10bit OPUSx2 ASSx4].mkv,https://cn-beijing-data.aliyundrive.net/5fe5daafca5f5d44558e46aaac20cea597c9480f%2F5fe5daaf82c39045eb1f4f19b9c9e52246b5c621?di=bj29&dr=87242051&f=62f844dd742a88586943464084b09cd8ed519987&response-content-disposition=attachment%3B%20filename%2A%3DUTF-8%27%27%255BSAIO-Raws%255D%2520Nisemonogatari%252005%2520%255BBD%25201920x1080%2520HEVC-10bit%2520OPUSx2%2520ASSx4%255D.mkv&security-token=CAIS%2BgF1q6Ft5B2yfSjIr5eEOd%2Fnv41w3q3eRnDwrGYidL0fuvHyqTz2IHFPeHJrBeAYt%2FoxmW1X5vwSlq5rR4QAXlDfNVDtfgunqFHPWZHInuDox55m4cTXNAr%2BIhr%2F29CoEIedZdjBe%2FCrRknZnytou9XTfimjWFrXWv%2Fgy%2BQQDLItUxK%2FcCBNCfpPOwJms7V6D3bKMuu3OROY6Qi5TmgQ41Uh1jgjtPzkkpfFtkGF1GeXkLFF%2B97DRbG%2FdNRpMZtFVNO44fd7bKKp0lQLukMWr%2Fwq3PIdp2ma447NWQlLnzyCMvvJ9OVDFyN0aKEnH7J%2Bq%2FzxhTPrMnpkSlacGoABKVSC91QqmpzdNMGInJ65CUZ%2BwHYCVaPSVXyLCqka73JqBO%2F6%2FmTzBUSWLNfhghOaaEhMJNz3z5jPvQNty%2BdJ%2Bl5xwpSznW9RljJLy2QOGgsw97xo1P7wDtuinnzVU2PLs5iSGiMvEaHKfCeY0K0jYyp74zHfT2fybFiHDWRJ50Y%3D&u=6f09fff83e2e41c69a846f1a43fb606f&x-oss-access-key-id=STS.NT1reSRRQio5DVAHfwx23U4YK&x-oss-expires=1690306945&x-oss-signature=%2FbghWyk21x4P1HOaJmLQ%2BBLinhU8trYMHUZ9mVtGAt0%3D&x-oss-signature-version=OSS2,1251
1690192415,,,E:\[SAIO-Raws] Monogatari Series [BD 1920x1080 HEVC-10bit OPUSx2]\02.伪物语\[SAIO-Raws] Nisemonogatari 02 [BD 1920x1080 HEVC-10bit OPUSx2 ASSx4].mkv,164
1690192819,90,【原画】 [老友记].Friends.S01E05.The.One.With.The.East.German.Laundry.Detergent.mkv,https://cn-beijing-data.aliyundrive.net/9c3gtBj6%2F9195957%2F6089818c37b5fc7ce8a3406f97ac315780d40412%2F6089818c4523c0d58c864150b94f72a6bd52859c?di=bj29&dr=87242051&f=64883d4429cd2784e18141cab8a57db2274160f4&response-content-disposition=attachment%3B%20filename%2A%3DUTF-8%27%27%255B%25E8%2580%2581%25E5%258F%258B%25E8%25AE%25B0%255D.Friends.S01E05.The.One.With.The.East.German.Laundry.Detergent.mkv&security-token=CAIS%2BgF1q6Ft5B2yfSjIr5DAJILDtY1Az6m7R06Ek2sjWf9WpY79hDz2IHFPeHJrBeAYt%2FoxmW1X5vwSlq5rR4QAXlDfNXO%2BYAunqFHPWZHInuDox55m4cTXNAr%2BIhr%2F29CoEIedZdjBe%2FCrRknZnytou9XTfimjWFrXWv%2Fgy%2BQQDLItUxK%2FcCBNCfpPOwJms7V6D3bKMuu3OROY6Qi5TmgQ41Uh1jgjtPzkkpfFtkGF1GeXkLFF%2B97DRbG%2FdNRpMZtFVNO44fd7bKKp0lQLukMWr%2Fwq3PIdp2ma447NWQlLnzyCMvvJ9OVDFyN0aKEnH7J%2Bq%2FzxhTPrMnpkSlacGoABfQZaUMuQwoBmMkuE%2ByuJq3iYagg7GL8s4bLF%2Bon%2FJVc%2BEcX68HQZQYPf5ov08TYfhBpqhWZjDT3GclLJVZSWLYZoxiEq4caYfFLKY27dPIpVERYa9SVkk5WmGCjmZZxB1kYrBnGdgohSNzj4YxDQH0GkmJCXcV9YdZhYGHlzwc8%3D&u=6f09fff83e2e41c69a846f1a43fb606f&x-oss-access-key-id=STS.NSuo8wXRaxkPEh5wkvUpzJKVf&x-oss-expires=1690308019&x-oss-signature=IoXtEC5xAORir9Kd0tmWvekI2IzFTuG58SnwKsb6BPY%3D&x-oss-signature-version=OSS2,1276
1690194260,65,【原画】 [老友记].Friends.S01E06.The.One.With.The.Butt.mkv,https://cn-beijing-data.aliyundrive.net/dQe1ENBH%2F94632211%2F608b6212ddb44cdb35b4415f88894beb3f78fffa%2F608b6212ca2b1795ff4047ff98bbdaf1ae233da7?di=bj29&dr=87242051&f=64883d4496053acecc7a49149b8aec0e9943afc0&response-content-disposition=attachment%3B%20filename%2A%3DUTF-8%27%27%255B%25E8%2580%2581%25E5%258F%258B%25E8%25AE%25B0%255D.Friends.S01E06.The.One.With.The.Butt.mkv&security-token=CAIS%2BgF1q6Ft5B2yfSjIr5bnOfD5pewU4YisU2KCsUsWObpLhrz%2Fmjz2IHFPeHJrBeAYt%2FoxmW1X5vwSlq5rR4QAXlDfNQjaawqnqFHPWZHInuDox55m4cTXNAr%2BIhr%2F29CoEIedZdjBe%2FCrRknZnytou9XTfimjWFrXWv%2Fgy%2BQQDLItUxK%2FcCBNCfpPOwJms7V6D3bKMuu3OROY6Qi5TmgQ41Uh1jgjtPzkkpfFtkGF1GeXkLFF%2B97DRbG%2FdNRpMZtFVNO44fd7bKKp0lQLukMWr%2Fwq3PIdp2ma447NWQlLnzyCMvvJ9OVDFyN0aKEnH7J%2Bq%2FzxhTPrMnpkSlacGoABA1MVWOot70XnfnmQHPb%2FfAFjMK18HcPXijP%2BM4lk9BqHLKjs0OvkUOhNONc3lSAiD1swxmoTH3vDj3Q%2BFfxxn7tB0JEA8tIMX9AOXNcpQhf7Mr7BPEpgj5N7vBOWiO1k3ewET5pGhmQwGR4sUymoeIOgp1HHGzwWOenumrIOtkk%3D&u=6f09fff83e2e41c69a846f1a43fb606f&x-oss-access-key-id=STS.NURrJMH35VJGQD3UKC55giyTx&x-oss-expires=1690309460&x-oss-signature=E%2FxvwKsrpHEvt2VkK51eEv1XfdKgPkstaPLTDKmzSzc%3D&x-oss-signature-version=OSS2,1227
1690195216,71,【原画】 [老友记].Friends.S01E12.The.One.With.Dozen.Lasagnes.mkv,https://cn-beijing-data.aliyundrive.net/zryBxECI%2F9195957%2F608985babe315672a3004c6d95ee22118bdc7093%2F608985ba0460995771864a599aa8d2da1648bd6e?di=bj29&dr=87242051&f=64883d44eaf964ed57414766817595c8c1f461ce&response-content-disposition=attachment%3B%20filename%2A%3DUTF-8%27%27%255B%25E8%2580%2581%25E5%258F%258B%25E8%25AE%25B0%255D.Friends.S01E12.The.One.With.Dozen.Lasagnes.mkv&security-token=CAIS%2BgF1q6Ft5B2yfSjIr5baO%2FbFvZd02fazdU6InmsdYuZiuY%2FMhTz2IHFPeHJrBeAYt%2FoxmW1X5vwSlq5rR4QAXlDfNR%2F3ZgunqFHPWZHInuDox55m4cTXNAr%2BIhr%2F29CoEIedZdjBe%2FCrRknZnytou9XTfimjWFrXWv%2Fgy%2BQQDLItUxK%2FcCBNCfpPOwJms7V6D3bKMuu3OROY6Qi5TmgQ41Uh1jgjtPzkkpfFtkGF1GeXkLFF%2B97DRbG%2FdNRpMZtFVNO44fd7bKKp0lQLukMWr%2Fwq3PIdp2ma447NWQlLnzyCMvvJ9OVDFyN0aKEnH7J%2Bq%2FzxhTPrMnpkSlacGoABdjyXJbi1FGPVS4hN3lSpRSeJMEtlqRJi0v%2FKuMleI5sHKRR%2F%2Fw8mD8UelyRu0EUGgVylmW98O2DFd2cEPw5rYBak8BST%2BNGNFv6YrA%2BKH0vZrrS2xShS8Z%2BSBzyP17cP8PyZJfaoSe6NMKkn%2BrV70TV0iOGQ%2FqLOqRTOvgpiW7Y%3D&u=6f09fff83e2e41c69a846f1a43fb606f&x-oss-access-key-id=STS.NUopLqPHUn4Xwh9zkHniNVJgg&x-oss-expires=1690310416&x-oss-signature=VzTNIv56pUJ6zsLwehGCASzCcBBOd1y9kMlf78xwEdk%3D&x-oss-signature-version=OSS2,1250
1690195392,71,【原画】 [老友记].Friends.S01E12.The.One.With.Dozen.Lasagnes.mkv,E:\[SAIO-Raws] Monogatari Series [BD 1920x1080 HEVC-10bit OPUSx2]\Friends(Uncut71G)\FriendsSeason01\[老友记].Friends.S01E02.The.One.With.The.Sonogram.At.The.End.mkv,253
1690195400,71,【原画】 [老友记].Friends.S01E12.The.One.With.Dozen.Lasagnes.mkv,E:\[SAIO-Raws] Monogatari Series [BD 1920x1080 HEVC-10bit OPUSx2]\Friends(Uncut71G)\FriendsSeason01\[老友记].Friends.S01E02.The.One.With.The.Sonogram.At.The.End.mkv,253
1690195403,71,【原画】 [老友记].Friends.S01E12.The.One.With.Dozen.Lasagnes.mkv,E:\[SAIO-Raws] Monogatari Series [BD 1920x1080 HEVC-10bit OPUSx2]\Friends(Uncut71G)\FriendsSeason01\[老友记].Friends.S01E02.The.One.With.The.Sonogram.At.The.End.mkv,253
1690195405,71,【原画】 [老友记].Friends.S01E12.The.One.With.Dozen.Lasagnes.mkv,F:\迅雷下载\D【德凯奥特曼】4K\德凯奥特曼.S01E08.4K.H265.AAC_影视分享屋.mkv,181
1690195453,71,【原画】 [老友记].Friends.S01E12.The.One.With.Dozen.Lasagnes.mkv,F:\迅雷下载\Anime\04.mkv,114
1690195479,71,【原画】 [老友记].Friends.S01E12.The.One.With.Dozen.Lasagnes.mkv,D:\360Downloads\魔神英雄传（神龙斗士）\魔神英雄传1\第2集 找到怪奇球了！.mkv,186
1690195499,71,【原画】 [老友记].Friends.S01E12.The.One.With.Dozen.Lasagnes.mkv,https://cn-beijing-data.aliyundrive.net/9c3gtBj6%2F9195957%2F6089818c37b5fc7ce8a3406f97ac315780d40412%2F6089818c4523c0d58c864150b94f72a6bd52859c?di=bj29&dr=87242051&f=64883d4429cd2784e18141cab8a57db2274160f4&response-content-disposition=attachment%3B%20filename%2A%3DUTF-8%27%27%255B%25E8%2580%2581%25E5%258F%258B%25E8%25AE%25B0%255D.Friends.S01E05.The.One.With.The.East.German.Laundry.Detergent.mkv&security-token=CAIS%2BgF1q6Ft5B2yfSjIr5DAJILDtY1Az6m7R06Ek2sjWf9WpY79hDz2IHFPeHJrBeAYt%2FoxmW1X5vwSlq5rR4QAXlDfNXO%2BYAunqFHPWZHInuDox55m4cTXNAr%2BIhr%2F29CoEIedZdjBe%2FCrRknZnytou9XTfimjWFrXWv%2Fgy%2BQQDLItUxK%2FcCBNCfpPOwJms7V6D3bKMuu3OROY6Qi5TmgQ41Uh1jgjtPzkkpfFtkGF1GeXkLFF%2B97DRbG%2FdNRpMZtFVNO44fd7bKKp0lQLukMWr%2Fwq3PIdp2ma447NWQlLnzyCMvvJ9OVDFyN0aKEnH7J%2Bq%2FzxhTPrMnpkSlacGoABfQZaUMuQwoBmMkuE%2ByuJq3iYagg7GL8s4bLF%2Bon%2FJVc%2BEcX68HQZQYPf5ov08TYfhBpqhWZjDT3GclLJVZSWLYZoxiEq4caYfFLKY27dPIpVERYa9SVkk5WmGCjmZZxB1kYrBnGdgohSNzj4YxDQH0GkmJCXcV9YdZhYGHlzwc8%3D&u=6f09fff83e2e41c69a846f1a43fb606f&x-oss-access-key-id=STS.NSuo8wXRaxkPEh5wkvUpzJKVf&x-oss-expires=1690308019&x-oss-signature=IoXtEC5xAORir9Kd0tmWvekI2IzFTuG58SnwKsb6BPY%3D&x-oss-signature-version=OSS2,1257
1690195588,,,F:\迅雷下载\白夜追凶.9.0.Day.and.Night.EP01-32.2017.2160p.WEB-DL.H265.AAC-FLTTH\E07.mp4,108
1690195621,,,F:\迅雷下载\白夜追凶.9.0.Day.and.Night.EP01-32.2017.2160p.WEB-DL.H265.AAC-FLTTH\E07.mp4,108
1690195685,,,E:\[SAIO-Raws] Monogatari Series [BD 1920x1080 HEVC-10bit OPUSx2]\P 破事精英2\08.mp4,101
1690195851,,,E:\[SAIO-Raws] Monogatari Series [BD 1920x1080 HEVC-10bit OPUSx2]\P 破事精英2\08.mp4,101
1690195857,,,E:\[SAIO-Raws] Monogatari Series [BD 1920x1080 HEVC-10bit OPUSx2]\02.伪物语\[SAIO-Raws] Nisemonogatari 02 [BD 1920x1080 HEVC-10bit OPUSx2 ASSx4].mkv,164
1690195911,,,E:\[SAIO-Raws] Monogatari Series [BD 1920x1080 HEVC-10bit OPUSx2]\P 破事精英2\08.mp4,101
1690195914,,,E:\[SAIO-Raws] Monogatari Series [BD 1920x1080 HEVC-10bit OPUSx2]\02.伪物语\[SAIO-Raws] Nisemonogatari 02 [BD 1920x1080 HEVC-10bit OPUSx2 ASSx4].mkv,164
1690195921,,,E:\[SAIO-Raws] Monogatari Series [BD 1920x1080 HEVC-10bit OPUSx2]\P 破事精英2\08.mp4,101
1690196262,68,【原画】 Never.Give.Up.2023.E01.WEB-DL.4K.H265.DDP.AAC-KLWNH.mp4,https://cn-beijing-data.aliyundrive.net/VEchZFWe%2F21090340%2F63f5eb821528e89955454560a3df59d400b7fb1b%2F63f5eb8285f8f31ed1e3472498436d950c8c6497?di=bj29&dr=87242051&f=64be591687c0f01cd54b48019f0b0fddbc179f94&response-content-disposition=attachment%3B%20filename%2A%3DUTF-8%27%27Never.Give.Up.2023.E01.WEB-DL.4K.H265.DDP.AAC-KLWNH.mp4&security-token=CAIS%2BgF1q6Ft5B2yfSjIr5faHOrfm4lZjqq%2BbVL2gVE2XstF2IbRlTz2IHFPeHJrBeAYt%2FoxmW1X5vwSlq5rR4QAXlDfNT3jdwunqFHPWZHInuDox55m4cTXNAr%2BIhr%2F29CoEIedZdjBe%2FCrRknZnytou9XTfimjWFrXWv%2Fgy%2BQQDLItUxK%2FcCBNCfpPOwJms7V6D3bKMuu3OROY6Qi5TmgQ41Uh1jgjtPzkkpfFtkGF1GeXkLFF%2B97DRbG%2FdNRpMZtFVNO44fd7bKKp0lQLukMWr%2Fwq3PIdp2ma447NWQlLnzyCMvvJ9OVDFyN0aKEnH7J%2Bq%2FzxhTPrMnpkSlacGoABORcj6AvJRDKiqqzym2RsSG9yKvhQhnDWYZEcMTZXKkVNHLq%2Fy6wWgiC6KGqBXgWoic6ku7DLiK7ynGMMdIQI9Fo0SsE3eG4R%2FaDcA2LLu3b6bY1G4mGOS2NGoYJTSucX4kxNriiE28ePwY3DJO0msW2GEUBUZQ%2FhF4JdpLQdc0E%3D&u=6f09fff83e2e41c69a846f1a43fb606f&x-oss-access-key-id=STS.NToWPkvVx9hUotGeQcRDi7Czw&x-oss-expires=1690311461&x-oss-signature=X3v1cz3A8h5%2FLYrl%2BkxQL0gzbhT0IILBeLvW5pPwW%2Bk%3D&x-oss-signature-version=OSS2,1193
1690198609,68,【原画】 Never.Give.Up.2023.E02.WEB-DL.4K.H265.DDP.AAC-KLWNH.mp4,https://cn-beijing-data.aliyundrive.net/62gv8zwX%2F21090340%2F63f5ec0076a4e0be26e244f4b821bc26e976bf03%2F63f5ec0040408f609bc54612ae4a943e273c4a92?di=bj29&dr=87242051&f=64be591721c1c9ad056d4f13afdcb413a2489530&response-content-disposition=attachment%3B%20filename%2A%3DUTF-8%27%27Never.Give.Up.2023.E02.WEB-DL.4K.H265.DDP.AAC-KLWNH.mp4&security-token=CAIS%2BgF1q6Ft5B2yfSjIr5bnOfD5pewU4YisU2KCsUsWObpLhrz%2Fmjz2IHFPeHJrBeAYt%2FoxmW1X5vwSlq5rR4QAXlDfNQjaawqnqFHPWZHInuDox55m4cTXNAr%2BIhr%2F29CoEIedZdjBe%2FCrRknZnytou9XTfimjWFrXWv%2Fgy%2BQQDLItUxK%2FcCBNCfpPOwJms7V6D3bKMuu3OROY6Qi5TmgQ41Uh1jgjtPzkkpfFtkGF1GeXkLFF%2B97DRbG%2FdNRpMZtFVNO44fd7bKKp0lQLukMWr%2Fwq3PIdp2ma447NWQlLnzyCMvvJ9OVDFyN0aKEnH7J%2Bq%2FzxhTPrMnpkSlacGoABA1MVWOot70XnfnmQHPb%2FfAFjMK18HcPXijP%2BM4lk9BqHLKjs0OvkUOhNONc3lSAiD1swxmoTH3vDj3Q%2BFfxxn7tB0JEA8tIMX9AOXNcpQhf7Mr7BPEpgj5N7vBOWiO1k3ewET5pGhmQwGR4sUymoeIOgp1HHGzwWOenumrIOtkk%3D&u=6f09fff83e2e41c69a846f1a43fb606f&x-oss-access-key-id=STS.NURrJMH35VJGQD3UKC55giyTx&x-oss-expires=1690313807&x-oss-signature=A%2FxtSR9c%2F%2BemhtIrZYHOH%2FuJCHUgYBTPh5EJOgbDcyQ%3D&x-oss-signature-version=OSS2,1195
1690199725,68,【原画】 Never.Give.Up.2023.E03.WEB-DL.4K.H265.DDP.AAC-KLWNH.mp4,https://cn-beijing-data.aliyundrive.net/5pdGIHVh%2F21090340%2F63f5eca9605d4dab548f486f8f38d1cd04780936%2F63f5eca9d8a34de533a24439b6012a278770b765?di=bj29&dr=87242051&f=64be5916320a460a840d4d8fbdc4f00925f2b4eb&response-content-disposition=attachment%3B%20filename%2A%3DUTF-8%27%27Never.Give.Up.2023.E03.WEB-DL.4K.H265.DDP.AAC-KLWNH.mp4&security-token=CAIS%2BgF1q6Ft5B2yfSjIr5aGJt7sibhR34GDVEzEkXEfYrhJ3IjYiDz2IHFPeHJrBeAYt%2FoxmW1X5vwSlq5rR4QAXlDfNQfdeAqnqFHPWZHInuDox55m4cTXNAr%2BIhr%2F29CoEIedZdjBe%2FCrRknZnytou9XTfimjWFrXWv%2Fgy%2BQQDLItUxK%2FcCBNCfpPOwJms7V6D3bKMuu3OROY6Qi5TmgQ41Uh1jgjtPzkkpfFtkGF1GeXkLFF%2B97DRbG%2FdNRpMZtFVNO44fd7bKKp0lQLukMWr%2Fwq3PIdp2ma447NWQlLnzyCMvvJ9OVDFyN0aKEnH7J%2Bq%2FzxhTPrMnpkSlacGoABeUMvEpyX8imGpo7e3vqR3NnpsxUD63%2BHcdFffg2CyEUEtYfin2Lu4NFJdc6cWBSkrODRLj6QIIoNXORCSIuEjHkBUI%2FIwi6%2FB3YYtiVRIhoYeByMs4mHUleO3LI9cfXglIj5zWe4zlnMclzsmJ%2B5IAuLcajFJRfINxCHEVd5bKA%3D&u=6f09fff83e2e41c69a846f1a43fb606f&x-oss-access-key-id=STS.NU3mdXdgphChVjuuqJn7e3Msj&x-oss-expires=1690314921&x-oss-signature=JrwbypNVe0BOh5OZlP5FIMJBKgmR3Cl0iNLkZwC7eIc%3D&x-oss-signature-version=OSS2,1187
1690201099,68,【原画】 Never.Give.Up.2023.E04.WEB-DL.4K.H265.DDP.AAC-KLWNH.mp4,https://cn-beijing-data.aliyundrive.net/v4UiDXrl%2F21090340%2F63f5ed4143a56d8484d54320902410fe79d3d409%2F63f5ed419816c975d5c94e38af8d8766717324a7?di=bj29&dr=87242051&f=64be5917dcee1919045b47c9923b992b92205f04&response-content-disposition=attachment%3B%20filename%2A%3DUTF-8%27%27Never.Give.Up.2023.E04.WEB-DL.4K.H265.DDP.AAC-KLWNH.mp4&security-token=CAIS%2BgF1q6Ft5B2yfSjIr5WHIej12pUY2oy6YHzVnENmau1t3aLnkjz2IHFPeHJrBeAYt%2FoxmW1X5vwSlq5rR4QAXlDfNRriEAunqFHPWZHInuDox55m4cTXNAr%2BIhr%2F29CoEIedZdjBe%2FCrRknZnytou9XTfimjWFrXWv%2Fgy%2BQQDLItUxK%2FcCBNCfpPOwJms7V6D3bKMuu3OROY6Qi5TmgQ41Uh1jgjtPzkkpfFtkGF1GeXkLFF%2B97DRbG%2FdNRpMZtFVNO44fd7bKKp0lQLukMWr%2Fwq3PIdp2ma447NWQlLnzyCMvvJ9OVDFyN0aKEnH7J%2Bq%2FzxhTPrMnpkSlacGoABiONmnUK7ktFZ6sYBH40Qi7pafidLSm6Ze60BMDlPe5PjFXmUB16sxNqiIa98ntmCwpOli3eJxNrQMiYuvdwjGDOp3vlRk%2FETJdxuZCro6axgjRx904IKgNzA8bYKAqxUAYqSdmvumLDPeEJ7f1YQurHJXXtrv1dcaJPMg7nVojg%3D&u=6f09fff83e2e41c69a846f1a43fb606f&x-oss-access-key-id=STS.NV2jRA7J9mNQbZdxC3fbA2gLp&x-oss-expires=1690316297&x-oss-signature=uQFuLvRwhe%2FLaJQAzQ0%2BOJHgf1zjSR6lJf3rSkU%2Fk4k%3D&x-oss-signature-version=OSS2,1187
1690202195,68,【原画】 Never.Give.Up.2023.E05.WEB-DL.4K.H265.DDP.AAC-KLWNH.mp4,https://cn-beijing-data.aliyundrive.net/NncqpOQ6%2F21090340%2F63f5e96655d2750c8a8047b1a962f85afbb571b4%2F63f5e966a43182b223ea4dc1888d8b65fd9e3279?di=bj29&dr=87242051&f=64be59169f803e2ee4874fadada43761e8115c1f&response-content-disposition=attachment%3B%20filename%2A%3DUTF-8%27%27Never.Give.Up.2023.E05.WEB-DL.4K.H265.DDP.AAC-KLWNH.mp4&security-token=CAIS%2BgF1q6Ft5B2yfSjIr5eMAfLd1JdAzpiBY2CFvFkbYfxD3IiS0Tz2IHFPeHJrBeAYt%2FoxmW1X5vwSlq5rR4QAXlDfNUGfLAunqFHPWZHInuDox55m4cTXNAr%2BIhr%2F29CoEIedZdjBe%2FCrRknZnytou9XTfimjWFrXWv%2Fgy%2BQQDLItUxK%2FcCBNCfpPOwJms7V6D3bKMuu3OROY6Qi5TmgQ41Uh1jgjtPzkkpfFtkGF1GeXkLFF%2B97DRbG%2FdNRpMZtFVNO44fd7bKKp0lQLukMWr%2Fwq3PIdp2ma447NWQlLnzyCMvvJ9OVDFyN0aKEnH7J%2Bq%2FzxhTPrMnpkSlacGoABiZM6mAAwnN%2B6w%2FZNUQIWlVNCVQHJmAwUXRnexpGIQ0o%2B%2B6ycUMQJ4lTHgRK26TslL4xPorFh0Hi7Rl%2Fb%2B2TYGvBFk2Mch4s1HN%2FxUqmDy4GqwPKSkeKNSoyTNX1ZGrxgvVuBnblgM%2B8Fu%2FBoobtLqemeNQN5%2Bq5B2iNkAUc75o4%3D&u=6f09fff83e2e41c69a846f1a43fb606f&x-oss-access-key-id=STS.NT9JHi9HayZjaF4XYNmso3M93&x-oss-expires=1690317393&x-oss-signature=9%2B3EbViiEv4Ho87Zoi%2Bp31qj52aRZj1L6P29Cwt74K0%3D&x-oss-signature-version=OSS2,1203
1690202216,68,【原画】 Never.Give.Up.2023.E01.WEB-DL.4K.H265.DDP.AAC-KLWNH.mp4,https://cn-beijing-data.aliyundrive.net/VEchZFWe%2F21090340%2F63f5eb821528e89955454560a3df59d400b7fb1b%2F63f5eb8285f8f31ed1e3472498436d950c8c6497?di=bj29&dr=87242051&f=64be591687c0f01cd54b48019f0b0fddbc179f94&response-content-disposition=attachment%3B%20filename%2A%3DUTF-8%27%27Never.Give.Up.2023.E01.WEB-DL.4K.H265.DDP.AAC-KLWNH.mp4&security-token=CAIS%2BgF1q6Ft5B2yfSjIr5bwHY7uv4pQ5pTdeE%2F3tU5jf8VGtvCcsTz2IHFPeHJrBeAYt%2FoxmW1X5vwSlq5rR4QAXlDfNQaPFgunqFHPWZHInuDox55m4cTXNAr%2BIhr%2F29CoEIedZdjBe%2FCrRknZnytou9XTfimjWFrXWv%2Fgy%2BQQDLItUxK%2FcCBNCfpPOwJms7V6D3bKMuu3OROY6Qi5TmgQ41Uh1jgjtPzkkpfFtkGF1GeXkLFF%2B97DRbG%2FdNRpMZtFVNO44fd7bKKp0lQLukMWr%2Fwq3PIdp2ma447NWQlLnzyCMvvJ9OVDFyN0aKEnH7J%2Bq%2FzxhTPrMnpkSlacGoABX1z02fEIuZnItVofZByMgJAamcmsHuzcsMNtV0NzNuobPXKd2Ue13fV7H9%2BMjrZn5s8RsmZYaPR9w4YiDYd6QJZp58q10NAJxNwql653v%2Bw9yuc5ohDo6cXCKiQZv9WUwHSLkCF2Q%2BcAGLS8uYQl3wZyGe6F7UVLH%2BVDi0yTc%2F8%3D&u=6f09fff83e2e41c69a846f1a43fb606f&x-oss-access-key-id=STS.NUEV4ZRUqQV6ziFQN6sJjY57S&x-oss-expires=1690317416&x-oss-signature=ctz53r2sWh2%2FX%2Bn8qvyq6l2WXRXDu9MlinW0QmKepNQ%3D&x-oss-signature-version=OSS2,1195
1690202264,68,【原画】 Never.Give.Up.2023.E05.WEB-DL.4K.H265.DDP.AAC-KLWNH.mp4,https://cn-beijing-data.aliyundrive.net/NncqpOQ6%2F21090340%2F63f5e96655d2750c8a8047b1a962f85afbb571b4%2F63f5e966a43182b223ea4dc1888d8b65fd9e3279?di=bj29&dr=87242051&f=64be59169f803e2ee4874fadada43761e8115c1f&response-content-disposition=attachment%3B%20filename%2A%3DUTF-8%27%27Never.Give.Up.2023.E05.WEB-DL.4K.H265.DDP.AAC-KLWNH.mp4&security-token=CAIS%2BgF1q6Ft5B2yfSjIr5blAYKBm7FjhbKDV23bi2MEVsNUh6f7oDz2IHFPeHJrBeAYt%2FoxmW1X5vwSlq5rR4QAXlDfNQGLawqnqFHPWZHInuDox55m4cTXNAr%2BIhr%2F29CoEIedZdjBe%2FCrRknZnytou9XTfimjWFrXWv%2Fgy%2BQQDLItUxK%2FcCBNCfpPOwJms7V6D3bKMuu3OROY6Qi5TmgQ41Uh1jgjtPzkkpfFtkGF1GeXkLFF%2B97DRbG%2FdNRpMZtFVNO44fd7bKKp0lQLukMWr%2Fwq3PIdp2ma447NWQlLnzyCMvvJ9OVDFyN0aKEnH7J%2Bq%2FzxhTPrMnpkSlacGoABWTS8vmg2mAwNjQvc9Lumbgc95yNds%2BNenVH9%2Fybs4f8ZAX5IB9gyEeXdI7f658N8yI2PNXeTec61M14bRJgLemFkFq2pv367xG0j%2BFwBowe%2FkEUOUxfAojaWXs%2Ff3YAl7fdnudv9F%2FjwgrAQRkzzQYuYYlP673tZENC1uwNO0no%3D&u=6f09fff83e2e41c69a846f1a43fb606f&x-oss-access-key-id=STS.NUPJ85vnB2phUKjocQZLxhbPB&x-oss-expires=1690317463&x-oss-signature=IwYe%2F1QCN8KYmZJtUZnZiUyVzcNmTC6DMT8cNtcLBEw%3D&x-oss-signature-version=OSS2,1193
1690203043,68,【原画】 Never.Give.Up.2023.E06.WEB-DL.4K.H265.DDP.AAC-KLWNH.mp4,https://cn-beijing-data.aliyundrive.net/DGNL3kuH%2F21090340%2F63f5eaf1de372a3d21c94c439476a6bf2623fd3d%2F63f5eaf1d4bc8e110c3d4483a83e6a773865fbf0?di=bj29&dr=87242051&f=64be5916bd7a3a8e47a344fc8649edd0924ae510&response-content-disposition=attachment%3B%20filename%2A%3DUTF-8%27%27Never.Give.Up.2023.E06.WEB-DL.4K.H265.DDP.AAC-KLWNH.mp4&security-token=CAIS%2BgF1q6Ft5B2yfSjIr5DAJILDtY1Az6m7R06Ek2sjWf9WpY79hDz2IHFPeHJrBeAYt%2FoxmW1X5vwSlq5rR4QAXlDfNXO%2BYAunqFHPWZHInuDox55m4cTXNAr%2BIhr%2F29CoEIedZdjBe%2FCrRknZnytou9XTfimjWFrXWv%2Fgy%2BQQDLItUxK%2FcCBNCfpPOwJms7V6D3bKMuu3OROY6Qi5TmgQ41Uh1jgjtPzkkpfFtkGF1GeXkLFF%2B97DRbG%2FdNRpMZtFVNO44fd7bKKp0lQLukMWr%2Fwq3PIdp2ma447NWQlLnzyCMvvJ9OVDFyN0aKEnH7J%2Bq%2FzxhTPrMnpkSlacGoABfQZaUMuQwoBmMkuE%2ByuJq3iYagg7GL8s4bLF%2Bon%2FJVc%2BEcX68HQZQYPf5ov08TYfhBpqhWZjDT3GclLJVZSWLYZoxiEq4caYfFLKY27dPIpVERYa9SVkk5WmGCjmZZxB1kYrBnGdgohSNzj4YxDQH0GkmJCXcV9YdZhYGHlzwc8%3D&u=6f09fff83e2e41c69a846f1a43fb606f&x-oss-access-key-id=STS.NSuo8wXRaxkPEh5wkvUpzJKVf&x-oss-expires=1690318242&x-oss-signature=K5J1nUnNDAEa5a%2B2T18%2Btfkg5vZxQA7E%2B2w%2FKHLjfvA%3D&x-oss-signature-version=OSS2,1197
1690203685,68,【原画】 Never.Give.Up.2023.E07.WEB-DL.4K.H265.DDP.AAC-KLWNH.mp4,https://cn-beijing-data.aliyundrive.net/ZSbEOGVR%2F21090340%2F63f5d0beeebc06417f9947cca2767b3ad7090454%2F63f5d0befbd11b2aa93f41e2b546619bcdf14463?di=bj29&dr=87242051&f=64be5917b1b3ce1ba59342c88d8e12f6023cdef3&response-content-disposition=attachment%3B%20filename%2A%3DUTF-8%27%27Never.Give.Up.2023.E07.WEB-DL.4K.H265.DDP.AAC-KLWNH.mp4&security-token=CAIS%2BgF1q6Ft5B2yfSjIr5fyesvCrJ5KgfSDZGfJ12k9W%2Bp%2BuvPpijz2IHFPeHJrBeAYt%2FoxmW1X5vwSlq5rR4QAXlDfNUyTKAunqFHPWZHInuDox55m4cTXNAr%2BIhr%2F29CoEIedZdjBe%2FCrRknZnytou9XTfimjWFrXWv%2Fgy%2BQQDLItUxK%2FcCBNCfpPOwJms7V6D3bKMuu3OROY6Qi5TmgQ41Uh1jgjtPzkkpfFtkGF1GeXkLFF%2B97DRbG%2FdNRpMZtFVNO44fd7bKKp0lQLukMWr%2Fwq3PIdp2ma447NWQlLnzyCMvvJ9OVDFyN0aKEnH7J%2Bq%2FzxhTPrMnpkSlacGoABbhjshoz0R75Z0oAYAR5EWjeF3FzJxVvovwkYoQt3fy%2B3%2FUsNwU73QIAJtsaAWQxVuhjHR2x%2FdfjXMuRDpfbZ1AWwUPk2qOlike3hb2oT5GzQcVQQGZUr%2Fav57%2FwSECN8Bl5ZGQdzkmjmB7jCOwEhZPXwf%2FYB0keEWQbHxvZBZd0%3D&u=6f09fff83e2e41c69a846f1a43fb606f&x-oss-access-key-id=STS.NTG1qvAAk66hfAx3ihWeRU6Bh&x-oss-expires=1690318884&x-oss-signature=dxuJGU6w51wpfEvFx6I13bz3esla7qWbbtsRR25yCIo%3D&x-oss-signature-version=OSS2,1195
1690278254,,,E:\[SAIO-Raws] Monogatari Series [BD 1920x1080 HEVC-10bit OPUSx2]\P 破事精英2\08.mp4,101
1690278347,,,E:\[SAIO-Raws] Monogatari Series [BD 1920x1080 HEVC-10bit OPUSx2]\P 破事精英2\08.mp4,101
1690278365,,,E:\[SAIO-Raws] Monogatari Series [BD 1920x1080 HEVC-10bit OPUSx2]\P 破事精英2\08.mp4,101
1690278394,,,E:\[SAIO-Raws] Monogatari Series [BD 1920x1080 HEVC-10bit OPUSx2]\P 破事精英2\08.mp4,101
1690278425,,,E:\[SAIO-Raws] Monogatari Series [BD 1920x1080 HEVC-10bit OPUSx2]\P 破事精英2\08.mp4,101
1690278499,,,E:\[SAIO-Raws] Monogatari Series [BD 1920x1080 HEVC-10bit OPUSx2]\P 破事精英2\08.mp4,101
1690278560,,,E:\[SAIO-Raws] Monogatari Series [BD 1920x1080 HEVC-10bit OPUSx2]\P 破事精英2\08.mp4,101
1690278720,,,E:\[SAIO-Raws] Monogatari Series [BD 1920x1080 HEVC-10bit OPUSx2]\P 破事精英2\08.mp4,101
1690278777,,,E:\[SAIO-Raws] Monogatari Series [BD 1920x1080 HEVC-10bit OPUSx2]\P 破事精英2\08.mp4,101
1690278812,,,F:\迅雷下载\白夜追凶.9.0.Day.and.Night.EP01-32.2017.2160p.WEB-DL.H265.AAC-FLTTH\E07.mp4,108
1690278839,27,http://wataru.bbs.topzj.com,D:\360Downloads\魔神英雄传（神龙斗士）\魔神英雄传1\第2集 找到怪奇球了！.mkv,142
1690278859,,,E:\[SAIO-Raws] Monogatari Series [BD 1920x1080 HEVC-10bit OPUSx2]\S 赛博朋克：边缘跑手 hdr(10集全) (高码多字幕)\1080P HDR 网飞 内封字幕\Cyberpunk.Edgerunners.S01E09.Humanity.1080p.NF.WEB-DL.DUAL.DDP5.1.HDR.H265-SMURF.mkv,255
